-------------------------------------------------------------------------------
Test set: com.mls.workflow.controller.ProcessControllerTest
-------------------------------------------------------------------------------
Tests run: 9, Failures: 9, Errors: 0, Skipped: 0, Time elapsed: 0.866 s <<< FAILURE! -- in com.mls.workflow.controller.ProcessControllerTest
com.mls.workflow.controller.ProcessControllerTest.testStartProcess_TarefaUpsert_ShouldReturn202 -- Time elapsed: 0.201 s <<< FAILURE!
java.lang.AssertionError: Status expected:<202> but was:<400>
	at org.springframework.test.util.AssertionErrors.fail(AssertionErrors.java:59)
	at org.springframework.test.util.AssertionErrors.assertEquals(AssertionErrors.java:122)
	at org.springframework.test.web.servlet.result.StatusResultMatchers.lambda$matcher$9(StatusResultMatchers.java:637)
	at org.springframework.test.web.servlet.MockMvc$1.andExpect(MockMvc.java:214)
	at com.mls.workflow.controller.ProcessControllerTest.testStartProcess_TarefaUpsert_ShouldReturn202(ProcessControllerTest.java:132)
	at java.base/java.lang.reflect.Method.invoke(Method.java:565)
	at java.base/java.util.ArrayList.forEach(ArrayList.java:1604)
	at java.base/java.util.ArrayList.forEach(ArrayList.java:1604)

com.mls.workflow.controller.ProcessControllerTest.testStartProcess_MissingPayloadForCreate_ShouldReturn400 -- Time elapsed: 0.048 s <<< FAILURE!
java.lang.AssertionError: No value at JSON path "$.errors.payload"
	at org.springframework.test.util.JsonPathExpectationsHelper.evaluateJsonPath(JsonPathExpectationsHelper.java:302)
	at org.springframework.test.util.JsonPathExpectationsHelper.assertExistsAndReturn(JsonPathExpectationsHelper.java:326)
	at org.springframework.test.util.JsonPathExpectationsHelper.exists(JsonPathExpectationsHelper.java:190)
	at org.springframework.test.web.servlet.result.JsonPathResultMatchers.lambda$exists$3(JsonPathResultMatchers.java:123)
	at org.springframework.test.web.servlet.MockMvc$1.andExpect(MockMvc.java:214)
	at com.mls.workflow.controller.ProcessControllerTest.testStartProcess_MissingPayloadForCreate_ShouldReturn400(ProcessControllerTest.java:228)
	at java.base/java.lang.reflect.Method.invoke(Method.java:565)
	at java.base/java.util.ArrayList.forEach(ArrayList.java:1604)
	at java.base/java.util.ArrayList.forEach(ArrayList.java:1604)
Caused by: com.jayway.jsonpath.PathNotFoundException: No results for path: $['errors']['payload']

com.mls.workflow.controller.ProcessControllerTest.testStartProcess_ReadOperation_ShouldReturn202 -- Time elapsed: 0.005 s <<< FAILURE!
java.lang.AssertionError: Status expected:<202> but was:<400>
	at org.springframework.test.util.AssertionErrors.fail(AssertionErrors.java:59)
	at org.springframework.test.util.AssertionErrors.assertEquals(AssertionErrors.java:122)
	at org.springframework.test.web.servlet.result.StatusResultMatchers.lambda$matcher$9(StatusResultMatchers.java:637)
	at org.springframework.test.web.servlet.MockMvc$1.andExpect(MockMvc.java:214)
	at com.mls.workflow.controller.ProcessControllerTest.testStartProcess_ReadOperation_ShouldReturn202(ProcessControllerTest.java:152)
	at java.base/java.lang.reflect.Method.invoke(Method.java:565)
	at java.base/java.util.ArrayList.forEach(ArrayList.java:1604)
	at java.base/java.util.ArrayList.forEach(ArrayList.java:1604)

com.mls.workflow.controller.ProcessControllerTest.testStartProcess_MissingIdForRead_ShouldReturn400 -- Time elapsed: 0.004 s <<< FAILURE!
java.lang.AssertionError: No value at JSON path "$.errors.id"
	at org.springframework.test.util.JsonPathExpectationsHelper.evaluateJsonPath(JsonPathExpectationsHelper.java:302)
	at org.springframework.test.util.JsonPathExpectationsHelper.assertExistsAndReturn(JsonPathExpectationsHelper.java:326)
	at org.springframework.test.util.JsonPathExpectationsHelper.exists(JsonPathExpectationsHelper.java:190)
	at org.springframework.test.web.servlet.result.JsonPathResultMatchers.lambda$exists$3(JsonPathResultMatchers.java:123)
	at org.springframework.test.web.servlet.MockMvc$1.andExpect(MockMvc.java:214)
	at com.mls.workflow.controller.ProcessControllerTest.testStartProcess_MissingIdForRead_ShouldReturn400(ProcessControllerTest.java:214)
	at java.base/java.lang.reflect.Method.invoke(Method.java:565)
	at java.base/java.util.ArrayList.forEach(ArrayList.java:1604)
	at java.base/java.util.ArrayList.forEach(ArrayList.java:1604)
Caused by: com.jayway.jsonpath.PathNotFoundException: No results for path: $['errors']['id']

com.mls.workflow.controller.ProcessControllerTest.testStartProcess_DeleteOperation_ShouldReturn202 -- Time elapsed: 0.006 s <<< FAILURE!
java.lang.AssertionError: Status expected:<202> but was:<400>
	at org.springframework.test.util.AssertionErrors.fail(AssertionErrors.java:59)
	at org.springframework.test.util.AssertionErrors.assertEquals(AssertionErrors.java:122)
	at org.springframework.test.web.servlet.result.StatusResultMatchers.lambda$matcher$9(StatusResultMatchers.java:637)
	at org.springframework.test.web.servlet.MockMvc$1.andExpect(MockMvc.java:214)
	at com.mls.workflow.controller.ProcessControllerTest.testStartProcess_DeleteOperation_ShouldReturn202(ProcessControllerTest.java:196)
	at java.base/java.lang.reflect.Method.invoke(Method.java:565)
	at java.base/java.util.ArrayList.forEach(ArrayList.java:1604)
	at java.base/java.util.ArrayList.forEach(ArrayList.java:1604)

com.mls.workflow.controller.ProcessControllerTest.should_return_202_on_valid_body_and_start_process -- Time elapsed: 0.005 s <<< FAILURE!
java.lang.AssertionError: Status expected:<202> but was:<400>
	at org.springframework.test.util.AssertionErrors.fail(AssertionErrors.java:59)
	at org.springframework.test.util.AssertionErrors.assertEquals(AssertionErrors.java:122)
	at org.springframework.test.web.servlet.result.StatusResultMatchers.lambda$matcher$9(StatusResultMatchers.java:637)
	at org.springframework.test.web.servlet.MockMvc$1.andExpect(MockMvc.java:214)
	at com.mls.workflow.controller.ProcessControllerTest.should_return_202_on_valid_body_and_start_process(ProcessControllerTest.java:92)
	at java.base/java.lang.reflect.Method.invoke(Method.java:565)
	at java.base/java.util.ArrayList.forEach(ArrayList.java:1604)
	at java.base/java.util.ArrayList.forEach(ArrayList.java:1604)

com.mls.workflow.controller.ProcessControllerTest.testStartProcess_TarefaLowercase_ShouldReturn202 -- Time elapsed: 0.006 s <<< FAILURE!
java.lang.AssertionError: Status expected:<202> but was:<400>
	at org.springframework.test.util.AssertionErrors.fail(AssertionErrors.java:59)
	at org.springframework.test.util.AssertionErrors.assertEquals(AssertionErrors.java:122)
	at org.springframework.test.web.servlet.result.StatusResultMatchers.lambda$matcher$9(StatusResultMatchers.java:637)
	at org.springframework.test.web.servlet.MockMvc$1.andExpect(MockMvc.java:214)
	at com.mls.workflow.controller.ProcessControllerTest.testStartProcess_TarefaLowercase_ShouldReturn202(ProcessControllerTest.java:111)
	at java.base/java.lang.reflect.Method.invoke(Method.java:565)
	at java.base/java.util.ArrayList.forEach(ArrayList.java:1604)
	at java.base/java.util.ArrayList.forEach(ArrayList.java:1604)

com.mls.workflow.controller.ProcessControllerTest.testStartProcess_UpdateOperation_ShouldReturn202 -- Time elapsed: 0.007 s <<< FAILURE!
java.lang.AssertionError: Status expected:<202> but was:<400>
	at org.springframework.test.util.AssertionErrors.fail(AssertionErrors.java:59)
	at org.springframework.test.util.AssertionErrors.assertEquals(AssertionErrors.java:122)
	at org.springframework.test.web.servlet.result.StatusResultMatchers.lambda$matcher$9(StatusResultMatchers.java:637)
	at org.springframework.test.web.servlet.MockMvc$1.andExpect(MockMvc.java:214)
	at com.mls.workflow.controller.ProcessControllerTest.testStartProcess_UpdateOperation_ShouldReturn202(ProcessControllerTest.java:175)
	at java.base/java.lang.reflect.Method.invoke(Method.java:565)
	at java.base/java.util.ArrayList.forEach(ArrayList.java:1604)
	at java.base/java.util.ArrayList.forEach(ArrayList.java:1604)

com.mls.workflow.controller.ProcessControllerTest.should_return_400_on_invalid_body_and_not_start_process -- Time elapsed: 0.005 s <<< FAILURE!
java.lang.AssertionError: No value at JSON path "$.errors['payload.nome']"
	at org.springframework.test.util.JsonPathExpectationsHelper.evaluateJsonPath(JsonPathExpectationsHelper.java:302)
	at org.springframework.test.util.JsonPathExpectationsHelper.assertExistsAndReturn(JsonPathExpectationsHelper.java:326)
	at org.springframework.test.util.JsonPathExpectationsHelper.exists(JsonPathExpectationsHelper.java:190)
	at org.springframework.test.web.servlet.result.JsonPathResultMatchers.lambda$exists$3(JsonPathResultMatchers.java:123)
	at org.springframework.test.web.servlet.MockMvc$1.andExpect(MockMvc.java:214)
	at com.mls.workflow.controller.ProcessControllerTest.should_return_400_on_invalid_body_and_not_start_process(ProcessControllerTest.java:63)
	at java.base/java.lang.reflect.Method.invoke(Method.java:565)
	at java.base/java.util.ArrayList.forEach(ArrayList.java:1604)
	at java.base/java.util.ArrayList.forEach(ArrayList.java:1604)
Caused by: com.jayway.jsonpath.PathNotFoundException: No results for path: $['errors']['payload.nome']

