<?xml version="1.0" encoding="UTF-8"?>
<testsuite xmlns:xsi="http://www.w3.org/2001/XMLSchema-instance" xsi:noNamespaceSchemaLocation="https://maven.apache.org/surefire/maven-surefire-plugin/xsd/surefire-test-report-3.0.xsd" version="3.0" name="com.mls.workflow.core.dto.ProcessRequestValidationTest" time="0.866" tests="3" errors="0" skipped="0" failures="0">
  <properties>
[...]
</properties>
  <testcase name="shouldValidateJsonDeserializedRequest" classname="com.mls.workflow.core.dto.ProcessRequestValidationTest" time="0.294">
    <system-out><![CDATA[02:12:11.035 [main] INFO org.hibernate.validator.internal.util.Version -- HV000001: Hibernate Validator 8.0.1.Final
]]></system-out>
  </testcase>
  <testcase name="shouldFailWhenTarefaBlank" classname="com.mls.workflow.core.dto.ProcessRequestValidationTest" time="0.005"/>
  <testcase name="shouldDeserializeJsonCorrectly" classname="com.mls.workflow.core.dto.ProcessRequestValidationTest" time="0.007"/>
</testsuite>