<?xml version="1.0" encoding="UTF-8"?>
<testsuite xmlns:xsi="http://www.w3.org/2001/XMLSchema-instance" xsi:noNamespaceSchemaLocation="https://maven.apache.org/surefire/maven-surefire-plugin/xsd/surefire-test-report-3.0.xsd" version="3.0" name="com.mls.workflow.core.service.CadastroServiceTest" time="9.921" tests="14" errors="0" skipped="0" failures="0">
  <properties>
[...]
</properties>
  <testcase name="testDelete_ExistingId_ShouldReturnTrue" classname="com.mls.workflow.core.service.CadastroServiceTest" time="0.854">
    <system-out><![CDATA[00:03:05.859 [main] INFO org.springframework.test.context.support.AnnotationConfigContextLoaderUtils -- Could not detect default configuration classes for test class [com.mls.workflow.core.service.CadastroServiceTest]: CadastroServiceTest does not declare any static, non-private, non-final, nested classes annotated with @Configuration.
00:03:06.003 [main] INFO org.springframework.boot.test.context.SpringBootTestContextBootstrapper -- Found @SpringBootConfiguration com.mls.workflow.Application for test class com.mls.workflow.core.service.CadastroServiceTest

 ____                                 _         ____  _       _    __                      
/ ___| __ _ _ __ ___  _   _ _ __   __| | __ _  |  _ \| | __ _| |_ / _| ___  _ __ _ __ ___  
| |   / _` | '_ ` _ \| | | | '_ \ / _` |/ _` | | |_) | |/ _` | __| |_ / _ \| '__| '_ ` _ \ 
| |__| (_| | | | | | | |_| | | | | (_| | (_| | |  __/| | (_| | |_|  _| (_) | |  | | | | | |
\____/\__,_|_| |_| |_|\__,_|_| |_|\__,_|\__,_| |_|   |_|\__,_|\__|_|  \___/|_|  |_| |_| |_|

  Spring-Boot:  (v3.3.0)
  Camunda Platform: (v7.23.0)
  Camunda Platform Spring Boot Starter: (v7.23.0)

2025-09-04T00:03:06.563-03:00  INFO 1424 --- [           main] c.m.w.core.service.CadastroServiceTest   : Starting CadastroServiceTest using Java 24.0.2 with PID 1424 (started by marcelo in /Users/marcelo/eclipse-workspace/AIC7Demo)
2025-09-04T00:03:06.567-03:00 DEBUG 1424 --- [           main] c.m.w.core.service.CadastroServiceTest   : Running with Spring Boot v3.3.0, Spring v6.1.8
2025-09-04T00:03:06.568-03:00  INFO 1424 --- [           main] c.m.w.core.service.CadastroServiceTest   : The following 1 profile is active: "test"
2025-09-04T00:03:08.195-03:00 DEBUG 1424 --- [           main] o.s.jdbc.datasource.DataSourceUtils      : Fetching JDBC Connection from DataSource
2025-09-04T00:03:08.196-03:00  INFO 1424 --- [           main] com.zaxxer.hikari.HikariDataSource       : HikariPool-1 - Starting...
2025-09-04T00:03:08.468-03:00  INFO 1424 --- [           main] com.zaxxer.hikari.pool.HikariPool        : HikariPool-1 - Added connection conn0: url=jdbc:h2:mem:testdb user=SA
2025-09-04T00:03:08.471-03:00  INFO 1424 --- [           main] com.zaxxer.hikari.HikariDataSource       : HikariPool-1 - Start completed.
2025-09-04T00:03:08.476-03:00 DEBUG 1424 --- [           main] o.s.jdbc.datasource.init.ScriptUtils     : Executing SQL script from file [/Users/marcelo/eclipse-workspace/AIC7Demo/target/classes/schema.sql]
2025-09-04T00:03:08.495-03:00 DEBUG 1424 --- [           main] o.s.jdbc.datasource.init.ScriptUtils     : 0 returned as update count for SQL: CREATE TABLE IF NOT EXISTS AIC_CADASTRO ( ID BIGINT AUTO_INCREMENT PRIMARY KEY, NOME VARCHAR(255) NOT NULL, EMAIL VARCHAR(255) NOT NULL, IDADE INT )
2025-09-04T00:03:08.498-03:00 DEBUG 1424 --- [           main] o.s.jdbc.datasource.init.ScriptUtils     : Executed SQL script from file [/Users/marcelo/eclipse-workspace/AIC7Demo/target/classes/schema.sql] in 19 ms.
2025-09-04T00:03:08.498-03:00 DEBUG 1424 --- [           main] o.s.jdbc.datasource.init.ScriptUtils     : Executing SQL script from file [/Users/marcelo/eclipse-workspace/AIC7Demo/target/test-classes/schema.sql]
2025-09-04T00:03:08.500-03:00 DEBUG 1424 --- [           main] o.s.jdbc.datasource.init.ScriptUtils     : 0 returned as update count for SQL: CREATE TABLE IF NOT EXISTS AIC_CADASTRO ( ID BIGINT AUTO_INCREMENT PRIMARY KEY, NOME VARCHAR(255) NOT NULL, EMAIL VARCHAR(255) NOT NULL, IDADE INT )
2025-09-04T00:03:08.500-03:00 DEBUG 1424 --- [           main] o.s.jdbc.datasource.init.ScriptUtils     : Executed SQL script from file [/Users/marcelo/eclipse-workspace/AIC7Demo/target/test-classes/schema.sql] in 2 ms.
2025-09-04T00:03:08.509-03:00 DEBUG 1424 --- [           main] o.s.jdbc.datasource.DataSourceUtils      : Fetching JDBC Connection from DataSource
2025-09-04T00:03:08.510-03:00 DEBUG 1424 --- [           main] o.s.jdbc.datasource.init.ScriptUtils     : Executing SQL script from file [/Users/marcelo/eclipse-workspace/AIC7Demo/target/test-classes/data.sql]
2025-09-04T00:03:08.513-03:00 DEBUG 1424 --- [           main] o.s.jdbc.datasource.init.ScriptUtils     : 3 returned as update count for SQL: INSERT INTO AIC_CADASTRO (NOME, EMAIL, IDADE) VALUES ('João Silva', 'joao@example.com', 30), ('Maria Santos', 'maria@example.com', 25), ('Pedro Oliveira', 'pedro@example.com', 35)
2025-09-04T00:03:08.514-03:00 DEBUG 1424 --- [           main] o.s.jdbc.datasource.init.ScriptUtils     : Executed SQL script from file [/Users/marcelo/eclipse-workspace/AIC7Demo/target/test-classes/data.sql] in 4 ms.
2025-09-04T00:03:08.744-03:00  INFO 1424 --- [           main] org.camunda.bpm.spring.boot              : STARTER-SB040 Setting up jobExecutor with corePoolSize=3, maxPoolSize:10
2025-09-04T00:03:08.849-03:00  INFO 1424 --- [           main] org.camunda.bpm.engine.cfg               : ENGINE-12003 Plugin 'CompositeProcessEnginePlugin[genericPropertiesConfiguration, camundaProcessEngineConfiguration, camundaDatasourceConfiguration, camundaJobConfiguration, camundaHistoryConfiguration, camundaMetricsConfiguration, camundaAuthorizationConfiguration, camundaDeploymentConfiguration, createAdminUserConfiguration, failedJobConfiguration, eventPublisherPlugin, ApplicationContextClassloaderSwitchPlugin, SpringBootSpinProcessEnginePlugin]' activated on process engine 'default'
2025-09-04T00:03:09.676-03:00  INFO 1424 --- [           main] org.camunda.bpm.spring.boot              : STARTER-SB021 Auto-Deploying resources: [file [/Users/marcelo/eclipse-workspace/AIC7Demo/target/classes/bpmn/process.bpmn]]
2025-09-04T00:03:09.680-03:00  INFO 1424 --- [           main] o.c.b.s.b.s.event.EventPublisherPlugin   : EVENTING-001: Initialized Camunda Spring Boot Eventing Engine Plugin.
2025-09-04T00:03:09.680-03:00  INFO 1424 --- [           main] o.c.b.s.b.s.event.EventPublisherPlugin   : EVENTING-003: Task events will be published as Spring Events.
2025-09-04T00:03:09.680-03:00  INFO 1424 --- [           main] o.c.b.s.b.s.event.EventPublisherPlugin   : EVENTING-005: Execution events will be published as Spring Events.
2025-09-04T00:03:09.681-03:00  INFO 1424 --- [           main] o.c.b.s.b.s.event.EventPublisherPlugin   : EVENTING-009: Listeners will not be invoked if a skipCustomListeners API parameter is set to true by user.
2025-09-04T00:03:09.686-03:00  INFO 1424 --- [           main] o.c.b.s.b.s.event.EventPublisherPlugin   : EVENTING-007: History events will be published as Spring events.
2025-09-04T00:03:09.691-03:00  INFO 1424 --- [           main] org.camunda.spin                         : SPIN-01010 Discovered Spin data format provider: org.camunda.spin.impl.json.jackson.format.JacksonJsonDataFormatProvider[name = application/json]
2025-09-04T00:03:09.870-03:00  INFO 1424 --- [           main] org.camunda.spin                         : SPIN-01010 Discovered Spin data format provider: org.camunda.spin.impl.xml.dom.format.DomXmlDataFormatProvider[name = application/xml]
2025-09-04T00:03:09.950-03:00  INFO 1424 --- [           main] org.camunda.spin                         : SPIN-01009 Discovered Spin data format: org.camunda.spin.impl.xml.dom.format.DomXmlDataFormat[name = application/xml]
2025-09-04T00:03:09.950-03:00  INFO 1424 --- [           main] org.camunda.spin                         : SPIN-01009 Discovered Spin data format: org.camunda.spin.impl.json.jackson.format.JacksonJsonDataFormat[name = application/json]
2025-09-04T00:03:10.084-03:00  INFO 1424 --- [           main] org.camunda.bpm.dmn.feel.scala           : FEEL/SCALA-01001 Spin value mapper detected
2025-09-04T00:03:10.216-03:00 DEBUG 1424 --- [           main] o.s.jdbc.datasource.DataSourceUtils      : Fetching JDBC Connection from DataSource
2025-09-04T00:03:10.217-03:00 DEBUG 1424 --- [           main] o.s.jdbc.datasource.DataSourceUtils      : Fetching JDBC Connection from DataSource
2025-09-04T00:03:12.464-03:00 DEBUG 1424 --- [           main] o.s.jdbc.support.JdbcTransactionManager  : Creating new transaction with name [null]: PROPAGATION_REQUIRED,ISOLATION_DEFAULT
2025-09-04T00:03:12.466-03:00 DEBUG 1424 --- [           main] o.s.jdbc.support.JdbcTransactionManager  : Acquired Connection [HikariProxyConnection@1924480807 wrapping conn0: url=jdbc:h2:mem:testdb user=SA] for JDBC transaction
2025-09-04T00:03:12.469-03:00 DEBUG 1424 --- [           main] o.s.jdbc.support.JdbcTransactionManager  : Switching JDBC Connection [HikariProxyConnection@1924480807 wrapping conn0: url=jdbc:h2:mem:testdb user=SA] to manual commit
2025-09-04T00:03:12.640-03:00  INFO 1424 --- [           main] org.camunda.bpm.engine.persistence       : ENGINE-03016 Performing database operation 'create' on component 'engine' with resource 'org/camunda/bpm/engine/db/create/activiti.h2.create.engine.sql'
2025-09-04T00:03:12.709-03:00  INFO 1424 --- [           main] org.camunda.bpm.engine.persistence       : ENGINE-03016 Performing database operation 'create' on component 'history' with resource 'org/camunda/bpm/engine/db/create/activiti.h2.create.history.sql'
2025-09-04T00:03:12.722-03:00  INFO 1424 --- [           main] org.camunda.bpm.engine.persistence       : ENGINE-03016 Performing database operation 'create' on component 'identity' with resource 'org/camunda/bpm/engine/db/create/activiti.h2.create.identity.sql'
2025-09-04T00:03:12.735-03:00  INFO 1424 --- [           main] org.camunda.bpm.engine.persistence       : ENGINE-03016 Performing database operation 'create' on component 'case.engine' with resource 'org/camunda/bpm/engine/db/create/activiti.h2.create.case.engine.sql'
2025-09-04T00:03:12.739-03:00  INFO 1424 --- [           main] org.camunda.bpm.engine.persistence       : ENGINE-03016 Performing database operation 'create' on component 'case.history' with resource 'org/camunda/bpm/engine/db/create/activiti.h2.create.case.history.sql'
2025-09-04T00:03:12.745-03:00  INFO 1424 --- [           main] org.camunda.bpm.engine.persistence       : ENGINE-03016 Performing database operation 'create' on component 'decision.engine' with resource 'org/camunda/bpm/engine/db/create/activiti.h2.create.decision.engine.sql'
2025-09-04T00:03:12.757-03:00  INFO 1424 --- [           main] org.camunda.bpm.engine.persistence       : ENGINE-03016 Performing database operation 'create' on component 'decision.history' with resource 'org/camunda/bpm/engine/db/create/activiti.h2.create.decision.history.sql'
2025-09-04T00:03:12.759-03:00 DEBUG 1424 --- [           main] o.s.jdbc.support.JdbcTransactionManager  : Initiating transaction commit
2025-09-04T00:03:12.760-03:00 DEBUG 1424 --- [           main] o.s.jdbc.support.JdbcTransactionManager  : Committing JDBC transaction on Connection [HikariProxyConnection@1924480807 wrapping conn0: url=jdbc:h2:mem:testdb user=SA]
2025-09-04T00:03:12.761-03:00 DEBUG 1424 --- [           main] o.s.jdbc.support.JdbcTransactionManager  : Releasing JDBC Connection [HikariProxyConnection@1924480807 wrapping conn0: url=jdbc:h2:mem:testdb user=SA] after transaction
2025-09-04T00:03:12.761-03:00 DEBUG 1424 --- [           main] o.s.jdbc.support.JdbcTransactionManager  : Creating new transaction with name [null]: PROPAGATION_REQUIRED,ISOLATION_DEFAULT
2025-09-04T00:03:12.761-03:00 DEBUG 1424 --- [           main] o.s.jdbc.support.JdbcTransactionManager  : Acquired Connection [HikariProxyConnection@1394338834 wrapping conn0: url=jdbc:h2:mem:testdb user=SA] for JDBC transaction
2025-09-04T00:03:12.761-03:00 DEBUG 1424 --- [           main] o.s.jdbc.support.JdbcTransactionManager  : Switching JDBC Connection [HikariProxyConnection@1394338834 wrapping conn0: url=jdbc:h2:mem:testdb user=SA] to manual commit
2025-09-04T00:03:12.788-03:00  INFO 1424 --- [           main] org.camunda.bpm.engine.persistence       : ENGINE-03067 No history level property found in database
2025-09-04T00:03:12.791-03:00  INFO 1424 --- [           main] org.camunda.bpm.engine.persistence       : ENGINE-03065 Creating historyLevel property in database for level: HistoryLevelFull(name=full, id=3)
2025-09-04T00:03:12.800-03:00 DEBUG 1424 --- [           main] o.s.jdbc.support.JdbcTransactionManager  : Initiating transaction commit
2025-09-04T00:03:12.801-03:00 DEBUG 1424 --- [           main] o.s.jdbc.support.JdbcTransactionManager  : Committing JDBC transaction on Connection [HikariProxyConnection@1394338834 wrapping conn0: url=jdbc:h2:mem:testdb user=SA]
2025-09-04T00:03:12.801-03:00 DEBUG 1424 --- [           main] o.s.jdbc.support.JdbcTransactionManager  : Releasing JDBC Connection [HikariProxyConnection@1394338834 wrapping conn0: url=jdbc:h2:mem:testdb user=SA] after transaction
2025-09-04T00:03:12.801-03:00 DEBUG 1424 --- [           main] o.s.jdbc.support.JdbcTransactionManager  : Creating new transaction with name [null]: PROPAGATION_REQUIRED,ISOLATION_DEFAULT
2025-09-04T00:03:12.801-03:00 DEBUG 1424 --- [           main] o.s.jdbc.support.JdbcTransactionManager  : Acquired Connection [HikariProxyConnection@1624449030 wrapping conn0: url=jdbc:h2:mem:testdb user=SA] for JDBC transaction
2025-09-04T00:03:12.801-03:00 DEBUG 1424 --- [           main] o.s.jdbc.support.JdbcTransactionManager  : Switching JDBC Connection [HikariProxyConnection@1624449030 wrapping conn0: url=jdbc:h2:mem:testdb user=SA] to manual commit
2025-09-04T00:03:12.804-03:00 DEBUG 1424 --- [           main] o.s.jdbc.support.JdbcTransactionManager  : Participating in existing transaction
2025-09-04T00:03:12.809-03:00 DEBUG 1424 --- [           main] o.s.jdbc.support.JdbcTransactionManager  : Participating in existing transaction
2025-09-04T00:03:12.813-03:00 DEBUG 1424 --- [           main] o.s.jdbc.support.JdbcTransactionManager  : Participating in existing transaction
2025-09-04T00:03:12.815-03:00 DEBUG 1424 --- [           main] o.s.jdbc.support.JdbcTransactionManager  : Initiating transaction commit
2025-09-04T00:03:12.815-03:00 DEBUG 1424 --- [           main] o.s.jdbc.support.JdbcTransactionManager  : Committing JDBC transaction on Connection [HikariProxyConnection@1624449030 wrapping conn0: url=jdbc:h2:mem:testdb user=SA]
2025-09-04T00:03:12.816-03:00 DEBUG 1424 --- [           main] o.s.jdbc.support.JdbcTransactionManager  : Releasing JDBC Connection [HikariProxyConnection@1624449030 wrapping conn0: url=jdbc:h2:mem:testdb user=SA] after transaction
2025-09-04T00:03:12.816-03:00  INFO 1424 --- [           main] org.camunda.bpm.engine                   : ENGINE-00001 Process Engine default created.
2025-09-04T00:03:12.818-03:00 DEBUG 1424 --- [           main] o.s.jdbc.support.JdbcTransactionManager  : Creating new transaction with name [null]: PROPAGATION_REQUIRED,ISOLATION_DEFAULT
2025-09-04T00:03:12.819-03:00 DEBUG 1424 --- [           main] o.s.jdbc.support.JdbcTransactionManager  : Acquired Connection [HikariProxyConnection@211853855 wrapping conn0: url=jdbc:h2:mem:testdb user=SA] for JDBC transaction
2025-09-04T00:03:12.819-03:00 DEBUG 1424 --- [           main] o.s.jdbc.support.JdbcTransactionManager  : Switching JDBC Connection [HikariProxyConnection@211853855 wrapping conn0: url=jdbc:h2:mem:testdb user=SA] to manual commit
2025-09-04T00:03:12.821-03:00 DEBUG 1424 --- [           main] o.s.jdbc.support.JdbcTransactionManager  : Initiating transaction commit
2025-09-04T00:03:12.821-03:00 DEBUG 1424 --- [           main] o.s.jdbc.support.JdbcTransactionManager  : Committing JDBC transaction on Connection [HikariProxyConnection@211853855 wrapping conn0: url=jdbc:h2:mem:testdb user=SA]
2025-09-04T00:03:12.821-03:00 DEBUG 1424 --- [           main] o.s.jdbc.support.JdbcTransactionManager  : Releasing JDBC Connection [HikariProxyConnection@211853855 wrapping conn0: url=jdbc:h2:mem:testdb user=SA] after transaction
2025-09-04T00:03:12.822-03:00 DEBUG 1424 --- [           main] o.s.jdbc.support.JdbcTransactionManager  : Creating new transaction with name [null]: PROPAGATION_REQUIRED,ISOLATION_DEFAULT
2025-09-04T00:03:12.822-03:00 DEBUG 1424 --- [           main] o.s.jdbc.support.JdbcTransactionManager  : Acquired Connection [HikariProxyConnection@886292426 wrapping conn0: url=jdbc:h2:mem:testdb user=SA] for JDBC transaction
2025-09-04T00:03:12.822-03:00 DEBUG 1424 --- [           main] o.s.jdbc.support.JdbcTransactionManager  : Switching JDBC Connection [HikariProxyConnection@886292426 wrapping conn0: url=jdbc:h2:mem:testdb user=SA] to manual commit
2025-09-04T00:03:12.882-03:00 DEBUG 1424 --- [           main] o.s.jdbc.support.JdbcTransactionManager  : Initiating transaction commit
2025-09-04T00:03:12.883-03:00 DEBUG 1424 --- [           main] o.s.jdbc.support.JdbcTransactionManager  : Committing JDBC transaction on Connection [HikariProxyConnection@886292426 wrapping conn0: url=jdbc:h2:mem:testdb user=SA]
2025-09-04T00:03:12.883-03:00 DEBUG 1424 --- [           main] o.s.jdbc.support.JdbcTransactionManager  : Releasing JDBC Connection [HikariProxyConnection@886292426 wrapping conn0: url=jdbc:h2:mem:testdb user=SA] after transaction
2025-09-04T00:03:12.884-03:00 DEBUG 1424 --- [           main] o.s.jdbc.support.JdbcTransactionManager  : Creating new transaction with name [null]: PROPAGATION_REQUIRED,ISOLATION_DEFAULT
2025-09-04T00:03:12.884-03:00 DEBUG 1424 --- [           main] o.s.jdbc.support.JdbcTransactionManager  : Acquired Connection [HikariProxyConnection@1268591854 wrapping conn0: url=jdbc:h2:mem:testdb user=SA] for JDBC transaction
2025-09-04T00:03:12.884-03:00 DEBUG 1424 --- [           main] o.s.jdbc.support.JdbcTransactionManager  : Switching JDBC Connection [HikariProxyConnection@1268591854 wrapping conn0: url=jdbc:h2:mem:testdb user=SA] to manual commit
2025-09-04T00:03:12.885-03:00 DEBUG 1424 --- [           main] o.s.jdbc.support.JdbcTransactionManager  : Initiating transaction commit
2025-09-04T00:03:12.885-03:00 DEBUG 1424 --- [           main] o.s.jdbc.support.JdbcTransactionManager  : Committing JDBC transaction on Connection [HikariProxyConnection@1268591854 wrapping conn0: url=jdbc:h2:mem:testdb user=SA]
2025-09-04T00:03:12.885-03:00 DEBUG 1424 --- [           main] o.s.jdbc.support.JdbcTransactionManager  : Releasing JDBC Connection [HikariProxyConnection@1268591854 wrapping conn0: url=jdbc:h2:mem:testdb user=SA] after transaction
2025-09-04T00:03:12.888-03:00 DEBUG 1424 --- [           main] o.s.jdbc.support.JdbcTransactionManager  : Creating new transaction with name [null]: PROPAGATION_REQUIRED,ISOLATION_DEFAULT
2025-09-04T00:03:12.888-03:00 DEBUG 1424 --- [           main] o.s.jdbc.support.JdbcTransactionManager  : Acquired Connection [HikariProxyConnection@1402120747 wrapping conn0: url=jdbc:h2:mem:testdb user=SA] for JDBC transaction
2025-09-04T00:03:12.888-03:00 DEBUG 1424 --- [           main] o.s.jdbc.support.JdbcTransactionManager  : Switching JDBC Connection [HikariProxyConnection@1402120747 wrapping conn0: url=jdbc:h2:mem:testdb user=SA] to manual commit
2025-09-04T00:03:12.898-03:00 DEBUG 1424 --- [           main] o.s.jdbc.support.JdbcTransactionManager  : Initiating transaction commit
2025-09-04T00:03:12.898-03:00 DEBUG 1424 --- [           main] o.s.jdbc.support.JdbcTransactionManager  : Committing JDBC transaction on Connection [HikariProxyConnection@1402120747 wrapping conn0: url=jdbc:h2:mem:testdb user=SA]
2025-09-04T00:03:12.899-03:00 DEBUG 1424 --- [           main] o.s.jdbc.support.JdbcTransactionManager  : Releasing JDBC Connection [HikariProxyConnection@1402120747 wrapping conn0: url=jdbc:h2:mem:testdb user=SA] after transaction
2025-09-04T00:03:12.899-03:00 DEBUG 1424 --- [           main] o.s.jdbc.support.JdbcTransactionManager  : Creating new transaction with name [null]: PROPAGATION_REQUIRED,ISOLATION_DEFAULT
2025-09-04T00:03:12.899-03:00 DEBUG 1424 --- [           main] o.s.jdbc.support.JdbcTransactionManager  : Acquired Connection [HikariProxyConnection@862577358 wrapping conn0: url=jdbc:h2:mem:testdb user=SA] for JDBC transaction
2025-09-04T00:03:12.900-03:00 DEBUG 1424 --- [           main] o.s.jdbc.support.JdbcTransactionManager  : Switching JDBC Connection [HikariProxyConnection@862577358 wrapping conn0: url=jdbc:h2:mem:testdb user=SA] to manual commit
2025-09-04T00:03:12.900-03:00 DEBUG 1424 --- [           main] o.s.jdbc.support.JdbcTransactionManager  : Initiating transaction commit
2025-09-04T00:03:12.900-03:00 DEBUG 1424 --- [           main] o.s.jdbc.support.JdbcTransactionManager  : Committing JDBC transaction on Connection [HikariProxyConnection@862577358 wrapping conn0: url=jdbc:h2:mem:testdb user=SA]
2025-09-04T00:03:12.901-03:00 DEBUG 1424 --- [           main] o.s.jdbc.support.JdbcTransactionManager  : Releasing JDBC Connection [HikariProxyConnection@862577358 wrapping conn0: url=jdbc:h2:mem:testdb user=SA] after transaction
2025-09-04T00:03:12.901-03:00 DEBUG 1424 --- [           main] o.s.jdbc.support.JdbcTransactionManager  : Creating new transaction with name [null]: PROPAGATION_REQUIRED,ISOLATION_DEFAULT
2025-09-04T00:03:12.901-03:00 DEBUG 1424 --- [           main] o.s.jdbc.support.JdbcTransactionManager  : Acquired Connection [HikariProxyConnection@1787667909 wrapping conn0: url=jdbc:h2:mem:testdb user=SA] for JDBC transaction
2025-09-04T00:03:12.901-03:00 DEBUG 1424 --- [           main] o.s.jdbc.support.JdbcTransactionManager  : Switching JDBC Connection [HikariProxyConnection@1787667909 wrapping conn0: url=jdbc:h2:mem:testdb user=SA] to manual commit
2025-09-04T00:03:12.916-03:00 DEBUG 1424 --- [           main] o.s.jdbc.support.JdbcTransactionManager  : Initiating transaction commit
2025-09-04T00:03:12.917-03:00 DEBUG 1424 --- [           main] o.s.jdbc.support.JdbcTransactionManager  : Committing JDBC transaction on Connection [HikariProxyConnection@1787667909 wrapping conn0: url=jdbc:h2:mem:testdb user=SA]
2025-09-04T00:03:12.917-03:00 DEBUG 1424 --- [           main] o.s.jdbc.support.JdbcTransactionManager  : Releasing JDBC Connection [HikariProxyConnection@1787667909 wrapping conn0: url=jdbc:h2:mem:testdb user=SA] after transaction
2025-09-04T00:03:12.918-03:00 DEBUG 1424 --- [           main] o.s.jdbc.support.JdbcTransactionManager  : Creating new transaction with name [null]: PROPAGATION_REQUIRED,ISOLATION_DEFAULT
2025-09-04T00:03:12.918-03:00 DEBUG 1424 --- [           main] o.s.jdbc.support.JdbcTransactionManager  : Acquired Connection [HikariProxyConnection@1869197498 wrapping conn0: url=jdbc:h2:mem:testdb user=SA] for JDBC transaction
2025-09-04T00:03:12.918-03:00 DEBUG 1424 --- [           main] o.s.jdbc.support.JdbcTransactionManager  : Switching JDBC Connection [HikariProxyConnection@1869197498 wrapping conn0: url=jdbc:h2:mem:testdb user=SA] to manual commit
2025-09-04T00:03:12.919-03:00 DEBUG 1424 --- [           main] o.s.jdbc.support.JdbcTransactionManager  : Initiating transaction commit
2025-09-04T00:03:12.919-03:00 DEBUG 1424 --- [           main] o.s.jdbc.support.JdbcTransactionManager  : Committing JDBC transaction on Connection [HikariProxyConnection@1869197498 wrapping conn0: url=jdbc:h2:mem:testdb user=SA]
2025-09-04T00:03:12.919-03:00 DEBUG 1424 --- [           main] o.s.jdbc.support.JdbcTransactionManager  : Releasing JDBC Connection [HikariProxyConnection@1869197498 wrapping conn0: url=jdbc:h2:mem:testdb user=SA] after transaction
2025-09-04T00:03:12.920-03:00 DEBUG 1424 --- [           main] o.s.jdbc.support.JdbcTransactionManager  : Creating new transaction with name [null]: PROPAGATION_REQUIRED,ISOLATION_DEFAULT
2025-09-04T00:03:12.920-03:00 DEBUG 1424 --- [           main] o.s.jdbc.support.JdbcTransactionManager  : Acquired Connection [HikariProxyConnection@2147388034 wrapping conn0: url=jdbc:h2:mem:testdb user=SA] for JDBC transaction
2025-09-04T00:03:12.920-03:00 DEBUG 1424 --- [           main] o.s.jdbc.support.JdbcTransactionManager  : Switching JDBC Connection [HikariProxyConnection@2147388034 wrapping conn0: url=jdbc:h2:mem:testdb user=SA] to manual commit
2025-09-04T00:03:12.926-03:00 DEBUG 1424 --- [           main] o.s.jdbc.support.JdbcTransactionManager  : Initiating transaction commit
2025-09-04T00:03:12.926-03:00 DEBUG 1424 --- [           main] o.s.jdbc.support.JdbcTransactionManager  : Committing JDBC transaction on Connection [HikariProxyConnection@2147388034 wrapping conn0: url=jdbc:h2:mem:testdb user=SA]
2025-09-04T00:03:12.927-03:00 DEBUG 1424 --- [           main] o.s.jdbc.support.JdbcTransactionManager  : Releasing JDBC Connection [HikariProxyConnection@2147388034 wrapping conn0: url=jdbc:h2:mem:testdb user=SA] after transaction
2025-09-04T00:03:12.927-03:00 DEBUG 1424 --- [           main] o.s.jdbc.support.JdbcTransactionManager  : Creating new transaction with name [null]: PROPAGATION_REQUIRED,ISOLATION_DEFAULT
2025-09-04T00:03:12.927-03:00 DEBUG 1424 --- [           main] o.s.jdbc.support.JdbcTransactionManager  : Acquired Connection [HikariProxyConnection@737025043 wrapping conn0: url=jdbc:h2:mem:testdb user=SA] for JDBC transaction
2025-09-04T00:03:12.927-03:00 DEBUG 1424 --- [           main] o.s.jdbc.support.JdbcTransactionManager  : Switching JDBC Connection [HikariProxyConnection@737025043 wrapping conn0: url=jdbc:h2:mem:testdb user=SA] to manual commit
2025-09-04T00:03:12.937-03:00 DEBUG 1424 --- [           main] o.s.jdbc.support.JdbcTransactionManager  : Initiating transaction commit
2025-09-04T00:03:12.937-03:00 DEBUG 1424 --- [           main] o.s.jdbc.support.JdbcTransactionManager  : Committing JDBC transaction on Connection [HikariProxyConnection@737025043 wrapping conn0: url=jdbc:h2:mem:testdb user=SA]
2025-09-04T00:03:12.937-03:00 DEBUG 1424 --- [           main] o.s.jdbc.support.JdbcTransactionManager  : Releasing JDBC Connection [HikariProxyConnection@737025043 wrapping conn0: url=jdbc:h2:mem:testdb user=SA] after transaction
2025-09-04T00:03:12.938-03:00 DEBUG 1424 --- [           main] o.s.jdbc.support.JdbcTransactionManager  : Creating new transaction with name [null]: PROPAGATION_REQUIRED,ISOLATION_DEFAULT
2025-09-04T00:03:12.939-03:00 DEBUG 1424 --- [           main] o.s.jdbc.support.JdbcTransactionManager  : Acquired Connection [HikariProxyConnection@785140711 wrapping conn0: url=jdbc:h2:mem:testdb user=SA] for JDBC transaction
2025-09-04T00:03:12.939-03:00 DEBUG 1424 --- [           main] o.s.jdbc.support.JdbcTransactionManager  : Switching JDBC Connection [HikariProxyConnection@785140711 wrapping conn0: url=jdbc:h2:mem:testdb user=SA] to manual commit
2025-09-04T00:03:12.953-03:00 DEBUG 1424 --- [           main] o.s.jdbc.support.JdbcTransactionManager  : Initiating transaction commit
2025-09-04T00:03:12.953-03:00 DEBUG 1424 --- [           main] o.s.jdbc.support.JdbcTransactionManager  : Committing JDBC transaction on Connection [HikariProxyConnection@785140711 wrapping conn0: url=jdbc:h2:mem:testdb user=SA]
2025-09-04T00:03:12.954-03:00 DEBUG 1424 --- [           main] o.s.jdbc.support.JdbcTransactionManager  : Releasing JDBC Connection [HikariProxyConnection@785140711 wrapping conn0: url=jdbc:h2:mem:testdb user=SA] after transaction
2025-09-04T00:03:12.954-03:00 DEBUG 1424 --- [           main] o.s.jdbc.support.JdbcTransactionManager  : Creating new transaction with name [null]: PROPAGATION_REQUIRED,ISOLATION_DEFAULT
2025-09-04T00:03:12.954-03:00 DEBUG 1424 --- [           main] o.s.jdbc.support.JdbcTransactionManager  : Acquired Connection [HikariProxyConnection@1586980179 wrapping conn0: url=jdbc:h2:mem:testdb user=SA] for JDBC transaction
2025-09-04T00:03:12.954-03:00 DEBUG 1424 --- [           main] o.s.jdbc.support.JdbcTransactionManager  : Switching JDBC Connection [HikariProxyConnection@1586980179 wrapping conn0: url=jdbc:h2:mem:testdb user=SA] to manual commit
2025-09-04T00:03:12.956-03:00 DEBUG 1424 --- [           main] o.s.jdbc.support.JdbcTransactionManager  : Initiating transaction commit
2025-09-04T00:03:12.956-03:00 DEBUG 1424 --- [           main] o.s.jdbc.support.JdbcTransactionManager  : Committing JDBC transaction on Connection [HikariProxyConnection@1586980179 wrapping conn0: url=jdbc:h2:mem:testdb user=SA]
2025-09-04T00:03:12.957-03:00 DEBUG 1424 --- [           main] o.s.jdbc.support.JdbcTransactionManager  : Releasing JDBC Connection [HikariProxyConnection@1586980179 wrapping conn0: url=jdbc:h2:mem:testdb user=SA] after transaction
2025-09-04T00:03:12.957-03:00 DEBUG 1424 --- [           main] o.s.jdbc.support.JdbcTransactionManager  : Creating new transaction with name [null]: PROPAGATION_REQUIRED,ISOLATION_DEFAULT
2025-09-04T00:03:12.957-03:00 DEBUG 1424 --- [           main] o.s.jdbc.support.JdbcTransactionManager  : Acquired Connection [HikariProxyConnection@423459527 wrapping conn0: url=jdbc:h2:mem:testdb user=SA] for JDBC transaction
2025-09-04T00:03:12.957-03:00 DEBUG 1424 --- [           main] o.s.jdbc.support.JdbcTransactionManager  : Switching JDBC Connection [HikariProxyConnection@423459527 wrapping conn0: url=jdbc:h2:mem:testdb user=SA] to manual commit
2025-09-04T00:03:12.958-03:00 DEBUG 1424 --- [           main] o.s.jdbc.support.JdbcTransactionManager  : Initiating transaction commit
2025-09-04T00:03:12.958-03:00 DEBUG 1424 --- [           main] o.s.jdbc.support.JdbcTransactionManager  : Committing JDBC transaction on Connection [HikariProxyConnection@423459527 wrapping conn0: url=jdbc:h2:mem:testdb user=SA]
2025-09-04T00:03:12.959-03:00 DEBUG 1424 --- [           main] o.s.jdbc.support.JdbcTransactionManager  : Releasing JDBC Connection [HikariProxyConnection@423459527 wrapping conn0: url=jdbc:h2:mem:testdb user=SA] after transaction
2025-09-04T00:03:12.959-03:00 DEBUG 1424 --- [           main] o.s.jdbc.support.JdbcTransactionManager  : Creating new transaction with name [null]: PROPAGATION_REQUIRED,ISOLATION_DEFAULT
2025-09-04T00:03:12.959-03:00 DEBUG 1424 --- [           main] o.s.jdbc.support.JdbcTransactionManager  : Acquired Connection [HikariProxyConnection@408648902 wrapping conn0: url=jdbc:h2:mem:testdb user=SA] for JDBC transaction
2025-09-04T00:03:12.959-03:00 DEBUG 1424 --- [           main] o.s.jdbc.support.JdbcTransactionManager  : Switching JDBC Connection [HikariProxyConnection@408648902 wrapping conn0: url=jdbc:h2:mem:testdb user=SA] to manual commit
2025-09-04T00:03:12.961-03:00 DEBUG 1424 --- [           main] o.s.jdbc.support.JdbcTransactionManager  : Initiating transaction commit
2025-09-04T00:03:12.961-03:00 DEBUG 1424 --- [           main] o.s.jdbc.support.JdbcTransactionManager  : Committing JDBC transaction on Connection [HikariProxyConnection@408648902 wrapping conn0: url=jdbc:h2:mem:testdb user=SA]
2025-09-04T00:03:12.961-03:00 DEBUG 1424 --- [           main] o.s.jdbc.support.JdbcTransactionManager  : Releasing JDBC Connection [HikariProxyConnection@408648902 wrapping conn0: url=jdbc:h2:mem:testdb user=SA] after transaction
2025-09-04T00:03:12.961-03:00 DEBUG 1424 --- [           main] o.s.jdbc.support.JdbcTransactionManager  : Creating new transaction with name [null]: PROPAGATION_REQUIRED,ISOLATION_DEFAULT
2025-09-04T00:03:12.961-03:00 DEBUG 1424 --- [           main] o.s.jdbc.support.JdbcTransactionManager  : Acquired Connection [HikariProxyConnection@1384781563 wrapping conn0: url=jdbc:h2:mem:testdb user=SA] for JDBC transaction
2025-09-04T00:03:12.962-03:00 DEBUG 1424 --- [           main] o.s.jdbc.support.JdbcTransactionManager  : Switching JDBC Connection [HikariProxyConnection@1384781563 wrapping conn0: url=jdbc:h2:mem:testdb user=SA] to manual commit
2025-09-04T00:03:12.963-03:00 DEBUG 1424 --- [           main] o.s.jdbc.support.JdbcTransactionManager  : Initiating transaction commit
2025-09-04T00:03:12.963-03:00 DEBUG 1424 --- [           main] o.s.jdbc.support.JdbcTransactionManager  : Committing JDBC transaction on Connection [HikariProxyConnection@1384781563 wrapping conn0: url=jdbc:h2:mem:testdb user=SA]
2025-09-04T00:03:12.963-03:00 DEBUG 1424 --- [           main] o.s.jdbc.support.JdbcTransactionManager  : Releasing JDBC Connection [HikariProxyConnection@1384781563 wrapping conn0: url=jdbc:h2:mem:testdb user=SA] after transaction
2025-09-04T00:03:12.963-03:00 DEBUG 1424 --- [           main] o.s.jdbc.support.JdbcTransactionManager  : Creating new transaction with name [null]: PROPAGATION_REQUIRED,ISOLATION_DEFAULT
2025-09-04T00:03:12.964-03:00 DEBUG 1424 --- [           main] o.s.jdbc.support.JdbcTransactionManager  : Acquired Connection [HikariProxyConnection@1972176213 wrapping conn0: url=jdbc:h2:mem:testdb user=SA] for JDBC transaction
2025-09-04T00:03:12.964-03:00 DEBUG 1424 --- [           main] o.s.jdbc.support.JdbcTransactionManager  : Switching JDBC Connection [HikariProxyConnection@1972176213 wrapping conn0: url=jdbc:h2:mem:testdb user=SA] to manual commit
2025-09-04T00:03:12.965-03:00 DEBUG 1424 --- [           main] o.s.jdbc.support.JdbcTransactionManager  : Initiating transaction commit
2025-09-04T00:03:12.965-03:00 DEBUG 1424 --- [           main] o.s.jdbc.support.JdbcTransactionManager  : Committing JDBC transaction on Connection [HikariProxyConnection@1972176213 wrapping conn0: url=jdbc:h2:mem:testdb user=SA]
2025-09-04T00:03:12.966-03:00 DEBUG 1424 --- [           main] o.s.jdbc.support.JdbcTransactionManager  : Releasing JDBC Connection [HikariProxyConnection@1972176213 wrapping conn0: url=jdbc:h2:mem:testdb user=SA] after transaction
2025-09-04T00:03:12.966-03:00 DEBUG 1424 --- [           main] o.s.jdbc.support.JdbcTransactionManager  : Creating new transaction with name [null]: PROPAGATION_REQUIRED,ISOLATION_DEFAULT
2025-09-04T00:03:12.966-03:00 DEBUG 1424 --- [           main] o.s.jdbc.support.JdbcTransactionManager  : Acquired Connection [HikariProxyConnection@1254584937 wrapping conn0: url=jdbc:h2:mem:testdb user=SA] for JDBC transaction
2025-09-04T00:03:12.966-03:00 DEBUG 1424 --- [           main] o.s.jdbc.support.JdbcTransactionManager  : Switching JDBC Connection [HikariProxyConnection@1254584937 wrapping conn0: url=jdbc:h2:mem:testdb user=SA] to manual commit
2025-09-04T00:03:12.967-03:00 DEBUG 1424 --- [           main] o.s.jdbc.support.JdbcTransactionManager  : Initiating transaction commit
2025-09-04T00:03:12.967-03:00 DEBUG 1424 --- [           main] o.s.jdbc.support.JdbcTransactionManager  : Committing JDBC transaction on Connection [HikariProxyConnection@1254584937 wrapping conn0: url=jdbc:h2:mem:testdb user=SA]
2025-09-04T00:03:12.968-03:00 DEBUG 1424 --- [           main] o.s.jdbc.support.JdbcTransactionManager  : Releasing JDBC Connection [HikariProxyConnection@1254584937 wrapping conn0: url=jdbc:h2:mem:testdb user=SA] after transaction
2025-09-04T00:03:12.968-03:00 DEBUG 1424 --- [           main] o.s.jdbc.support.JdbcTransactionManager  : Creating new transaction with name [null]: PROPAGATION_REQUIRED,ISOLATION_DEFAULT
2025-09-04T00:03:12.968-03:00 DEBUG 1424 --- [           main] o.s.jdbc.support.JdbcTransactionManager  : Acquired Connection [HikariProxyConnection@2125952195 wrapping conn0: url=jdbc:h2:mem:testdb user=SA] for JDBC transaction
2025-09-04T00:03:12.968-03:00 DEBUG 1424 --- [           main] o.s.jdbc.support.JdbcTransactionManager  : Switching JDBC Connection [HikariProxyConnection@2125952195 wrapping conn0: url=jdbc:h2:mem:testdb user=SA] to manual commit
2025-09-04T00:03:12.970-03:00 DEBUG 1424 --- [           main] o.s.jdbc.support.JdbcTransactionManager  : Initiating transaction commit
2025-09-04T00:03:12.970-03:00 DEBUG 1424 --- [           main] o.s.jdbc.support.JdbcTransactionManager  : Committing JDBC transaction on Connection [HikariProxyConnection@2125952195 wrapping conn0: url=jdbc:h2:mem:testdb user=SA]
2025-09-04T00:03:12.970-03:00 DEBUG 1424 --- [           main] o.s.jdbc.support.JdbcTransactionManager  : Releasing JDBC Connection [HikariProxyConnection@2125952195 wrapping conn0: url=jdbc:h2:mem:testdb user=SA] after transaction
2025-09-04T00:03:12.970-03:00 DEBUG 1424 --- [           main] o.s.jdbc.support.JdbcTransactionManager  : Creating new transaction with name [null]: PROPAGATION_REQUIRED,ISOLATION_DEFAULT
2025-09-04T00:03:12.970-03:00 DEBUG 1424 --- [           main] o.s.jdbc.support.JdbcTransactionManager  : Acquired Connection [HikariProxyConnection@61088069 wrapping conn0: url=jdbc:h2:mem:testdb user=SA] for JDBC transaction
2025-09-04T00:03:12.970-03:00 DEBUG 1424 --- [           main] o.s.jdbc.support.JdbcTransactionManager  : Switching JDBC Connection [HikariProxyConnection@61088069 wrapping conn0: url=jdbc:h2:mem:testdb user=SA] to manual commit
2025-09-04T00:03:12.971-03:00 DEBUG 1424 --- [           main] o.s.jdbc.support.JdbcTransactionManager  : Initiating transaction commit
2025-09-04T00:03:12.971-03:00 DEBUG 1424 --- [           main] o.s.jdbc.support.JdbcTransactionManager  : Committing JDBC transaction on Connection [HikariProxyConnection@61088069 wrapping conn0: url=jdbc:h2:mem:testdb user=SA]
2025-09-04T00:03:12.971-03:00 DEBUG 1424 --- [           main] o.s.jdbc.support.JdbcTransactionManager  : Releasing JDBC Connection [HikariProxyConnection@61088069 wrapping conn0: url=jdbc:h2:mem:testdb user=SA] after transaction
2025-09-04T00:03:12.971-03:00 DEBUG 1424 --- [           main] o.s.jdbc.support.JdbcTransactionManager  : Creating new transaction with name [null]: PROPAGATION_REQUIRED,ISOLATION_DEFAULT
2025-09-04T00:03:12.972-03:00 DEBUG 1424 --- [           main] o.s.jdbc.support.JdbcTransactionManager  : Acquired Connection [HikariProxyConnection@1315430544 wrapping conn0: url=jdbc:h2:mem:testdb user=SA] for JDBC transaction
2025-09-04T00:03:12.972-03:00 DEBUG 1424 --- [           main] o.s.jdbc.support.JdbcTransactionManager  : Switching JDBC Connection [HikariProxyConnection@1315430544 wrapping conn0: url=jdbc:h2:mem:testdb user=SA] to manual commit
2025-09-04T00:03:12.974-03:00 DEBUG 1424 --- [           main] o.s.jdbc.support.JdbcTransactionManager  : Initiating transaction commit
2025-09-04T00:03:12.974-03:00 DEBUG 1424 --- [           main] o.s.jdbc.support.JdbcTransactionManager  : Committing JDBC transaction on Connection [HikariProxyConnection@1315430544 wrapping conn0: url=jdbc:h2:mem:testdb user=SA]
2025-09-04T00:03:12.974-03:00 DEBUG 1424 --- [           main] o.s.jdbc.support.JdbcTransactionManager  : Releasing JDBC Connection [HikariProxyConnection@1315430544 wrapping conn0: url=jdbc:h2:mem:testdb user=SA] after transaction
2025-09-04T00:03:12.975-03:00 DEBUG 1424 --- [           main] o.s.jdbc.support.JdbcTransactionManager  : Creating new transaction with name [null]: PROPAGATION_REQUIRED,ISOLATION_DEFAULT
2025-09-04T00:03:12.975-03:00 DEBUG 1424 --- [           main] o.s.jdbc.support.JdbcTransactionManager  : Acquired Connection [HikariProxyConnection@345518693 wrapping conn0: url=jdbc:h2:mem:testdb user=SA] for JDBC transaction
2025-09-04T00:03:12.975-03:00 DEBUG 1424 --- [           main] o.s.jdbc.support.JdbcTransactionManager  : Switching JDBC Connection [HikariProxyConnection@345518693 wrapping conn0: url=jdbc:h2:mem:testdb user=SA] to manual commit
2025-09-04T00:03:12.976-03:00 DEBUG 1424 --- [           main] o.s.jdbc.support.JdbcTransactionManager  : Initiating transaction commit
2025-09-04T00:03:12.976-03:00 DEBUG 1424 --- [           main] o.s.jdbc.support.JdbcTransactionManager  : Committing JDBC transaction on Connection [HikariProxyConnection@345518693 wrapping conn0: url=jdbc:h2:mem:testdb user=SA]
2025-09-04T00:03:12.976-03:00 DEBUG 1424 --- [           main] o.s.jdbc.support.JdbcTransactionManager  : Releasing JDBC Connection [HikariProxyConnection@345518693 wrapping conn0: url=jdbc:h2:mem:testdb user=SA] after transaction
2025-09-04T00:03:12.976-03:00 DEBUG 1424 --- [           main] o.s.jdbc.support.JdbcTransactionManager  : Creating new transaction with name [null]: PROPAGATION_REQUIRED,ISOLATION_DEFAULT
2025-09-04T00:03:12.977-03:00 DEBUG 1424 --- [           main] o.s.jdbc.support.JdbcTransactionManager  : Acquired Connection [HikariProxyConnection@1917593312 wrapping conn0: url=jdbc:h2:mem:testdb user=SA] for JDBC transaction
2025-09-04T00:03:12.977-03:00 DEBUG 1424 --- [           main] o.s.jdbc.support.JdbcTransactionManager  : Switching JDBC Connection [HikariProxyConnection@1917593312 wrapping conn0: url=jdbc:h2:mem:testdb user=SA] to manual commit
2025-09-04T00:03:12.979-03:00 DEBUG 1424 --- [           main] o.s.jdbc.support.JdbcTransactionManager  : Initiating transaction commit
2025-09-04T00:03:12.979-03:00 DEBUG 1424 --- [           main] o.s.jdbc.support.JdbcTransactionManager  : Committing JDBC transaction on Connection [HikariProxyConnection@1917593312 wrapping conn0: url=jdbc:h2:mem:testdb user=SA]
2025-09-04T00:03:12.979-03:00 DEBUG 1424 --- [           main] o.s.jdbc.support.JdbcTransactionManager  : Releasing JDBC Connection [HikariProxyConnection@1917593312 wrapping conn0: url=jdbc:h2:mem:testdb user=SA] after transaction
2025-09-04T00:03:12.979-03:00 DEBUG 1424 --- [           main] o.s.jdbc.support.JdbcTransactionManager  : Creating new transaction with name [null]: PROPAGATION_REQUIRED,ISOLATION_DEFAULT
2025-09-04T00:03:12.979-03:00 DEBUG 1424 --- [           main] o.s.jdbc.support.JdbcTransactionManager  : Acquired Connection [HikariProxyConnection@889972204 wrapping conn0: url=jdbc:h2:mem:testdb user=SA] for JDBC transaction
2025-09-04T00:03:12.980-03:00 DEBUG 1424 --- [           main] o.s.jdbc.support.JdbcTransactionManager  : Switching JDBC Connection [HikariProxyConnection@889972204 wrapping conn0: url=jdbc:h2:mem:testdb user=SA] to manual commit
2025-09-04T00:03:12.982-03:00 DEBUG 1424 --- [           main] o.s.jdbc.support.JdbcTransactionManager  : Initiating transaction commit
2025-09-04T00:03:12.982-03:00 DEBUG 1424 --- [           main] o.s.jdbc.support.JdbcTransactionManager  : Committing JDBC transaction on Connection [HikariProxyConnection@889972204 wrapping conn0: url=jdbc:h2:mem:testdb user=SA]
2025-09-04T00:03:12.982-03:00 DEBUG 1424 --- [           main] o.s.jdbc.support.JdbcTransactionManager  : Releasing JDBC Connection [HikariProxyConnection@889972204 wrapping conn0: url=jdbc:h2:mem:testdb user=SA] after transaction
2025-09-04T00:03:12.983-03:00 DEBUG 1424 --- [           main] o.s.jdbc.support.JdbcTransactionManager  : Creating new transaction with name [null]: PROPAGATION_REQUIRED,ISOLATION_DEFAULT
2025-09-04T00:03:12.983-03:00 DEBUG 1424 --- [           main] o.s.jdbc.support.JdbcTransactionManager  : Acquired Connection [HikariProxyConnection@1415884524 wrapping conn0: url=jdbc:h2:mem:testdb user=SA] for JDBC transaction
2025-09-04T00:03:12.983-03:00 DEBUG 1424 --- [           main] o.s.jdbc.support.JdbcTransactionManager  : Switching JDBC Connection [HikariProxyConnection@1415884524 wrapping conn0: url=jdbc:h2:mem:testdb user=SA] to manual commit
2025-09-04T00:03:12.984-03:00 DEBUG 1424 --- [           main] o.s.jdbc.support.JdbcTransactionManager  : Initiating transaction commit
2025-09-04T00:03:12.984-03:00 DEBUG 1424 --- [           main] o.s.jdbc.support.JdbcTransactionManager  : Committing JDBC transaction on Connection [HikariProxyConnection@1415884524 wrapping conn0: url=jdbc:h2:mem:testdb user=SA]
2025-09-04T00:03:12.985-03:00 DEBUG 1424 --- [           main] o.s.jdbc.support.JdbcTransactionManager  : Releasing JDBC Connection [HikariProxyConnection@1415884524 wrapping conn0: url=jdbc:h2:mem:testdb user=SA] after transaction
2025-09-04T00:03:12.985-03:00 DEBUG 1424 --- [           main] o.s.jdbc.support.JdbcTransactionManager  : Creating new transaction with name [null]: PROPAGATION_REQUIRED,ISOLATION_DEFAULT
2025-09-04T00:03:12.985-03:00 DEBUG 1424 --- [           main] o.s.jdbc.support.JdbcTransactionManager  : Acquired Connection [HikariProxyConnection@1911830487 wrapping conn0: url=jdbc:h2:mem:testdb user=SA] for JDBC transaction
2025-09-04T00:03:12.985-03:00 DEBUG 1424 --- [           main] o.s.jdbc.support.JdbcTransactionManager  : Switching JDBC Connection [HikariProxyConnection@1911830487 wrapping conn0: url=jdbc:h2:mem:testdb user=SA] to manual commit
2025-09-04T00:03:12.986-03:00 DEBUG 1424 --- [           main] o.s.jdbc.support.JdbcTransactionManager  : Initiating transaction commit
2025-09-04T00:03:12.987-03:00 DEBUG 1424 --- [           main] o.s.jdbc.support.JdbcTransactionManager  : Committing JDBC transaction on Connection [HikariProxyConnection@1911830487 wrapping conn0: url=jdbc:h2:mem:testdb user=SA]
2025-09-04T00:03:12.987-03:00 DEBUG 1424 --- [           main] o.s.jdbc.support.JdbcTransactionManager  : Releasing JDBC Connection [HikariProxyConnection@1911830487 wrapping conn0: url=jdbc:h2:mem:testdb user=SA] after transaction
2025-09-04T00:03:12.987-03:00 DEBUG 1424 --- [           main] o.s.jdbc.support.JdbcTransactionManager  : Creating new transaction with name [null]: PROPAGATION_REQUIRED,ISOLATION_DEFAULT
2025-09-04T00:03:12.987-03:00 DEBUG 1424 --- [           main] o.s.jdbc.support.JdbcTransactionManager  : Acquired Connection [HikariProxyConnection@551821075 wrapping conn0: url=jdbc:h2:mem:testdb user=SA] for JDBC transaction
2025-09-04T00:03:12.988-03:00 DEBUG 1424 --- [           main] o.s.jdbc.support.JdbcTransactionManager  : Switching JDBC Connection [HikariProxyConnection@551821075 wrapping conn0: url=jdbc:h2:mem:testdb user=SA] to manual commit
2025-09-04T00:03:12.989-03:00 DEBUG 1424 --- [           main] o.s.jdbc.support.JdbcTransactionManager  : Initiating transaction commit
2025-09-04T00:03:12.990-03:00 DEBUG 1424 --- [           main] o.s.jdbc.support.JdbcTransactionManager  : Committing JDBC transaction on Connection [HikariProxyConnection@551821075 wrapping conn0: url=jdbc:h2:mem:testdb user=SA]
2025-09-04T00:03:12.990-03:00 DEBUG 1424 --- [           main] o.s.jdbc.support.JdbcTransactionManager  : Releasing JDBC Connection [HikariProxyConnection@551821075 wrapping conn0: url=jdbc:h2:mem:testdb user=SA] after transaction
2025-09-04T00:03:12.990-03:00 DEBUG 1424 --- [           main] o.s.jdbc.support.JdbcTransactionManager  : Creating new transaction with name [null]: PROPAGATION_REQUIRED,ISOLATION_DEFAULT
2025-09-04T00:03:12.990-03:00 DEBUG 1424 --- [           main] o.s.jdbc.support.JdbcTransactionManager  : Acquired Connection [HikariProxyConnection@1067780644 wrapping conn0: url=jdbc:h2:mem:testdb user=SA] for JDBC transaction
2025-09-04T00:03:12.990-03:00 DEBUG 1424 --- [           main] o.s.jdbc.support.JdbcTransactionManager  : Switching JDBC Connection [HikariProxyConnection@1067780644 wrapping conn0: url=jdbc:h2:mem:testdb user=SA] to manual commit
2025-09-04T00:03:12.992-03:00 DEBUG 1424 --- [           main] o.s.jdbc.support.JdbcTransactionManager  : Initiating transaction commit
2025-09-04T00:03:12.992-03:00 DEBUG 1424 --- [           main] o.s.jdbc.support.JdbcTransactionManager  : Committing JDBC transaction on Connection [HikariProxyConnection@1067780644 wrapping conn0: url=jdbc:h2:mem:testdb user=SA]
2025-09-04T00:03:12.993-03:00 DEBUG 1424 --- [           main] o.s.jdbc.support.JdbcTransactionManager  : Releasing JDBC Connection [HikariProxyConnection@1067780644 wrapping conn0: url=jdbc:h2:mem:testdb user=SA] after transaction
2025-09-04T00:03:12.993-03:00 DEBUG 1424 --- [           main] o.s.jdbc.support.JdbcTransactionManager  : Creating new transaction with name [null]: PROPAGATION_REQUIRED,ISOLATION_DEFAULT
2025-09-04T00:03:12.993-03:00 DEBUG 1424 --- [           main] o.s.jdbc.support.JdbcTransactionManager  : Acquired Connection [HikariProxyConnection@1478007685 wrapping conn0: url=jdbc:h2:mem:testdb user=SA] for JDBC transaction
2025-09-04T00:03:12.993-03:00 DEBUG 1424 --- [           main] o.s.jdbc.support.JdbcTransactionManager  : Switching JDBC Connection [HikariProxyConnection@1478007685 wrapping conn0: url=jdbc:h2:mem:testdb user=SA] to manual commit
2025-09-04T00:03:12.995-03:00 DEBUG 1424 --- [           main] o.s.jdbc.support.JdbcTransactionManager  : Initiating transaction commit
2025-09-04T00:03:12.996-03:00 DEBUG 1424 --- [           main] o.s.jdbc.support.JdbcTransactionManager  : Committing JDBC transaction on Connection [HikariProxyConnection@1478007685 wrapping conn0: url=jdbc:h2:mem:testdb user=SA]
2025-09-04T00:03:12.996-03:00 DEBUG 1424 --- [           main] o.s.jdbc.support.JdbcTransactionManager  : Releasing JDBC Connection [HikariProxyConnection@1478007685 wrapping conn0: url=jdbc:h2:mem:testdb user=SA] after transaction
2025-09-04T00:03:12.996-03:00 DEBUG 1424 --- [           main] o.s.jdbc.support.JdbcTransactionManager  : Creating new transaction with name [null]: PROPAGATION_REQUIRED,ISOLATION_DEFAULT
2025-09-04T00:03:12.996-03:00 DEBUG 1424 --- [           main] o.s.jdbc.support.JdbcTransactionManager  : Acquired Connection [HikariProxyConnection@1581377197 wrapping conn0: url=jdbc:h2:mem:testdb user=SA] for JDBC transaction
2025-09-04T00:03:12.996-03:00 DEBUG 1424 --- [           main] o.s.jdbc.support.JdbcTransactionManager  : Switching JDBC Connection [HikariProxyConnection@1581377197 wrapping conn0: url=jdbc:h2:mem:testdb user=SA] to manual commit
2025-09-04T00:03:12.998-03:00 DEBUG 1424 --- [           main] o.s.jdbc.support.JdbcTransactionManager  : Initiating transaction commit
2025-09-04T00:03:12.998-03:00 DEBUG 1424 --- [           main] o.s.jdbc.support.JdbcTransactionManager  : Committing JDBC transaction on Connection [HikariProxyConnection@1581377197 wrapping conn0: url=jdbc:h2:mem:testdb user=SA]
2025-09-04T00:03:12.999-03:00 DEBUG 1424 --- [           main] o.s.jdbc.support.JdbcTransactionManager  : Releasing JDBC Connection [HikariProxyConnection@1581377197 wrapping conn0: url=jdbc:h2:mem:testdb user=SA] after transaction
2025-09-04T00:03:12.999-03:00 DEBUG 1424 --- [           main] o.s.jdbc.support.JdbcTransactionManager  : Creating new transaction with name [null]: PROPAGATION_REQUIRED,ISOLATION_DEFAULT
2025-09-04T00:03:12.999-03:00 DEBUG 1424 --- [           main] o.s.jdbc.support.JdbcTransactionManager  : Acquired Connection [HikariProxyConnection@985514269 wrapping conn0: url=jdbc:h2:mem:testdb user=SA] for JDBC transaction
2025-09-04T00:03:12.999-03:00 DEBUG 1424 --- [           main] o.s.jdbc.support.JdbcTransactionManager  : Switching JDBC Connection [HikariProxyConnection@985514269 wrapping conn0: url=jdbc:h2:mem:testdb user=SA] to manual commit
2025-09-04T00:03:13.001-03:00 DEBUG 1424 --- [           main] o.s.jdbc.support.JdbcTransactionManager  : Initiating transaction commit
2025-09-04T00:03:13.001-03:00 DEBUG 1424 --- [           main] o.s.jdbc.support.JdbcTransactionManager  : Committing JDBC transaction on Connection [HikariProxyConnection@985514269 wrapping conn0: url=jdbc:h2:mem:testdb user=SA]
2025-09-04T00:03:13.001-03:00 DEBUG 1424 --- [           main] o.s.jdbc.support.JdbcTransactionManager  : Releasing JDBC Connection [HikariProxyConnection@985514269 wrapping conn0: url=jdbc:h2:mem:testdb user=SA] after transaction
2025-09-04T00:03:13.002-03:00 DEBUG 1424 --- [           main] o.s.jdbc.support.JdbcTransactionManager  : Creating new transaction with name [null]: PROPAGATION_REQUIRED,ISOLATION_DEFAULT
2025-09-04T00:03:13.002-03:00 DEBUG 1424 --- [           main] o.s.jdbc.support.JdbcTransactionManager  : Acquired Connection [HikariProxyConnection@862853054 wrapping conn0: url=jdbc:h2:mem:testdb user=SA] for JDBC transaction
2025-09-04T00:03:13.002-03:00 DEBUG 1424 --- [           main] o.s.jdbc.support.JdbcTransactionManager  : Switching JDBC Connection [HikariProxyConnection@862853054 wrapping conn0: url=jdbc:h2:mem:testdb user=SA] to manual commit
2025-09-04T00:03:13.003-03:00 DEBUG 1424 --- [           main] o.s.jdbc.support.JdbcTransactionManager  : Initiating transaction commit
2025-09-04T00:03:13.004-03:00 DEBUG 1424 --- [           main] o.s.jdbc.support.JdbcTransactionManager  : Committing JDBC transaction on Connection [HikariProxyConnection@862853054 wrapping conn0: url=jdbc:h2:mem:testdb user=SA]
2025-09-04T00:03:13.005-03:00 DEBUG 1424 --- [           main] o.s.jdbc.support.JdbcTransactionManager  : Releasing JDBC Connection [HikariProxyConnection@862853054 wrapping conn0: url=jdbc:h2:mem:testdb user=SA] after transaction
2025-09-04T00:03:13.005-03:00 DEBUG 1424 --- [           main] o.s.jdbc.support.JdbcTransactionManager  : Creating new transaction with name [null]: PROPAGATION_REQUIRED,ISOLATION_DEFAULT
2025-09-04T00:03:13.005-03:00 DEBUG 1424 --- [           main] o.s.jdbc.support.JdbcTransactionManager  : Acquired Connection [HikariProxyConnection@1819701896 wrapping conn0: url=jdbc:h2:mem:testdb user=SA] for JDBC transaction
2025-09-04T00:03:13.005-03:00 DEBUG 1424 --- [           main] o.s.jdbc.support.JdbcTransactionManager  : Switching JDBC Connection [HikariProxyConnection@1819701896 wrapping conn0: url=jdbc:h2:mem:testdb user=SA] to manual commit
2025-09-04T00:03:13.007-03:00 DEBUG 1424 --- [           main] o.s.jdbc.support.JdbcTransactionManager  : Initiating transaction commit
2025-09-04T00:03:13.007-03:00 DEBUG 1424 --- [           main] o.s.jdbc.support.JdbcTransactionManager  : Committing JDBC transaction on Connection [HikariProxyConnection@1819701896 wrapping conn0: url=jdbc:h2:mem:testdb user=SA]
2025-09-04T00:03:13.007-03:00 DEBUG 1424 --- [           main] o.s.jdbc.support.JdbcTransactionManager  : Releasing JDBC Connection [HikariProxyConnection@1819701896 wrapping conn0: url=jdbc:h2:mem:testdb user=SA] after transaction
2025-09-04T00:03:13.008-03:00 DEBUG 1424 --- [           main] o.s.jdbc.support.JdbcTransactionManager  : Creating new transaction with name [null]: PROPAGATION_REQUIRED,ISOLATION_DEFAULT
2025-09-04T00:03:13.008-03:00 DEBUG 1424 --- [           main] o.s.jdbc.support.JdbcTransactionManager  : Acquired Connection [HikariProxyConnection@312362475 wrapping conn0: url=jdbc:h2:mem:testdb user=SA] for JDBC transaction
2025-09-04T00:03:13.008-03:00 DEBUG 1424 --- [           main] o.s.jdbc.support.JdbcTransactionManager  : Switching JDBC Connection [HikariProxyConnection@312362475 wrapping conn0: url=jdbc:h2:mem:testdb user=SA] to manual commit
2025-09-04T00:03:13.009-03:00 DEBUG 1424 --- [           main] o.s.jdbc.support.JdbcTransactionManager  : Initiating transaction commit
2025-09-04T00:03:13.010-03:00 DEBUG 1424 --- [           main] o.s.jdbc.support.JdbcTransactionManager  : Committing JDBC transaction on Connection [HikariProxyConnection@312362475 wrapping conn0: url=jdbc:h2:mem:testdb user=SA]
2025-09-04T00:03:13.010-03:00 DEBUG 1424 --- [           main] o.s.jdbc.support.JdbcTransactionManager  : Releasing JDBC Connection [HikariProxyConnection@312362475 wrapping conn0: url=jdbc:h2:mem:testdb user=SA] after transaction
2025-09-04T00:03:13.010-03:00 DEBUG 1424 --- [           main] o.s.jdbc.support.JdbcTransactionManager  : Creating new transaction with name [null]: PROPAGATION_REQUIRED,ISOLATION_DEFAULT
2025-09-04T00:03:13.010-03:00 DEBUG 1424 --- [           main] o.s.jdbc.support.JdbcTransactionManager  : Acquired Connection [HikariProxyConnection@1249789597 wrapping conn0: url=jdbc:h2:mem:testdb user=SA] for JDBC transaction
2025-09-04T00:03:13.010-03:00 DEBUG 1424 --- [           main] o.s.jdbc.support.JdbcTransactionManager  : Switching JDBC Connection [HikariProxyConnection@1249789597 wrapping conn0: url=jdbc:h2:mem:testdb user=SA] to manual commit
2025-09-04T00:03:13.013-03:00 DEBUG 1424 --- [           main] o.s.jdbc.support.JdbcTransactionManager  : Initiating transaction commit
2025-09-04T00:03:13.013-03:00 DEBUG 1424 --- [           main] o.s.jdbc.support.JdbcTransactionManager  : Committing JDBC transaction on Connection [HikariProxyConnection@1249789597 wrapping conn0: url=jdbc:h2:mem:testdb user=SA]
2025-09-04T00:03:13.014-03:00 DEBUG 1424 --- [           main] o.s.jdbc.support.JdbcTransactionManager  : Releasing JDBC Connection [HikariProxyConnection@1249789597 wrapping conn0: url=jdbc:h2:mem:testdb user=SA] after transaction
2025-09-04T00:03:13.014-03:00 DEBUG 1424 --- [           main] o.s.jdbc.support.JdbcTransactionManager  : Creating new transaction with name [null]: PROPAGATION_REQUIRED,ISOLATION_DEFAULT
2025-09-04T00:03:13.014-03:00 DEBUG 1424 --- [           main] o.s.jdbc.support.JdbcTransactionManager  : Acquired Connection [HikariProxyConnection@140468053 wrapping conn0: url=jdbc:h2:mem:testdb user=SA] for JDBC transaction
2025-09-04T00:03:13.015-03:00 DEBUG 1424 --- [           main] o.s.jdbc.support.JdbcTransactionManager  : Switching JDBC Connection [HikariProxyConnection@140468053 wrapping conn0: url=jdbc:h2:mem:testdb user=SA] to manual commit
2025-09-04T00:03:13.016-03:00 DEBUG 1424 --- [           main] o.s.jdbc.support.JdbcTransactionManager  : Initiating transaction commit
2025-09-04T00:03:13.017-03:00 DEBUG 1424 --- [           main] o.s.jdbc.support.JdbcTransactionManager  : Committing JDBC transaction on Connection [HikariProxyConnection@140468053 wrapping conn0: url=jdbc:h2:mem:testdb user=SA]
2025-09-04T00:03:13.017-03:00 DEBUG 1424 --- [           main] o.s.jdbc.support.JdbcTransactionManager  : Releasing JDBC Connection [HikariProxyConnection@140468053 wrapping conn0: url=jdbc:h2:mem:testdb user=SA] after transaction
2025-09-04T00:03:13.017-03:00 DEBUG 1424 --- [           main] o.s.jdbc.support.JdbcTransactionManager  : Creating new transaction with name [null]: PROPAGATION_REQUIRED,ISOLATION_DEFAULT
2025-09-04T00:03:13.017-03:00 DEBUG 1424 --- [           main] o.s.jdbc.support.JdbcTransactionManager  : Acquired Connection [HikariProxyConnection@960704936 wrapping conn0: url=jdbc:h2:mem:testdb user=SA] for JDBC transaction
2025-09-04T00:03:13.018-03:00 DEBUG 1424 --- [           main] o.s.jdbc.support.JdbcTransactionManager  : Switching JDBC Connection [HikariProxyConnection@960704936 wrapping conn0: url=jdbc:h2:mem:testdb user=SA] to manual commit
2025-09-04T00:03:13.020-03:00 DEBUG 1424 --- [           main] o.s.jdbc.support.JdbcTransactionManager  : Initiating transaction commit
2025-09-04T00:03:13.020-03:00 DEBUG 1424 --- [           main] o.s.jdbc.support.JdbcTransactionManager  : Committing JDBC transaction on Connection [HikariProxyConnection@960704936 wrapping conn0: url=jdbc:h2:mem:testdb user=SA]
2025-09-04T00:03:13.020-03:00 DEBUG 1424 --- [           main] o.s.jdbc.support.JdbcTransactionManager  : Releasing JDBC Connection [HikariProxyConnection@960704936 wrapping conn0: url=jdbc:h2:mem:testdb user=SA] after transaction
2025-09-04T00:03:13.021-03:00 DEBUG 1424 --- [           main] o.s.jdbc.support.JdbcTransactionManager  : Creating new transaction with name [null]: PROPAGATION_REQUIRED,ISOLATION_DEFAULT
2025-09-04T00:03:13.021-03:00 DEBUG 1424 --- [           main] o.s.jdbc.support.JdbcTransactionManager  : Acquired Connection [HikariProxyConnection@1416656186 wrapping conn0: url=jdbc:h2:mem:testdb user=SA] for JDBC transaction
2025-09-04T00:03:13.021-03:00 DEBUG 1424 --- [           main] o.s.jdbc.support.JdbcTransactionManager  : Switching JDBC Connection [HikariProxyConnection@1416656186 wrapping conn0: url=jdbc:h2:mem:testdb user=SA] to manual commit
2025-09-04T00:03:13.022-03:00 DEBUG 1424 --- [           main] o.s.jdbc.support.JdbcTransactionManager  : Initiating transaction commit
2025-09-04T00:03:13.022-03:00 DEBUG 1424 --- [           main] o.s.jdbc.support.JdbcTransactionManager  : Committing JDBC transaction on Connection [HikariProxyConnection@1416656186 wrapping conn0: url=jdbc:h2:mem:testdb user=SA]
2025-09-04T00:03:13.022-03:00 DEBUG 1424 --- [           main] o.s.jdbc.support.JdbcTransactionManager  : Releasing JDBC Connection [HikariProxyConnection@1416656186 wrapping conn0: url=jdbc:h2:mem:testdb user=SA] after transaction
2025-09-04T00:03:13.023-03:00 DEBUG 1424 --- [           main] o.s.jdbc.support.JdbcTransactionManager  : Creating new transaction with name [null]: PROPAGATION_REQUIRED,ISOLATION_DEFAULT
2025-09-04T00:03:13.023-03:00 DEBUG 1424 --- [           main] o.s.jdbc.support.JdbcTransactionManager  : Acquired Connection [HikariProxyConnection@2064513681 wrapping conn0: url=jdbc:h2:mem:testdb user=SA] for JDBC transaction
2025-09-04T00:03:13.023-03:00 DEBUG 1424 --- [           main] o.s.jdbc.support.JdbcTransactionManager  : Switching JDBC Connection [HikariProxyConnection@2064513681 wrapping conn0: url=jdbc:h2:mem:testdb user=SA] to manual commit
2025-09-04T00:03:13.026-03:00 DEBUG 1424 --- [           main] o.s.jdbc.support.JdbcTransactionManager  : Initiating transaction commit
2025-09-04T00:03:13.026-03:00 DEBUG 1424 --- [           main] o.s.jdbc.support.JdbcTransactionManager  : Committing JDBC transaction on Connection [HikariProxyConnection@2064513681 wrapping conn0: url=jdbc:h2:mem:testdb user=SA]
2025-09-04T00:03:13.027-03:00 DEBUG 1424 --- [           main] o.s.jdbc.support.JdbcTransactionManager  : Releasing JDBC Connection [HikariProxyConnection@2064513681 wrapping conn0: url=jdbc:h2:mem:testdb user=SA] after transaction
2025-09-04T00:03:13.027-03:00 DEBUG 1424 --- [           main] o.s.jdbc.support.JdbcTransactionManager  : Creating new transaction with name [null]: PROPAGATION_REQUIRED,ISOLATION_DEFAULT
2025-09-04T00:03:13.027-03:00 DEBUG 1424 --- [           main] o.s.jdbc.support.JdbcTransactionManager  : Acquired Connection [HikariProxyConnection@857865061 wrapping conn0: url=jdbc:h2:mem:testdb user=SA] for JDBC transaction
2025-09-04T00:03:13.027-03:00 DEBUG 1424 --- [           main] o.s.jdbc.support.JdbcTransactionManager  : Switching JDBC Connection [HikariProxyConnection@857865061 wrapping conn0: url=jdbc:h2:mem:testdb user=SA] to manual commit
2025-09-04T00:03:13.029-03:00 DEBUG 1424 --- [           main] o.s.jdbc.support.JdbcTransactionManager  : Initiating transaction commit
2025-09-04T00:03:13.029-03:00 DEBUG 1424 --- [           main] o.s.jdbc.support.JdbcTransactionManager  : Committing JDBC transaction on Connection [HikariProxyConnection@857865061 wrapping conn0: url=jdbc:h2:mem:testdb user=SA]
2025-09-04T00:03:13.029-03:00 DEBUG 1424 --- [           main] o.s.jdbc.support.JdbcTransactionManager  : Releasing JDBC Connection [HikariProxyConnection@857865061 wrapping conn0: url=jdbc:h2:mem:testdb user=SA] after transaction
2025-09-04T00:03:13.030-03:00 DEBUG 1424 --- [           main] o.s.jdbc.support.JdbcTransactionManager  : Creating new transaction with name [null]: PROPAGATION_REQUIRED,ISOLATION_DEFAULT
2025-09-04T00:03:13.030-03:00 DEBUG 1424 --- [           main] o.s.jdbc.support.JdbcTransactionManager  : Acquired Connection [HikariProxyConnection@1715414246 wrapping conn0: url=jdbc:h2:mem:testdb user=SA] for JDBC transaction
2025-09-04T00:03:13.030-03:00 DEBUG 1424 --- [           main] o.s.jdbc.support.JdbcTransactionManager  : Switching JDBC Connection [HikariProxyConnection@1715414246 wrapping conn0: url=jdbc:h2:mem:testdb user=SA] to manual commit
2025-09-04T00:03:13.032-03:00 DEBUG 1424 --- [           main] o.s.jdbc.support.JdbcTransactionManager  : Initiating transaction commit
2025-09-04T00:03:13.032-03:00 DEBUG 1424 --- [           main] o.s.jdbc.support.JdbcTransactionManager  : Committing JDBC transaction on Connection [HikariProxyConnection@1715414246 wrapping conn0: url=jdbc:h2:mem:testdb user=SA]
2025-09-04T00:03:13.032-03:00 DEBUG 1424 --- [           main] o.s.jdbc.support.JdbcTransactionManager  : Releasing JDBC Connection [HikariProxyConnection@1715414246 wrapping conn0: url=jdbc:h2:mem:testdb user=SA] after transaction
2025-09-04T00:03:13.032-03:00 DEBUG 1424 --- [           main] o.s.jdbc.support.JdbcTransactionManager  : Creating new transaction with name [null]: PROPAGATION_REQUIRED,ISOLATION_DEFAULT
2025-09-04T00:03:13.032-03:00 DEBUG 1424 --- [           main] o.s.jdbc.support.JdbcTransactionManager  : Acquired Connection [HikariProxyConnection@1108674897 wrapping conn0: url=jdbc:h2:mem:testdb user=SA] for JDBC transaction
2025-09-04T00:03:13.032-03:00 DEBUG 1424 --- [           main] o.s.jdbc.support.JdbcTransactionManager  : Switching JDBC Connection [HikariProxyConnection@1108674897 wrapping conn0: url=jdbc:h2:mem:testdb user=SA] to manual commit
2025-09-04T00:03:13.033-03:00 DEBUG 1424 --- [           main] o.s.jdbc.support.JdbcTransactionManager  : Initiating transaction commit
2025-09-04T00:03:13.033-03:00 DEBUG 1424 --- [           main] o.s.jdbc.support.JdbcTransactionManager  : Committing JDBC transaction on Connection [HikariProxyConnection@1108674897 wrapping conn0: url=jdbc:h2:mem:testdb user=SA]
2025-09-04T00:03:13.033-03:00 DEBUG 1424 --- [           main] o.s.jdbc.support.JdbcTransactionManager  : Releasing JDBC Connection [HikariProxyConnection@1108674897 wrapping conn0: url=jdbc:h2:mem:testdb user=SA] after transaction
2025-09-04T00:03:13.034-03:00 DEBUG 1424 --- [           main] o.s.jdbc.support.JdbcTransactionManager  : Creating new transaction with name [null]: PROPAGATION_REQUIRED,ISOLATION_DEFAULT
2025-09-04T00:03:13.034-03:00 DEBUG 1424 --- [           main] o.s.jdbc.support.JdbcTransactionManager  : Acquired Connection [HikariProxyConnection@990656754 wrapping conn0: url=jdbc:h2:mem:testdb user=SA] for JDBC transaction
2025-09-04T00:03:13.034-03:00 DEBUG 1424 --- [           main] o.s.jdbc.support.JdbcTransactionManager  : Switching JDBC Connection [HikariProxyConnection@990656754 wrapping conn0: url=jdbc:h2:mem:testdb user=SA] to manual commit
2025-09-04T00:03:13.036-03:00 DEBUG 1424 --- [           main] o.s.jdbc.support.JdbcTransactionManager  : Initiating transaction commit
2025-09-04T00:03:13.036-03:00 DEBUG 1424 --- [           main] o.s.jdbc.support.JdbcTransactionManager  : Committing JDBC transaction on Connection [HikariProxyConnection@990656754 wrapping conn0: url=jdbc:h2:mem:testdb user=SA]
2025-09-04T00:03:13.037-03:00 DEBUG 1424 --- [           main] o.s.jdbc.support.JdbcTransactionManager  : Releasing JDBC Connection [HikariProxyConnection@990656754 wrapping conn0: url=jdbc:h2:mem:testdb user=SA] after transaction
2025-09-04T00:03:13.037-03:00 DEBUG 1424 --- [           main] o.s.jdbc.support.JdbcTransactionManager  : Creating new transaction with name [null]: PROPAGATION_REQUIRED,ISOLATION_DEFAULT
2025-09-04T00:03:13.037-03:00 DEBUG 1424 --- [           main] o.s.jdbc.support.JdbcTransactionManager  : Acquired Connection [HikariProxyConnection@921999281 wrapping conn0: url=jdbc:h2:mem:testdb user=SA] for JDBC transaction
2025-09-04T00:03:13.037-03:00 DEBUG 1424 --- [           main] o.s.jdbc.support.JdbcTransactionManager  : Switching JDBC Connection [HikariProxyConnection@921999281 wrapping conn0: url=jdbc:h2:mem:testdb user=SA] to manual commit
2025-09-04T00:03:13.038-03:00 DEBUG 1424 --- [           main] o.s.jdbc.support.JdbcTransactionManager  : Initiating transaction commit
2025-09-04T00:03:13.038-03:00 DEBUG 1424 --- [           main] o.s.jdbc.support.JdbcTransactionManager  : Committing JDBC transaction on Connection [HikariProxyConnection@921999281 wrapping conn0: url=jdbc:h2:mem:testdb user=SA]
2025-09-04T00:03:13.039-03:00 DEBUG 1424 --- [           main] o.s.jdbc.support.JdbcTransactionManager  : Releasing JDBC Connection [HikariProxyConnection@921999281 wrapping conn0: url=jdbc:h2:mem:testdb user=SA] after transaction
2025-09-04T00:03:13.039-03:00 DEBUG 1424 --- [           main] o.s.jdbc.support.JdbcTransactionManager  : Creating new transaction with name [null]: PROPAGATION_REQUIRED,ISOLATION_DEFAULT
2025-09-04T00:03:13.039-03:00 DEBUG 1424 --- [           main] o.s.jdbc.support.JdbcTransactionManager  : Acquired Connection [HikariProxyConnection@286772348 wrapping conn0: url=jdbc:h2:mem:testdb user=SA] for JDBC transaction
2025-09-04T00:03:13.039-03:00 DEBUG 1424 --- [           main] o.s.jdbc.support.JdbcTransactionManager  : Switching JDBC Connection [HikariProxyConnection@286772348 wrapping conn0: url=jdbc:h2:mem:testdb user=SA] to manual commit
2025-09-04T00:03:13.041-03:00 DEBUG 1424 --- [           main] o.s.jdbc.support.JdbcTransactionManager  : Initiating transaction commit
2025-09-04T00:03:13.041-03:00 DEBUG 1424 --- [           main] o.s.jdbc.support.JdbcTransactionManager  : Committing JDBC transaction on Connection [HikariProxyConnection@286772348 wrapping conn0: url=jdbc:h2:mem:testdb user=SA]
2025-09-04T00:03:13.041-03:00 DEBUG 1424 --- [           main] o.s.jdbc.support.JdbcTransactionManager  : Releasing JDBC Connection [HikariProxyConnection@286772348 wrapping conn0: url=jdbc:h2:mem:testdb user=SA] after transaction
2025-09-04T00:03:13.042-03:00 DEBUG 1424 --- [           main] o.s.jdbc.support.JdbcTransactionManager  : Creating new transaction with name [null]: PROPAGATION_REQUIRED,ISOLATION_DEFAULT
2025-09-04T00:03:13.042-03:00 DEBUG 1424 --- [           main] o.s.jdbc.support.JdbcTransactionManager  : Acquired Connection [HikariProxyConnection@1439452257 wrapping conn0: url=jdbc:h2:mem:testdb user=SA] for JDBC transaction
2025-09-04T00:03:13.042-03:00 DEBUG 1424 --- [           main] o.s.jdbc.support.JdbcTransactionManager  : Switching JDBC Connection [HikariProxyConnection@1439452257 wrapping conn0: url=jdbc:h2:mem:testdb user=SA] to manual commit
2025-09-04T00:03:13.043-03:00 DEBUG 1424 --- [           main] o.s.jdbc.support.JdbcTransactionManager  : Initiating transaction commit
2025-09-04T00:03:13.043-03:00 DEBUG 1424 --- [           main] o.s.jdbc.support.JdbcTransactionManager  : Committing JDBC transaction on Connection [HikariProxyConnection@1439452257 wrapping conn0: url=jdbc:h2:mem:testdb user=SA]
2025-09-04T00:03:13.043-03:00 DEBUG 1424 --- [           main] o.s.jdbc.support.JdbcTransactionManager  : Releasing JDBC Connection [HikariProxyConnection@1439452257 wrapping conn0: url=jdbc:h2:mem:testdb user=SA] after transaction
2025-09-04T00:03:13.044-03:00 DEBUG 1424 --- [           main] o.s.jdbc.support.JdbcTransactionManager  : Creating new transaction with name [null]: PROPAGATION_REQUIRED,ISOLATION_DEFAULT
2025-09-04T00:03:13.044-03:00 DEBUG 1424 --- [           main] o.s.jdbc.support.JdbcTransactionManager  : Acquired Connection [HikariProxyConnection@81639848 wrapping conn0: url=jdbc:h2:mem:testdb user=SA] for JDBC transaction
2025-09-04T00:03:13.044-03:00 DEBUG 1424 --- [           main] o.s.jdbc.support.JdbcTransactionManager  : Switching JDBC Connection [HikariProxyConnection@81639848 wrapping conn0: url=jdbc:h2:mem:testdb user=SA] to manual commit
2025-09-04T00:03:13.046-03:00 DEBUG 1424 --- [           main] o.s.jdbc.support.JdbcTransactionManager  : Initiating transaction commit
2025-09-04T00:03:13.046-03:00 DEBUG 1424 --- [           main] o.s.jdbc.support.JdbcTransactionManager  : Committing JDBC transaction on Connection [HikariProxyConnection@81639848 wrapping conn0: url=jdbc:h2:mem:testdb user=SA]
2025-09-04T00:03:13.047-03:00 DEBUG 1424 --- [           main] o.s.jdbc.support.JdbcTransactionManager  : Releasing JDBC Connection [HikariProxyConnection@81639848 wrapping conn0: url=jdbc:h2:mem:testdb user=SA] after transaction
2025-09-04T00:03:13.047-03:00 DEBUG 1424 --- [           main] o.s.jdbc.support.JdbcTransactionManager  : Creating new transaction with name [null]: PROPAGATION_REQUIRED,ISOLATION_DEFAULT
2025-09-04T00:03:13.047-03:00 DEBUG 1424 --- [           main] o.s.jdbc.support.JdbcTransactionManager  : Acquired Connection [HikariProxyConnection@1279013285 wrapping conn0: url=jdbc:h2:mem:testdb user=SA] for JDBC transaction
2025-09-04T00:03:13.047-03:00 DEBUG 1424 --- [           main] o.s.jdbc.support.JdbcTransactionManager  : Switching JDBC Connection [HikariProxyConnection@1279013285 wrapping conn0: url=jdbc:h2:mem:testdb user=SA] to manual commit
2025-09-04T00:03:13.048-03:00 DEBUG 1424 --- [           main] o.s.jdbc.support.JdbcTransactionManager  : Initiating transaction commit
2025-09-04T00:03:13.048-03:00 DEBUG 1424 --- [           main] o.s.jdbc.support.JdbcTransactionManager  : Committing JDBC transaction on Connection [HikariProxyConnection@1279013285 wrapping conn0: url=jdbc:h2:mem:testdb user=SA]
2025-09-04T00:03:13.049-03:00 DEBUG 1424 --- [           main] o.s.jdbc.support.JdbcTransactionManager  : Releasing JDBC Connection [HikariProxyConnection@1279013285 wrapping conn0: url=jdbc:h2:mem:testdb user=SA] after transaction
2025-09-04T00:03:13.049-03:00 DEBUG 1424 --- [           main] o.s.jdbc.support.JdbcTransactionManager  : Creating new transaction with name [null]: PROPAGATION_REQUIRED,ISOLATION_DEFAULT
2025-09-04T00:03:13.049-03:00 DEBUG 1424 --- [           main] o.s.jdbc.support.JdbcTransactionManager  : Acquired Connection [HikariProxyConnection@972774879 wrapping conn0: url=jdbc:h2:mem:testdb user=SA] for JDBC transaction
2025-09-04T00:03:13.049-03:00 DEBUG 1424 --- [           main] o.s.jdbc.support.JdbcTransactionManager  : Switching JDBC Connection [HikariProxyConnection@972774879 wrapping conn0: url=jdbc:h2:mem:testdb user=SA] to manual commit
2025-09-04T00:03:13.051-03:00 DEBUG 1424 --- [           main] o.s.jdbc.support.JdbcTransactionManager  : Initiating transaction commit
2025-09-04T00:03:13.051-03:00 DEBUG 1424 --- [           main] o.s.jdbc.support.JdbcTransactionManager  : Committing JDBC transaction on Connection [HikariProxyConnection@972774879 wrapping conn0: url=jdbc:h2:mem:testdb user=SA]
2025-09-04T00:03:13.051-03:00 DEBUG 1424 --- [           main] o.s.jdbc.support.JdbcTransactionManager  : Releasing JDBC Connection [HikariProxyConnection@972774879 wrapping conn0: url=jdbc:h2:mem:testdb user=SA] after transaction
2025-09-04T00:03:13.052-03:00 DEBUG 1424 --- [           main] o.s.jdbc.support.JdbcTransactionManager  : Creating new transaction with name [null]: PROPAGATION_REQUIRED,ISOLATION_DEFAULT
2025-09-04T00:03:13.052-03:00 DEBUG 1424 --- [           main] o.s.jdbc.support.JdbcTransactionManager  : Acquired Connection [HikariProxyConnection@1236369608 wrapping conn0: url=jdbc:h2:mem:testdb user=SA] for JDBC transaction
2025-09-04T00:03:13.052-03:00 DEBUG 1424 --- [           main] o.s.jdbc.support.JdbcTransactionManager  : Switching JDBC Connection [HikariProxyConnection@1236369608 wrapping conn0: url=jdbc:h2:mem:testdb user=SA] to manual commit
2025-09-04T00:03:13.053-03:00 DEBUG 1424 --- [           main] o.s.jdbc.support.JdbcTransactionManager  : Initiating transaction commit
2025-09-04T00:03:13.053-03:00 DEBUG 1424 --- [           main] o.s.jdbc.support.JdbcTransactionManager  : Committing JDBC transaction on Connection [HikariProxyConnection@1236369608 wrapping conn0: url=jdbc:h2:mem:testdb user=SA]
2025-09-04T00:03:13.054-03:00 DEBUG 1424 --- [           main] o.s.jdbc.support.JdbcTransactionManager  : Releasing JDBC Connection [HikariProxyConnection@1236369608 wrapping conn0: url=jdbc:h2:mem:testdb user=SA] after transaction
2025-09-04T00:03:13.054-03:00 DEBUG 1424 --- [           main] o.s.jdbc.support.JdbcTransactionManager  : Creating new transaction with name [null]: PROPAGATION_REQUIRED,ISOLATION_DEFAULT
2025-09-04T00:03:13.054-03:00 DEBUG 1424 --- [           main] o.s.jdbc.support.JdbcTransactionManager  : Acquired Connection [HikariProxyConnection@1869873220 wrapping conn0: url=jdbc:h2:mem:testdb user=SA] for JDBC transaction
2025-09-04T00:03:13.054-03:00 DEBUG 1424 --- [           main] o.s.jdbc.support.JdbcTransactionManager  : Switching JDBC Connection [HikariProxyConnection@1869873220 wrapping conn0: url=jdbc:h2:mem:testdb user=SA] to manual commit
2025-09-04T00:03:13.057-03:00 DEBUG 1424 --- [           main] o.s.jdbc.support.JdbcTransactionManager  : Initiating transaction commit
2025-09-04T00:03:13.057-03:00 DEBUG 1424 --- [           main] o.s.jdbc.support.JdbcTransactionManager  : Committing JDBC transaction on Connection [HikariProxyConnection@1869873220 wrapping conn0: url=jdbc:h2:mem:testdb user=SA]
2025-09-04T00:03:13.058-03:00 DEBUG 1424 --- [           main] o.s.jdbc.support.JdbcTransactionManager  : Releasing JDBC Connection [HikariProxyConnection@1869873220 wrapping conn0: url=jdbc:h2:mem:testdb user=SA] after transaction
2025-09-04T00:03:13.058-03:00 DEBUG 1424 --- [           main] o.s.jdbc.support.JdbcTransactionManager  : Creating new transaction with name [null]: PROPAGATION_REQUIRED,ISOLATION_DEFAULT
2025-09-04T00:03:13.058-03:00 DEBUG 1424 --- [           main] o.s.jdbc.support.JdbcTransactionManager  : Acquired Connection [HikariProxyConnection@662786209 wrapping conn0: url=jdbc:h2:mem:testdb user=SA] for JDBC transaction
2025-09-04T00:03:13.058-03:00 DEBUG 1424 --- [           main] o.s.jdbc.support.JdbcTransactionManager  : Switching JDBC Connection [HikariProxyConnection@662786209 wrapping conn0: url=jdbc:h2:mem:testdb user=SA] to manual commit
2025-09-04T00:03:13.059-03:00 DEBUG 1424 --- [           main] o.s.jdbc.support.JdbcTransactionManager  : Initiating transaction commit
2025-09-04T00:03:13.060-03:00 DEBUG 1424 --- [           main] o.s.jdbc.support.JdbcTransactionManager  : Committing JDBC transaction on Connection [HikariProxyConnection@662786209 wrapping conn0: url=jdbc:h2:mem:testdb user=SA]
2025-09-04T00:03:13.060-03:00 DEBUG 1424 --- [           main] o.s.jdbc.support.JdbcTransactionManager  : Releasing JDBC Connection [HikariProxyConnection@662786209 wrapping conn0: url=jdbc:h2:mem:testdb user=SA] after transaction
2025-09-04T00:03:13.060-03:00 DEBUG 1424 --- [           main] o.s.jdbc.support.JdbcTransactionManager  : Creating new transaction with name [null]: PROPAGATION_REQUIRED,ISOLATION_DEFAULT
2025-09-04T00:03:13.060-03:00 DEBUG 1424 --- [           main] o.s.jdbc.support.JdbcTransactionManager  : Acquired Connection [HikariProxyConnection@1898859288 wrapping conn0: url=jdbc:h2:mem:testdb user=SA] for JDBC transaction
2025-09-04T00:03:13.060-03:00 DEBUG 1424 --- [           main] o.s.jdbc.support.JdbcTransactionManager  : Switching JDBC Connection [HikariProxyConnection@1898859288 wrapping conn0: url=jdbc:h2:mem:testdb user=SA] to manual commit
2025-09-04T00:03:13.063-03:00 DEBUG 1424 --- [           main] o.s.jdbc.support.JdbcTransactionManager  : Initiating transaction commit
2025-09-04T00:03:13.063-03:00 DEBUG 1424 --- [           main] o.s.jdbc.support.JdbcTransactionManager  : Committing JDBC transaction on Connection [HikariProxyConnection@1898859288 wrapping conn0: url=jdbc:h2:mem:testdb user=SA]
2025-09-04T00:03:13.063-03:00 DEBUG 1424 --- [           main] o.s.jdbc.support.JdbcTransactionManager  : Releasing JDBC Connection [HikariProxyConnection@1898859288 wrapping conn0: url=jdbc:h2:mem:testdb user=SA] after transaction
2025-09-04T00:03:13.063-03:00 DEBUG 1424 --- [           main] o.s.jdbc.support.JdbcTransactionManager  : Creating new transaction with name [null]: PROPAGATION_REQUIRED,ISOLATION_DEFAULT
2025-09-04T00:03:13.064-03:00 DEBUG 1424 --- [           main] o.s.jdbc.support.JdbcTransactionManager  : Acquired Connection [HikariProxyConnection@667957103 wrapping conn0: url=jdbc:h2:mem:testdb user=SA] for JDBC transaction
2025-09-04T00:03:13.064-03:00 DEBUG 1424 --- [           main] o.s.jdbc.support.JdbcTransactionManager  : Switching JDBC Connection [HikariProxyConnection@667957103 wrapping conn0: url=jdbc:h2:mem:testdb user=SA] to manual commit
2025-09-04T00:03:13.065-03:00 DEBUG 1424 --- [           main] o.s.jdbc.support.JdbcTransactionManager  : Initiating transaction commit
2025-09-04T00:03:13.065-03:00 DEBUG 1424 --- [           main] o.s.jdbc.support.JdbcTransactionManager  : Committing JDBC transaction on Connection [HikariProxyConnection@667957103 wrapping conn0: url=jdbc:h2:mem:testdb user=SA]
2025-09-04T00:03:13.066-03:00 DEBUG 1424 --- [           main] o.s.jdbc.support.JdbcTransactionManager  : Releasing JDBC Connection [HikariProxyConnection@667957103 wrapping conn0: url=jdbc:h2:mem:testdb user=SA] after transaction
2025-09-04T00:03:13.066-03:00 DEBUG 1424 --- [           main] o.s.jdbc.support.JdbcTransactionManager  : Creating new transaction with name [null]: PROPAGATION_REQUIRED,ISOLATION_DEFAULT
[...]
2025-09-04T00:03:15.459-03:00 DEBUG 1424 --- [           main] o.s.jdbc.support.JdbcTransactionManager  : Switching JDBC Connection [HikariProxyConnection@350761035 wrapping conn0: url=jdbc:h2:mem:testdb user=SA] to manual commit
2025-09-04T00:03:15.473-03:00 DEBUG 1424 --- [           main] o.s.jdbc.support.JdbcTransactionManager  : Initiating transaction rollback
2025-09-04T00:03:15.474-03:00 DEBUG 1424 --- [           main] o.s.jdbc.support.JdbcTransactionManager  : Rolling back JDBC transaction on Connection [HikariProxyConnection@350761035 wrapping conn0: url=jdbc:h2:mem:testdb user=SA]
2025-09-04T00:03:15.474-03:00 DEBUG 1424 --- [           main] o.s.jdbc.support.JdbcTransactionManager  : Releasing JDBC Connection [HikariProxyConnection@350761035 wrapping conn0: url=jdbc:h2:mem:testdb user=SA] after transaction
]]></system-out>
  </testcase>
  <testcase name="testCreate_NullCadastro_ShouldThrowConstraintViolationException" classname="com.mls.workflow.core.service.CadastroServiceTest" time="0.006">
    <system-out><![CDATA[2025-09-04T00:03:15.477-03:00 DEBUG 1424 --- [           main] o.s.jdbc.support.JdbcTransactionManager  : Creating new transaction with name [com.mls.workflow.core.service.CadastroServiceTest.testCreate_NullCadastro_ShouldThrowConstraintViolationException]: PROPAGATION_REQUIRED,ISOLATION_DEFAULT
2025-09-04T00:03:15.477-03:00 DEBUG 1424 --- [           main] o.s.jdbc.support.JdbcTransactionManager  : Acquired Connection [HikariProxyConnection@1229311263 wrapping conn0: url=jdbc:h2:mem:testdb user=SA] for JDBC transaction
2025-09-04T00:03:15.477-03:00 DEBUG 1424 --- [           main] o.s.jdbc.support.JdbcTransactionManager  : Switching JDBC Connection [HikariProxyConnection@1229311263 wrapping conn0: url=jdbc:h2:mem:testdb user=SA] to manual commit
2025-09-04T00:03:15.482-03:00 DEBUG 1424 --- [           main] o.s.jdbc.support.JdbcTransactionManager  : Initiating transaction rollback
2025-09-04T00:03:15.482-03:00 DEBUG 1424 --- [           main] o.s.jdbc.support.JdbcTransactionManager  : Rolling back JDBC transaction on Connection [HikariProxyConnection@1229311263 wrapping conn0: url=jdbc:h2:mem:testdb user=SA]
2025-09-04T00:03:15.482-03:00 DEBUG 1424 --- [           main] o.s.jdbc.support.JdbcTransactionManager  : Releasing JDBC Connection [HikariProxyConnection@1229311263 wrapping conn0: url=jdbc:h2:mem:testdb user=SA] after transaction
]]></system-out>
  </testcase>
  <testcase name="testUpdate_ExistingId_ShouldUpdateAndReturnCadastro" classname="com.mls.workflow.core.service.CadastroServiceTest" time="0.015">
    <system-out><![CDATA[2025-09-04T00:03:15.484-03:00 DEBUG 1424 --- [           main] o.s.jdbc.support.JdbcTransactionManager  : Creating new transaction with name [com.mls.workflow.core.service.CadastroServiceTest.testUpdate_ExistingId_ShouldUpdateAndReturnCadastro]: PROPAGATION_REQUIRED,ISOLATION_DEFAULT
2025-09-04T00:03:15.484-03:00 DEBUG 1424 --- [           main] o.s.jdbc.support.JdbcTransactionManager  : Acquired Connection [HikariProxyConnection@1152035207 wrapping conn0: url=jdbc:h2:mem:testdb user=SA] for JDBC transaction
2025-09-04T00:03:15.484-03:00 DEBUG 1424 --- [           main] o.s.jdbc.support.JdbcTransactionManager  : Switching JDBC Connection [HikariProxyConnection@1152035207 wrapping conn0: url=jdbc:h2:mem:testdb user=SA] to manual commit
2025-09-04T00:03:15.486-03:00 DEBUG 1424 --- [           main] o.s.jdbc.core.JdbcTemplate               : Executing prepared SQL update
2025-09-04T00:03:15.486-03:00 DEBUG 1424 --- [           main] o.s.jdbc.core.JdbcTemplate               : Executing prepared SQL statement [UPDATE AIC_CADASTRO SET NOME = ?, EMAIL = ?, IDADE = ? WHERE ID = ?]
2025-09-04T00:03:15.494-03:00 DEBUG 1424 --- [           main] o.s.jdbc.core.JdbcTemplate               : Executing prepared SQL query
2025-09-04T00:03:15.495-03:00 DEBUG 1424 --- [           main] o.s.jdbc.core.JdbcTemplate               : Executing prepared SQL statement [SELECT ID, NOME, EMAIL, IDADE FROM AIC_CADASTRO WHERE ID = ?]
2025-09-04T00:03:15.497-03:00 DEBUG 1424 --- [           main] o.s.jdbc.support.JdbcTransactionManager  : Initiating transaction rollback
2025-09-04T00:03:15.497-03:00 DEBUG 1424 --- [           main] o.s.jdbc.support.JdbcTransactionManager  : Rolling back JDBC transaction on Connection [HikariProxyConnection@1152035207 wrapping conn0: url=jdbc:h2:mem:testdb user=SA]
2025-09-04T00:03:15.498-03:00 DEBUG 1424 --- [           main] o.s.jdbc.support.JdbcTransactionManager  : Releasing JDBC Connection [HikariProxyConnection@1152035207 wrapping conn0: url=jdbc:h2:mem:testdb user=SA] after transaction
]]></system-out>
  </testcase>
  <testcase name="testCreateAndRead_CompleteCycle_ShouldWork" classname="com.mls.workflow.core.service.CadastroServiceTest" time="0.015">
    <system-out><![CDATA[2025-09-04T00:03:15.501-03:00 DEBUG 1424 --- [           main] o.s.jdbc.support.JdbcTransactionManager  : Creating new transaction with name [com.mls.workflow.core.service.CadastroServiceTest.testCreateAndRead_CompleteCycle_ShouldWork]: PROPAGATION_REQUIRED,ISOLATION_DEFAULT
2025-09-04T00:03:15.501-03:00 DEBUG 1424 --- [           main] o.s.jdbc.support.JdbcTransactionManager  : Acquired Connection [HikariProxyConnection@526461288 wrapping conn0: url=jdbc:h2:mem:testdb user=SA] for JDBC transaction
2025-09-04T00:03:15.501-03:00 DEBUG 1424 --- [           main] o.s.jdbc.support.JdbcTransactionManager  : Switching JDBC Connection [HikariProxyConnection@526461288 wrapping conn0: url=jdbc:h2:mem:testdb user=SA] to manual commit
2025-09-04T00:03:15.504-03:00 DEBUG 1424 --- [           main] o.s.jdbc.core.JdbcTemplate               : Executing SQL update and returning generated keys
2025-09-04T00:03:15.505-03:00 DEBUG 1424 --- [           main] o.s.jdbc.core.JdbcTemplate               : Executing prepared SQL statement
2025-09-04T00:03:15.509-03:00 DEBUG 1424 --- [           main] o.s.jdbc.core.JdbcTemplate               : Executing prepared SQL query
2025-09-04T00:03:15.509-03:00 DEBUG 1424 --- [           main] o.s.jdbc.core.JdbcTemplate               : Executing prepared SQL statement [SELECT ID, NOME, EMAIL, IDADE FROM AIC_CADASTRO WHERE ID = ?]
2025-09-04T00:03:15.511-03:00 DEBUG 1424 --- [           main] o.s.jdbc.core.JdbcTemplate               : Executing prepared SQL update
2025-09-04T00:03:15.511-03:00 DEBUG 1424 --- [           main] o.s.jdbc.core.JdbcTemplate               : Executing prepared SQL statement [UPDATE AIC_CADASTRO SET NOME = ?, EMAIL = ?, IDADE = ? WHERE ID = ?]
2025-09-04T00:03:15.512-03:00 DEBUG 1424 --- [           main] o.s.jdbc.core.JdbcTemplate               : Executing prepared SQL update
2025-09-04T00:03:15.512-03:00 DEBUG 1424 --- [           main] o.s.jdbc.core.JdbcTemplate               : Executing prepared SQL statement [DELETE FROM AIC_CADASTRO WHERE ID = ?]
2025-09-04T00:03:15.512-03:00 DEBUG 1424 --- [           main] o.s.jdbc.core.JdbcTemplate               : Executing prepared SQL query
2025-09-04T00:03:15.512-03:00 DEBUG 1424 --- [           main] o.s.jdbc.core.JdbcTemplate               : Executing prepared SQL statement [SELECT ID, NOME, EMAIL, IDADE FROM AIC_CADASTRO WHERE ID = ?]
2025-09-04T00:03:15.514-03:00 DEBUG 1424 --- [           main] o.s.jdbc.support.JdbcTransactionManager  : Initiating transaction rollback
2025-09-04T00:03:15.515-03:00 DEBUG 1424 --- [           main] o.s.jdbc.support.JdbcTransactionManager  : Rolling back JDBC transaction on Connection [HikariProxyConnection@526461288 wrapping conn0: url=jdbc:h2:mem:testdb user=SA]
2025-09-04T00:03:15.515-03:00 DEBUG 1424 --- [           main] o.s.jdbc.support.JdbcTransactionManager  : Releasing JDBC Connection [HikariProxyConnection@526461288 wrapping conn0: url=jdbc:h2:mem:testdb user=SA] after transaction
]]></system-out>
  </testcase>
  <testcase name="testRead_ExistingId_ShouldReturnCadastro" classname="com.mls.workflow.core.service.CadastroServiceTest" time="0.005">
    <system-out><![CDATA[2025-09-04T00:03:15.517-03:00 DEBUG 1424 --- [           main] o.s.jdbc.support.JdbcTransactionManager  : Creating new transaction with name [com.mls.workflow.core.service.CadastroServiceTest.testRead_ExistingId_ShouldReturnCadastro]: PROPAGATION_REQUIRED,ISOLATION_DEFAULT
2025-09-04T00:03:15.518-03:00 DEBUG 1424 --- [           main] o.s.jdbc.support.JdbcTransactionManager  : Acquired Connection [HikariProxyConnection@861927284 wrapping conn0: url=jdbc:h2:mem:testdb user=SA] for JDBC transaction
2025-09-04T00:03:15.518-03:00 DEBUG 1424 --- [           main] o.s.jdbc.support.JdbcTransactionManager  : Switching JDBC Connection [HikariProxyConnection@861927284 wrapping conn0: url=jdbc:h2:mem:testdb user=SA] to manual commit
2025-09-04T00:03:15.520-03:00 DEBUG 1424 --- [           main] o.s.jdbc.core.JdbcTemplate               : Executing prepared SQL query
2025-09-04T00:03:15.520-03:00 DEBUG 1424 --- [           main] o.s.jdbc.core.JdbcTemplate               : Executing prepared SQL statement [SELECT ID, NOME, EMAIL, IDADE FROM AIC_CADASTRO WHERE ID = ?]
2025-09-04T00:03:15.522-03:00 DEBUG 1424 --- [           main] o.s.jdbc.support.JdbcTransactionManager  : Initiating transaction rollback
2025-09-04T00:03:15.522-03:00 DEBUG 1424 --- [           main] o.s.jdbc.support.JdbcTransactionManager  : Rolling back JDBC transaction on Connection [HikariProxyConnection@861927284 wrapping conn0: url=jdbc:h2:mem:testdb user=SA]
2025-09-04T00:03:15.522-03:00 DEBUG 1424 --- [           main] o.s.jdbc.support.JdbcTransactionManager  : Releasing JDBC Connection [HikariProxyConnection@861927284 wrapping conn0: url=jdbc:h2:mem:testdb user=SA] after transaction
]]></system-out>
  </testcase>
  <testcase name="testRead_NonExistingId_ShouldReturnEmpty" classname="com.mls.workflow.core.service.CadastroServiceTest" time="0.006">
    <system-out><![CDATA[2025-09-04T00:03:15.524-03:00 DEBUG 1424 --- [           main] o.s.jdbc.support.JdbcTransactionManager  : Creating new transaction with name [com.mls.workflow.core.service.CadastroServiceTest.testRead_NonExistingId_ShouldReturnEmpty]: PROPAGATION_REQUIRED,ISOLATION_DEFAULT
2025-09-04T00:03:15.524-03:00 DEBUG 1424 --- [           main] o.s.jdbc.support.JdbcTransactionManager  : Acquired Connection [HikariProxyConnection@609471415 wrapping conn0: url=jdbc:h2:mem:testdb user=SA] for JDBC transaction
2025-09-04T00:03:15.524-03:00 DEBUG 1424 --- [           main] o.s.jdbc.support.JdbcTransactionManager  : Switching JDBC Connection [HikariProxyConnection@609471415 wrapping conn0: url=jdbc:h2:mem:testdb user=SA] to manual commit
2025-09-04T00:03:15.526-03:00 DEBUG 1424 --- [           main] o.s.jdbc.core.JdbcTemplate               : Executing prepared SQL query
2025-09-04T00:03:15.526-03:00 DEBUG 1424 --- [           main] o.s.jdbc.core.JdbcTemplate               : Executing prepared SQL statement [SELECT ID, NOME, EMAIL, IDADE FROM AIC_CADASTRO WHERE ID = ?]
2025-09-04T00:03:15.528-03:00 DEBUG 1424 --- [           main] o.s.jdbc.support.JdbcTransactionManager  : Initiating transaction rollback
2025-09-04T00:03:15.528-03:00 DEBUG 1424 --- [           main] o.s.jdbc.support.JdbcTransactionManager  : Rolling back JDBC transaction on Connection [HikariProxyConnection@609471415 wrapping conn0: url=jdbc:h2:mem:testdb user=SA]
2025-09-04T00:03:15.529-03:00 DEBUG 1424 --- [           main] o.s.jdbc.support.JdbcTransactionManager  : Releasing JDBC Connection [HikariProxyConnection@609471415 wrapping conn0: url=jdbc:h2:mem:testdb user=SA] after transaction
]]></system-out>
  </testcase>
  <testcase name="testCreate_InvalidEmail_ShouldThrowConstraintViolationException" classname="com.mls.workflow.core.service.CadastroServiceTest" time="0.007">
    <system-out><![CDATA[2025-09-04T00:03:15.531-03:00 DEBUG 1424 --- [           main] o.s.jdbc.support.JdbcTransactionManager  : Creating new transaction with name [com.mls.workflow.core.service.CadastroServiceTest.testCreate_InvalidEmail_ShouldThrowConstraintViolationException]: PROPAGATION_REQUIRED,ISOLATION_DEFAULT
2025-09-04T00:03:15.532-03:00 DEBUG 1424 --- [           main] o.s.jdbc.support.JdbcTransactionManager  : Acquired Connection [HikariProxyConnection@1586437554 wrapping conn0: url=jdbc:h2:mem:testdb user=SA] for JDBC transaction
2025-09-04T00:03:15.532-03:00 DEBUG 1424 --- [           main] o.s.jdbc.support.JdbcTransactionManager  : Switching JDBC Connection [HikariProxyConnection@1586437554 wrapping conn0: url=jdbc:h2:mem:testdb user=SA] to manual commit
2025-09-04T00:03:15.536-03:00 DEBUG 1424 --- [           main] o.s.jdbc.support.JdbcTransactionManager  : Initiating transaction rollback
2025-09-04T00:03:15.537-03:00 DEBUG 1424 --- [           main] o.s.jdbc.support.JdbcTransactionManager  : Rolling back JDBC transaction on Connection [HikariProxyConnection@1586437554 wrapping conn0: url=jdbc:h2:mem:testdb user=SA]
2025-09-04T00:03:15.537-03:00 DEBUG 1424 --- [           main] o.s.jdbc.support.JdbcTransactionManager  : Releasing JDBC Connection [HikariProxyConnection@1586437554 wrapping conn0: url=jdbc:h2:mem:testdb user=SA] after transaction
]]></system-out>
  </testcase>
  <testcase name="testDelete_NonExistingId_ShouldReturnFalse" classname="com.mls.workflow.core.service.CadastroServiceTest" time="0.008">
    <system-out><![CDATA[2025-09-04T00:03:15.539-03:00 DEBUG 1424 --- [           main] o.s.jdbc.support.JdbcTransactionManager  : Creating new transaction with name [com.mls.workflow.core.service.CadastroServiceTest.testDelete_NonExistingId_ShouldReturnFalse]: PROPAGATION_REQUIRED,ISOLATION_DEFAULT
2025-09-04T00:03:15.540-03:00 DEBUG 1424 --- [           main] o.s.jdbc.support.JdbcTransactionManager  : Acquired Connection [HikariProxyConnection@179672397 wrapping conn0: url=jdbc:h2:mem:testdb user=SA] for JDBC transaction
2025-09-04T00:03:15.540-03:00 DEBUG 1424 --- [           main] o.s.jdbc.support.JdbcTransactionManager  : Switching JDBC Connection [HikariProxyConnection@179672397 wrapping conn0: url=jdbc:h2:mem:testdb user=SA] to manual commit
2025-09-04T00:03:15.542-03:00 DEBUG 1424 --- [           main] o.s.jdbc.core.JdbcTemplate               : Executing prepared SQL update
2025-09-04T00:03:15.542-03:00 DEBUG 1424 --- [           main] o.s.jdbc.core.JdbcTemplate               : Executing prepared SQL statement [DELETE FROM AIC_CADASTRO WHERE ID = ?]
2025-09-04T00:03:15.545-03:00 DEBUG 1424 --- [           main] o.s.jdbc.support.JdbcTransactionManager  : Initiating transaction rollback
2025-09-04T00:03:15.546-03:00 DEBUG 1424 --- [           main] o.s.jdbc.support.JdbcTransactionManager  : Rolling back JDBC transaction on Connection [HikariProxyConnection@179672397 wrapping conn0: url=jdbc:h2:mem:testdb user=SA]
2025-09-04T00:03:15.546-03:00 DEBUG 1424 --- [           main] o.s.jdbc.support.JdbcTransactionManager  : Releasing JDBC Connection [HikariProxyConnection@179672397 wrapping conn0: url=jdbc:h2:mem:testdb user=SA] after transaction
]]></system-out>
  </testcase>
  <testcase name="testCreate_ValidCadastro_ShouldReturnCreatedCadastro" classname="com.mls.workflow.core.service.CadastroServiceTest" time="0.006">
    <system-out><![CDATA[2025-09-04T00:03:15.548-03:00 DEBUG 1424 --- [           main] o.s.jdbc.support.JdbcTransactionManager  : Creating new transaction with name [com.mls.workflow.core.service.CadastroServiceTest.testCreate_ValidCadastro_ShouldReturnCreatedCadastro]: PROPAGATION_REQUIRED,ISOLATION_DEFAULT
2025-09-04T00:03:15.548-03:00 DEBUG 1424 --- [           main] o.s.jdbc.support.JdbcTransactionManager  : Acquired Connection [HikariProxyConnection@1203792666 wrapping conn0: url=jdbc:h2:mem:testdb user=SA] for JDBC transaction
2025-09-04T00:03:15.549-03:00 DEBUG 1424 --- [           main] o.s.jdbc.support.JdbcTransactionManager  : Switching JDBC Connection [HikariProxyConnection@1203792666 wrapping conn0: url=jdbc:h2:mem:testdb user=SA] to manual commit
2025-09-04T00:03:15.551-03:00 DEBUG 1424 --- [           main] o.s.jdbc.core.JdbcTemplate               : Executing SQL update and returning generated keys
2025-09-04T00:03:15.551-03:00 DEBUG 1424 --- [           main] o.s.jdbc.core.JdbcTemplate               : Executing prepared SQL statement
2025-09-04T00:03:15.554-03:00 DEBUG 1424 --- [           main] o.s.jdbc.support.JdbcTransactionManager  : Initiating transaction rollback
2025-09-04T00:03:15.554-03:00 DEBUG 1424 --- [           main] o.s.jdbc.support.JdbcTransactionManager  : Rolling back JDBC transaction on Connection [HikariProxyConnection@1203792666 wrapping conn0: url=jdbc:h2:mem:testdb user=SA]
2025-09-04T00:03:15.554-03:00 DEBUG 1424 --- [           main] o.s.jdbc.support.JdbcTransactionManager  : Releasing JDBC Connection [HikariProxyConnection@1203792666 wrapping conn0: url=jdbc:h2:mem:testdb user=SA] after transaction
]]></system-out>
  </testcase>
  <testcase name="testUpdate_InvalidCadastro_ShouldThrowConstraintViolationException" classname="com.mls.workflow.core.service.CadastroServiceTest" time="0.007">
    <system-out><![CDATA[2025-09-04T00:03:15.556-03:00 DEBUG 1424 --- [           main] o.s.jdbc.support.JdbcTransactionManager  : Creating new transaction with name [com.mls.workflow.core.service.CadastroServiceTest.testUpdate_InvalidCadastro_ShouldThrowConstraintViolationException]: PROPAGATION_REQUIRED,ISOLATION_DEFAULT
2025-09-04T00:03:15.556-03:00 DEBUG 1424 --- [           main] o.s.jdbc.support.JdbcTransactionManager  : Acquired Connection [HikariProxyConnection@1248103221 wrapping conn0: url=jdbc:h2:mem:testdb user=SA] for JDBC transaction
2025-09-04T00:03:15.557-03:00 DEBUG 1424 --- [           main] o.s.jdbc.support.JdbcTransactionManager  : Switching JDBC Connection [HikariProxyConnection@1248103221 wrapping conn0: url=jdbc:h2:mem:testdb user=SA] to manual commit
2025-09-04T00:03:15.562-03:00 DEBUG 1424 --- [           main] o.s.jdbc.support.JdbcTransactionManager  : Initiating transaction rollback
2025-09-04T00:03:15.562-03:00 DEBUG 1424 --- [           main] o.s.jdbc.support.JdbcTransactionManager  : Rolling back JDBC transaction on Connection [HikariProxyConnection@1248103221 wrapping conn0: url=jdbc:h2:mem:testdb user=SA]
2025-09-04T00:03:15.562-03:00 DEBUG 1424 --- [           main] o.s.jdbc.support.JdbcTransactionManager  : Releasing JDBC Connection [HikariProxyConnection@1248103221 wrapping conn0: url=jdbc:h2:mem:testdb user=SA] after transaction
]]></system-out>
  </testcase>
  <testcase name="testCreate_InvalidCadastro_ShouldThrowConstraintViolationException" classname="com.mls.workflow.core.service.CadastroServiceTest" time="0.006">
    <system-out><![CDATA[2025-09-04T00:03:15.564-03:00 DEBUG 1424 --- [           main] o.s.jdbc.support.JdbcTransactionManager  : Creating new transaction with name [com.mls.workflow.core.service.CadastroServiceTest.testCreate_InvalidCadastro_ShouldThrowConstraintViolationException]: PROPAGATION_REQUIRED,ISOLATION_DEFAULT
2025-09-04T00:03:15.565-03:00 DEBUG 1424 --- [           main] o.s.jdbc.support.JdbcTransactionManager  : Acquired Connection [HikariProxyConnection@1021710315 wrapping conn0: url=jdbc:h2:mem:testdb user=SA] for JDBC transaction
2025-09-04T00:03:15.565-03:00 DEBUG 1424 --- [           main] o.s.jdbc.support.JdbcTransactionManager  : Switching JDBC Connection [HikariProxyConnection@1021710315 wrapping conn0: url=jdbc:h2:mem:testdb user=SA] to manual commit
2025-09-04T00:03:15.569-03:00 DEBUG 1424 --- [           main] o.s.jdbc.support.JdbcTransactionManager  : Initiating transaction rollback
2025-09-04T00:03:15.570-03:00 DEBUG 1424 --- [           main] o.s.jdbc.support.JdbcTransactionManager  : Rolling back JDBC transaction on Connection [HikariProxyConnection@1021710315 wrapping conn0: url=jdbc:h2:mem:testdb user=SA]
2025-09-04T00:03:15.570-03:00 DEBUG 1424 --- [           main] o.s.jdbc.support.JdbcTransactionManager  : Releasing JDBC Connection [HikariProxyConnection@1021710315 wrapping conn0: url=jdbc:h2:mem:testdb user=SA] after transaction
]]></system-out>
  </testcase>
</testsuite>