<?xml version="1.0" encoding="UTF-8"?>
<testsuite xmlns:xsi="http://www.w3.org/2001/XMLSchema-instance" xsi:noNamespaceSchemaLocation="https://maven.apache.org/surefire/maven-surefire-plugin/xsd/surefire-test-report-3.0.xsd" version="3.0" name="com.mls.workflow.core.service.CadastroServiceTest" time="8.21" tests="14" errors="0" skipped="0" failures="0">
  <properties>
[...]
</properties>
  <testcase name="testDelete_ExistingId_ShouldReturnTrue" classname="com.mls.workflow.core.service.CadastroServiceTest" time="0.055">
    <system-out><![CDATA[2025-09-04T17:25:06.322-03:00  INFO 50434 --- [           main] t.c.s.AnnotationConfigContextLoaderUtils : Could not detect default configuration classes for test class [com.mls.workflow.core.service.CadastroServiceTest]: CadastroServiceTest does not declare any static, non-private, non-final, nested classes annotated with @Configuration.
2025-09-04T17:25:06.346-03:00  INFO 50434 --- [           main] .b.t.c.SpringBootTestContextBootstrapper : Found @SpringBootConfiguration com.mls.workflow.Application for test class com.mls.workflow.core.service.CadastroServiceTest

 ____                                 _         ____  _       _    __                      
/ ___| __ _ _ __ ___  _   _ _ __   __| | __ _  |  _ \| | __ _| |_ / _| ___  _ __ _ __ ___  
| |   / _` | '_ ` _ \| | | | '_ \ / _` |/ _` | | |_) | |/ _` | __| |_ / _ \| '__| '_ ` _ \ 
| |__| (_| | | | | | | |_| | | | | (_| | (_| | |  __/| | (_| | |_|  _| (_) | |  | | | | | |
\____/\__,_|_| |_| |_|\__,_|_| |_|\__,_|\__,_| |_|   |_|\__,_|\__|_|  \___/|_|  |_| |_| |_|

  Spring-Boot:  (v3.3.0)
  Camunda Platform: (v7.23.0)
  Camunda Platform Spring Boot Starter: (v7.23.0)

2025-09-04T17:25:06.421-03:00  INFO 50434 --- [           main] c.m.w.core.service.CadastroServiceTest   : Starting CadastroServiceTest using Java 24.0.2 with PID 50434 (started by marcelo in /Users/marcelo/eclipse-workspace/AIC7Demo)
2025-09-04T17:25:06.422-03:00  INFO 50434 --- [           main] c.m.w.core.service.CadastroServiceTest   : The following 1 profile is active: "test"
2025-09-04T17:25:08.545-03:00  INFO 50434 --- [           main] org.camunda.bpm.spring.boot              : STARTER-SB040 Setting up jobExecutor with corePoolSize=3, maxPoolSize:10
2025-09-04T17:25:08.643-03:00  INFO 50434 --- [           main] org.camunda.bpm.engine.cfg               : ENGINE-12003 Plugin 'CompositeProcessEnginePlugin[genericPropertiesConfiguration, camundaProcessEngineConfiguration, camundaDatasourceConfiguration, camundaJobConfiguration, camundaHistoryConfiguration, camundaMetricsConfiguration, camundaAuthorizationConfiguration, camundaDeploymentConfiguration, createAdminUserConfiguration, failedJobConfiguration, eventPublisherPlugin, ApplicationContextClassloaderSwitchPlugin]' activated on process engine 'default'
2025-09-04T17:25:09.610-03:00  INFO 50434 --- [           main] org.camunda.bpm.spring.boot              : STARTER-SB021 Auto-Deploying resources: [file [/Users/marcelo/eclipse-workspace/AIC7Demo/target/classes/bpmn/process.bpmn]]
2025-09-04T17:25:09.612-03:00  INFO 50434 --- [           main] o.c.b.s.b.s.event.EventPublisherPlugin   : EVENTING-001: Initialized Camunda Spring Boot Eventing Engine Plugin.
2025-09-04T17:25:09.612-03:00  INFO 50434 --- [           main] o.c.b.s.b.s.event.EventPublisherPlugin   : EVENTING-003: Task events will be published as Spring Events.
2025-09-04T17:25:09.612-03:00  INFO 50434 --- [           main] o.c.b.s.b.s.event.EventPublisherPlugin   : EVENTING-005: Execution events will be published as Spring Events.
2025-09-04T17:25:09.613-03:00  INFO 50434 --- [           main] o.c.b.s.b.s.event.EventPublisherPlugin   : EVENTING-009: Listeners will not be invoked if a skipCustomListeners API parameter is set to true by user.
2025-09-04T17:25:09.618-03:00  INFO 50434 --- [           main] o.c.b.s.b.s.event.EventPublisherPlugin   : EVENTING-007: History events will be published as Spring events.
2025-09-04T17:25:09.842-03:00  INFO 50434 --- [           main] com.zaxxer.hikari.HikariDataSource       : HikariPool-1 - Starting...
2025-09-04T17:25:10.035-03:00  INFO 50434 --- [           main] com.zaxxer.hikari.pool.HikariPool        : HikariPool-1 - Added connection conn0: url=jdbc:h2:mem:camunda-1736ce7c-04c7-49d1-9466-d0164012a058 user=SA
2025-09-04T17:25:10.037-03:00  INFO 50434 --- [           main] com.zaxxer.hikari.HikariDataSource       : HikariPool-1 - Start completed.
2025-09-04T17:25:12.266-03:00  INFO 50434 --- [           main] org.camunda.bpm.engine.persistence       : ENGINE-03016 Performing database operation 'create' on component 'engine' with resource 'org/camunda/bpm/engine/db/create/activiti.h2.create.engine.sql'
2025-09-04T17:25:12.313-03:00  INFO 50434 --- [           main] org.camunda.bpm.engine.persistence       : ENGINE-03016 Performing database operation 'create' on component 'history' with resource 'org/camunda/bpm/engine/db/create/activiti.h2.create.history.sql'
2025-09-04T17:25:12.327-03:00  INFO 50434 --- [           main] org.camunda.bpm.engine.persistence       : ENGINE-03016 Performing database operation 'create' on component 'identity' with resource 'org/camunda/bpm/engine/db/create/activiti.h2.create.identity.sql'
2025-09-04T17:25:12.342-03:00  INFO 50434 --- [           main] org.camunda.bpm.engine.persistence       : ENGINE-03016 Performing database operation 'create' on component 'case.engine' with resource 'org/camunda/bpm/engine/db/create/activiti.h2.create.case.engine.sql'
2025-09-04T17:25:12.346-03:00  INFO 50434 --- [           main] org.camunda.bpm.engine.persistence       : ENGINE-03016 Performing database operation 'create' on component 'case.history' with resource 'org/camunda/bpm/engine/db/create/activiti.h2.create.case.history.sql'
2025-09-04T17:25:12.350-03:00  INFO 50434 --- [           main] org.camunda.bpm.engine.persistence       : ENGINE-03016 Performing database operation 'create' on component 'decision.engine' with resource 'org/camunda/bpm/engine/db/create/activiti.h2.create.decision.engine.sql'
2025-09-04T17:25:12.358-03:00  INFO 50434 --- [           main] org.camunda.bpm.engine.persistence       : ENGINE-03016 Performing database operation 'create' on component 'decision.history' with resource 'org/camunda/bpm/engine/db/create/activiti.h2.create.decision.history.sql'
2025-09-04T17:25:12.390-03:00  INFO 50434 --- [           main] org.camunda.bpm.engine.persistence       : ENGINE-03067 No history level property found in database
2025-09-04T17:25:12.392-03:00  INFO 50434 --- [           main] org.camunda.bpm.engine.persistence       : ENGINE-03065 Creating historyLevel property in database for level: HistoryLevelFull(name=full, id=3)
2025-09-04T17:25:12.412-03:00  INFO 50434 --- [           main] org.camunda.bpm.engine                   : ENGINE-00001 Process Engine default created.
2025-09-04T17:25:12.734-03:00  WARN 50434 --- [           main] org.camunda.bpm.engine.util              : ENGINE-09004 Warnings during parsing: 
* Exclusive Gateway 'TipoTarefaSolicitadaGateway' has outgoing sequence flow 'OperacaoInvalidaSequenceFlow' without condition which is not the default flow. We assume it to be the default flow, but it is bad modeling practice, better set the default flow in your gateway. | resource /Users/marcelo/eclipse-workspace/AIC7Demo/target/classes/bpmn/process.bpmn
2025-09-04T17:25:13.414-03:00  INFO 50434 --- [           main] o.s.b.a.e.web.EndpointLinksResolver      : Exposing 2 endpoints beneath base path '/actuator'
2025-09-04T17:25:13.494-03:00  INFO 50434 --- [           main] o.s.s.web.DefaultSecurityFilterChain     : Will secure any request with [org.springframework.security.web.session.DisableEncodeUrlFilter@685a3c14, org.springframework.security.web.context.request.async.WebAsyncManagerIntegrationFilter@4c2ad035, org.springframework.security.web.context.SecurityContextHolderFilter@32514766, org.springframework.security.web.header.HeaderWriterFilter@42a057b6, org.springframework.web.filter.CorsFilter@4b7ab262, org.springframework.security.web.authentication.logout.LogoutFilter@5e834f3a, org.springframework.security.web.savedrequest.RequestCacheAwareFilter@43d00636, org.springframework.security.web.servletapi.SecurityContextHolderAwareRequestFilter@2fb006dc, org.springframework.security.web.authentication.AnonymousAuthenticationFilter@f7a19c4, org.springframework.security.web.access.ExceptionTranslationFilter@7310bc90, org.springframework.security.web.access.intercept.AuthorizationFilter@463c5d0f]
2025-09-04T17:25:13.496-03:00  INFO 50434 --- [           main] pmSpringSecurityDisableAutoConfiguration : Disabling Camunda Spring Security oauth2 integration
2025-09-04T17:25:13.499-03:00  INFO 50434 --- [           main] o.s.s.web.DefaultSecurityFilterChain     : Will secure any request with [org.springframework.security.web.session.DisableEncodeUrlFilter@5bc150e9, org.springframework.security.web.context.request.async.WebAsyncManagerIntegrationFilter@28fa0ff8, org.springframework.security.web.context.SecurityContextHolderFilter@4494ed08, org.springframework.security.web.header.HeaderWriterFilter@422ab2ff, org.springframework.security.web.authentication.logout.LogoutFilter@a6f34f5, org.springframework.security.web.savedrequest.RequestCacheAwareFilter@7a2d676e, org.springframework.security.web.servletapi.SecurityContextHolderAwareRequestFilter@7e5a8000, org.springframework.security.web.authentication.AnonymousAuthenticationFilter@726e780a, org.springframework.security.web.access.ExceptionTranslationFilter@502a9b30, org.springframework.security.web.access.intercept.AuthorizationFilter@3118ed2c]
2025-09-04T17:25:13.572-03:00  INFO 50434 --- [           main] .c.b.s.b.s.r.CamundaJerseyResourceConfig : Configuring camunda rest api.
2025-09-04T17:25:13.590-03:00  INFO 50434 --- [           main] .c.b.s.b.s.r.CamundaJerseyResourceConfig : Finished configuring camunda rest api.
2025-09-04T17:25:14.171-03:00  INFO 50434 --- [           main] c.m.w.core.service.CadastroServiceTest   : Started CadastroServiceTest in 7.798 seconds (process running for 11.092)
Table AIC_CADASTRO created successfully
2025-09-04T17:25:14.301-03:00  INFO 50434 --- [           main] org.camunda.bpm.engine.jobexecutor       : ENGINE-14014 Starting up the JobExecutor[org.camunda.bpm.engine.spring.components.jobexecutor.SpringJobExecutor].
2025-09-04T17:25:14.303-03:00  INFO 50434 --- [ingJobExecutor]] org.camunda.bpm.engine.jobexecutor       : ENGINE-14018 JobExecutor[org.camunda.bpm.engine.spring.components.jobexecutor.SpringJobExecutor] starting to acquire jobs
]]></system-out>
  </testcase>
  <testcase name="testUpdate_NonExistingId_ShouldReturnNull" classname="com.mls.workflow.core.service.CadastroServiceTest" time="0.022"/>
  <testcase name="testCreate_NegativeAge_ShouldThrowConstraintViolationException" classname="com.mls.workflow.core.service.CadastroServiceTest" time="0.011"/>
  <testcase name="testUpdate_NullId_ShouldThrowConstraintViolationException" classname="com.mls.workflow.core.service.CadastroServiceTest" time="0.021"/>
  <testcase name="testCreate_NullCadastro_ShouldThrowConstraintViolationException" classname="com.mls.workflow.core.service.CadastroServiceTest" time="0.007"/>
  <testcase name="testUpdate_ExistingId_ShouldUpdateAndReturnCadastro" classname="com.mls.workflow.core.service.CadastroServiceTest" time="0.008"/>
  <testcase name="testCreateAndRead_CompleteCycle_ShouldWork" classname="com.mls.workflow.core.service.CadastroServiceTest" time="0.017"/>
  <testcase name="testRead_ExistingId_ShouldReturnCadastro" classname="com.mls.workflow.core.service.CadastroServiceTest" time="0.01"/>
  <testcase name="testRead_NonExistingId_ShouldReturnEmpty" classname="com.mls.workflow.core.service.CadastroServiceTest" time="0.006"/>
  <testcase name="testCreate_InvalidEmail_ShouldThrowConstraintViolationException" classname="com.mls.workflow.core.service.CadastroServiceTest" time="0.009"/>
  <testcase name="testDelete_NonExistingId_ShouldReturnFalse" classname="com.mls.workflow.core.service.CadastroServiceTest" time="0.009"/>
  <testcase name="testCreate_ValidCadastro_ShouldReturnCreatedCadastro" classname="com.mls.workflow.core.service.CadastroServiceTest" time="0.006"/>
  <testcase name="testUpdate_InvalidCadastro_ShouldThrowConstraintViolationException" classname="com.mls.workflow.core.service.CadastroServiceTest" time="0.007"/>
  <testcase name="testCreate_InvalidCadastro_ShouldThrowConstraintViolationException" classname="com.mls.workflow.core.service.CadastroServiceTest" time="0.01"/>
</testsuite>