<?xml version="1.0" encoding="UTF-8"?>
<testsuite xmlns:xsi="http://www.w3.org/2001/XMLSchema-instance" xsi:noNamespaceSchemaLocation="https://maven.apache.org/surefire/maven-surefire-plugin/xsd/surefire-test-report-3.0.xsd" version="3.0" name="com.mls.workflow.controller.ProcessControllerIntegrationTest" time="3.473" tests="2" errors="2" skipped="0" failures="0">
  <properties>
[...]
</properties>
  <testcase name="testStartProcess_MissingPayloadForCreate_ShouldReturn400" classname="com.mls.workflow.controller.ProcessControllerIntegrationTest" time="0.129">
    <error message="Request processing failed: java.lang.NullPointerException: Cannot invoke &quot;org.camunda.bpm.engine.runtime.ProcessInstance.getId()&quot; because &quot;processInstance&quot; is null" type="jakarta.servlet.ServletException"><![CDATA[jakarta.servlet.ServletException: Request processing failed: java.lang.NullPointerException: Cannot invoke "org.camunda.bpm.engine.runtime.ProcessInstance.getId()" because "processInstance" is null
	at org.springframework.web.servlet.FrameworkServlet.processRequest(FrameworkServlet.java:1022)
	at org.springframework.web.servlet.FrameworkServlet.doPost(FrameworkServlet.java:914)
	at jakarta.servlet.http.HttpServlet.service(HttpServlet.java:590)
	at org.springframework.web.servlet.FrameworkServlet.service(FrameworkServlet.java:885)
	at org.springframework.test.web.servlet.TestDispatcherServlet.service(TestDispatcherServlet.java:72)
	at jakarta.servlet.http.HttpServlet.service(HttpServlet.java:658)
	at org.springframework.mock.web.MockFilterChain$ServletFilterProxy.doFilter(MockFilterChain.java:165)
	at org.springframework.mock.web.MockFilterChain.doFilter(MockFilterChain.java:132)
	at org.springframework.test.web.servlet.MockMvc.perform(MockMvc.java:201)
	at com.mls.workflow.controller.ProcessControllerIntegrationTest.testStartProcess_MissingPayloadForCreate_ShouldReturn400(ProcessControllerIntegrationTest.java:61)
	at java.base/java.lang.reflect.Method.invoke(Method.java:565)
	at java.base/java.util.ArrayList.forEach(ArrayList.java:1604)
	at java.base/java.util.ArrayList.forEach(ArrayList.java:1604)
Caused by: java.lang.NullPointerException: Cannot invoke "org.camunda.bpm.engine.runtime.ProcessInstance.getId()" because "processInstance" is null
	at com.mls.workflow.controller.ProcessController.startProcess(ProcessController.java:65)
	at java.base/jdk.internal.reflect.DirectMethodHandleAccessor.invoke(DirectMethodHandleAccessor.java:104)
	at java.base/java.lang.reflect.Method.invoke(Method.java:565)
	at org.springframework.web.method.support.InvocableHandlerMethod.doInvoke(InvocableHandlerMethod.java:255)
	at org.springframework.web.method.support.InvocableHandlerMethod.invokeForRequest(InvocableHandlerMethod.java:188)
	at org.springframework.web.servlet.mvc.method.annotation.ServletInvocableHandlerMethod.invokeAndHandle(ServletInvocableHandlerMethod.java:118)
	at org.springframework.web.servlet.mvc.method.annotation.RequestMappingHandlerAdapter.invokeHandlerMethod(RequestMappingHandlerAdapter.java:926)
	at org.springframework.web.servlet.mvc.method.annotation.RequestMappingHandlerAdapter.handleInternal(RequestMappingHandlerAdapter.java:831)
	at org.springframework.web.servlet.mvc.method.AbstractHandlerMethodAdapter.handle(AbstractHandlerMethodAdapter.java:87)
	at org.springframework.web.servlet.DispatcherServlet.doDispatch(DispatcherServlet.java:1089)
	at org.springframework.web.servlet.DispatcherServlet.doService(DispatcherServlet.java:979)
	at org.springframework.web.servlet.FrameworkServlet.processRequest(FrameworkServlet.java:1014)
	... 12 more
]]></error>
    <system-out><![CDATA[2025-09-04T02:11:15.729-03:00  INFO 12780 --- [           main] t.c.s.AnnotationConfigContextLoaderUtils : Could not detect default configuration classes for test class [com.mls.workflow.controller.ProcessControllerIntegrationTest]: ProcessControllerIntegrationTest does not declare any static, non-private, non-final, nested classes annotated with @Configuration.
2025-09-04T02:11:15.743-03:00  INFO 12780 --- [           main] .b.t.c.SpringBootTestContextBootstrapper : Found @SpringBootConfiguration com.mls.workflow.Application for test class com.mls.workflow.controller.ProcessControllerIntegrationTest

 ____                                 _         ____  _       _    __                      
/ ___| __ _ _ __ ___  _   _ _ __   __| | __ _  |  _ \| | __ _| |_ / _| ___  _ __ _ __ ___  
| |   / _` | '_ ` _ \| | | | '_ \ / _` |/ _` | | |_) | |/ _` | __| |_ / _ \| '__| '_ ` _ \ 
| |__| (_| | | | | | | |_| | | | | (_| | (_| | |  __/| | (_| | |_|  _| (_) | |  | | | | | |
\____/\__,_|_| |_| |_|\__,_|_| |_|\__,_|\__,_| |_|   |_|\__,_|\__|_|  \___/|_|  |_| |_| |_|

  Spring-Boot:  (v3.3.0)
  Camunda Platform: (v7.23.0)
  Camunda Platform Spring Boot Starter: (v7.23.0)

2025-09-04T02:11:15.795-03:00  INFO 12780 --- [           main] c.m.w.c.ProcessControllerIntegrationTest : Starting ProcessControllerIntegrationTest using Java 24.0.2 with PID 12780 (started by marcelo in /Users/marcelo/eclipse-workspace/AIC7Demo)
2025-09-04T02:11:15.795-03:00 DEBUG 12780 --- [           main] c.m.w.c.ProcessControllerIntegrationTest : Running with Spring Boot v3.3.0, Spring v6.1.8
2025-09-04T02:11:15.795-03:00  INFO 12780 --- [           main] c.m.w.c.ProcessControllerIntegrationTest : No active profile set, falling back to 1 default profile: "default"
2025-09-04T02:11:16.492-03:00  INFO 12780 --- [           main] org.camunda.bpm.spring.boot              : STARTER-SB040 Setting up jobExecutor with corePoolSize=3, maxPoolSize:10
2025-09-04T02:11:16.534-03:00  INFO 12780 --- [           main] org.camunda.bpm.engine.cfg               : ENGINE-12003 Plugin 'CompositeProcessEnginePlugin[genericPropertiesConfiguration, camundaProcessEngineConfiguration, camundaDatasourceConfiguration, camundaJobConfiguration, camundaHistoryConfiguration, camundaMetricsConfiguration, camundaAuthorizationConfiguration, camundaDeploymentConfiguration, createAdminUserConfiguration, failedJobConfiguration, eventPublisherPlugin, ApplicationContextClassloaderSwitchPlugin, SpringBootSpinProcessEnginePlugin]' activated on process engine 'default'
2025-09-04T02:11:17.260-03:00  INFO 12780 --- [           main] org.camunda.bpm.spring.boot              : STARTER-SB021 Auto-Deploying resources: [file [/Users/marcelo/eclipse-workspace/AIC7Demo/target/classes/bpmn/process.bpmn]]
2025-09-04T02:11:17.260-03:00  INFO 12780 --- [           main] o.c.b.s.b.s.event.EventPublisherPlugin   : EVENTING-001: Initialized Camunda Spring Boot Eventing Engine Plugin.
2025-09-04T02:11:17.260-03:00  INFO 12780 --- [           main] o.c.b.s.b.s.event.EventPublisherPlugin   : EVENTING-003: Task events will be published as Spring Events.
2025-09-04T02:11:17.260-03:00  INFO 12780 --- [           main] o.c.b.s.b.s.event.EventPublisherPlugin   : EVENTING-005: Execution events will be published as Spring Events.
2025-09-04T02:11:17.260-03:00  INFO 12780 --- [           main] o.c.b.s.b.s.event.EventPublisherPlugin   : EVENTING-009: Listeners will not be invoked if a skipCustomListeners API parameter is set to true by user.
2025-09-04T02:11:17.260-03:00  INFO 12780 --- [           main] o.c.b.s.b.s.event.EventPublisherPlugin   : EVENTING-007: History events will be published as Spring events.
2025-09-04T02:11:17.261-03:00  INFO 12780 --- [           main] org.camunda.spin                         : SPIN-01010 Discovered Spin data format provider: org.camunda.spin.impl.json.jackson.format.JacksonJsonDataFormatProvider[name = application/json]
2025-09-04T02:11:17.262-03:00  INFO 12780 --- [           main] org.camunda.spin                         : SPIN-01010 Discovered Spin data format provider: org.camunda.spin.impl.xml.dom.format.DomXmlDataFormatProvider[name = application/xml]
2025-09-04T02:11:17.269-03:00  INFO 12780 --- [           main] org.camunda.spin                         : SPIN-01009 Discovered Spin data format: org.camunda.spin.impl.xml.dom.format.DomXmlDataFormat[name = application/xml]
2025-09-04T02:11:17.269-03:00  INFO 12780 --- [           main] org.camunda.spin                         : SPIN-01009 Discovered Spin data format: org.camunda.spin.impl.json.jackson.format.JacksonJsonDataFormat[name = application/json]
2025-09-04T02:11:17.270-03:00  INFO 12780 --- [           main] org.camunda.bpm.dmn.feel.scala           : FEEL/SCALA-01001 Spin value mapper detected
2025-09-04T02:11:17.271-03:00 DEBUG 12780 --- [           main] o.s.jdbc.datasource.DataSourceUtils      : Fetching JDBC Connection from DataSource
2025-09-04T02:11:17.271-03:00  INFO 12780 --- [           main] com.zaxxer.hikari.HikariDataSource       : HikariPool-2 - Starting...
2025-09-04T02:11:17.275-03:00  INFO 12780 --- [           main] com.zaxxer.hikari.pool.HikariPool        : HikariPool-2 - Added connection conn10: url=jdbc:h2:mem:391fc002-9565-4714-95f1-8fe7b33d6bd6 user=SA
2025-09-04T02:11:17.275-03:00  INFO 12780 --- [           main] com.zaxxer.hikari.HikariDataSource       : HikariPool-2 - Start completed.
2025-09-04T02:11:17.275-03:00 DEBUG 12780 --- [           main] o.s.jdbc.datasource.DataSourceUtils      : Fetching JDBC Connection from DataSource
2025-09-04T02:11:18.443-03:00 DEBUG 12780 --- [           main] o.s.jdbc.support.JdbcTransactionManager  : Creating new transaction with name [null]: PROPAGATION_REQUIRED,ISOLATION_DEFAULT
2025-09-04T02:11:18.443-03:00 DEBUG 12780 --- [           main] o.s.jdbc.support.JdbcTransactionManager  : Acquired Connection [HikariProxyConnection@310912664 wrapping conn10: url=jdbc:h2:mem:391fc002-9565-4714-95f1-8fe7b33d6bd6 user=SA] for JDBC transaction
2025-09-04T02:11:18.443-03:00 DEBUG 12780 --- [           main] o.s.jdbc.support.JdbcTransactionManager  : Switching JDBC Connection [HikariProxyConnection@310912664 wrapping conn10: url=jdbc:h2:mem:391fc002-9565-4714-95f1-8fe7b33d6bd6 user=SA] to manual commit
2025-09-04T02:11:18.498-03:00  INFO 12780 --- [           main] org.camunda.bpm.engine.persistence       : ENGINE-03016 Performing database operation 'create' on component 'engine' with resource 'org/camunda/bpm/engine/db/create/activiti.h2.create.engine.sql'
2025-09-04T02:11:18.530-03:00  INFO 12780 --- [           main] org.camunda.bpm.engine.persistence       : ENGINE-03016 Performing database operation 'create' on component 'history' with resource 'org/camunda/bpm/engine/db/create/activiti.h2.create.history.sql'
2025-09-04T02:11:18.542-03:00  INFO 12780 --- [           main] org.camunda.bpm.engine.persistence       : ENGINE-03016 Performing database operation 'create' on component 'identity' with resource 'org/camunda/bpm/engine/db/create/activiti.h2.create.identity.sql'
2025-09-04T02:11:18.557-03:00  INFO 12780 --- [           main] org.camunda.bpm.engine.persistence       : ENGINE-03016 Performing database operation 'create' on component 'case.engine' with resource 'org/camunda/bpm/engine/db/create/activiti.h2.create.case.engine.sql'
2025-09-04T02:11:18.565-03:00  INFO 12780 --- [           main] org.camunda.bpm.engine.persistence       : ENGINE-03016 Performing database operation 'create' on component 'case.history' with resource 'org/camunda/bpm/engine/db/create/activiti.h2.create.case.history.sql'
2025-09-04T02:11:18.569-03:00  INFO 12780 --- [           main] org.camunda.bpm.engine.persistence       : ENGINE-03016 Performing database operation 'create' on component 'decision.engine' with resource 'org/camunda/bpm/engine/db/create/activiti.h2.create.decision.engine.sql'
2025-09-04T02:11:18.577-03:00  INFO 12780 --- [           main] org.camunda.bpm.engine.persistence       : ENGINE-03016 Performing database operation 'create' on component 'decision.history' with resource 'org/camunda/bpm/engine/db/create/activiti.h2.create.decision.history.sql'
2025-09-04T02:11:18.577-03:00 DEBUG 12780 --- [           main] o.s.jdbc.support.JdbcTransactionManager  : Initiating transaction commit
2025-09-04T02:11:18.577-03:00 DEBUG 12780 --- [           main] o.s.jdbc.support.JdbcTransactionManager  : Committing JDBC transaction on Connection [HikariProxyConnection@310912664 wrapping conn10: url=jdbc:h2:mem:391fc002-9565-4714-95f1-8fe7b33d6bd6 user=SA]
2025-09-04T02:11:18.577-03:00 DEBUG 12780 --- [           main] o.s.jdbc.support.JdbcTransactionManager  : Releasing JDBC Connection [HikariProxyConnection@310912664 wrapping conn10: url=jdbc:h2:mem:391fc002-9565-4714-95f1-8fe7b33d6bd6 user=SA] after transaction
2025-09-04T02:11:18.577-03:00 DEBUG 12780 --- [           main] o.s.jdbc.support.JdbcTransactionManager  : Creating new transaction with name [null]: PROPAGATION_REQUIRED,ISOLATION_DEFAULT
2025-09-04T02:11:18.577-03:00 DEBUG 12780 --- [           main] o.s.jdbc.support.JdbcTransactionManager  : Acquired Connection [HikariProxyConnection@813607430 wrapping conn10: url=jdbc:h2:mem:391fc002-9565-4714-95f1-8fe7b33d6bd6 user=SA] for JDBC transaction
2025-09-04T02:11:18.577-03:00 DEBUG 12780 --- [           main] o.s.jdbc.support.JdbcTransactionManager  : Switching JDBC Connection [HikariProxyConnection@813607430 wrapping conn10: url=jdbc:h2:mem:391fc002-9565-4714-95f1-8fe7b33d6bd6 user=SA] to manual commit
2025-09-04T02:11:18.581-03:00  INFO 12780 --- [           main] org.camunda.bpm.engine.persistence       : ENGINE-03067 No history level property found in database
2025-09-04T02:11:18.581-03:00  INFO 12780 --- [           main] org.camunda.bpm.engine.persistence       : ENGINE-03065 Creating historyLevel property in database for level: HistoryLevelFull(name=full, id=3)
2025-09-04T02:11:18.583-03:00 DEBUG 12780 --- [           main] o.s.jdbc.support.JdbcTransactionManager  : Initiating transaction commit
2025-09-04T02:11:18.583-03:00 DEBUG 12780 --- [           main] o.s.jdbc.support.JdbcTransactionManager  : Committing JDBC transaction on Connection [HikariProxyConnection@813607430 wrapping conn10: url=jdbc:h2:mem:391fc002-9565-4714-95f1-8fe7b33d6bd6 user=SA]
2025-09-04T02:11:18.584-03:00 DEBUG 12780 --- [           main] o.s.jdbc.support.JdbcTransactionManager  : Releasing JDBC Connection [HikariProxyConnection@813607430 wrapping conn10: url=jdbc:h2:mem:391fc002-9565-4714-95f1-8fe7b33d6bd6 user=SA] after transaction
2025-09-04T02:11:18.584-03:00 DEBUG 12780 --- [           main] o.s.jdbc.support.JdbcTransactionManager  : Creating new transaction with name [null]: PROPAGATION_REQUIRED,ISOLATION_DEFAULT
2025-09-04T02:11:18.584-03:00 DEBUG 12780 --- [           main] o.s.jdbc.support.JdbcTransactionManager  : Acquired Connection [HikariProxyConnection@107540718 wrapping conn10: url=jdbc:h2:mem:391fc002-9565-4714-95f1-8fe7b33d6bd6 user=SA] for JDBC transaction
2025-09-04T02:11:18.584-03:00 DEBUG 12780 --- [           main] o.s.jdbc.support.JdbcTransactionManager  : Switching JDBC Connection [HikariProxyConnection@107540718 wrapping conn10: url=jdbc:h2:mem:391fc002-9565-4714-95f1-8fe7b33d6bd6 user=SA] to manual commit
2025-09-04T02:11:18.586-03:00 DEBUG 12780 --- [           main] o.s.jdbc.support.JdbcTransactionManager  : Participating in existing transaction
2025-09-04T02:11:18.587-03:00 DEBUG 12780 --- [           main] o.s.jdbc.support.JdbcTransactionManager  : Participating in existing transaction
2025-09-04T02:11:18.587-03:00 DEBUG 12780 --- [           main] o.s.jdbc.support.JdbcTransactionManager  : Participating in existing transaction
2025-09-04T02:11:18.588-03:00 DEBUG 12780 --- [           main] o.s.jdbc.support.JdbcTransactionManager  : Initiating transaction commit
2025-09-04T02:11:18.588-03:00 DEBUG 12780 --- [           main] o.s.jdbc.support.JdbcTransactionManager  : Committing JDBC transaction on Connection [HikariProxyConnection@107540718 wrapping conn10: url=jdbc:h2:mem:391fc002-9565-4714-95f1-8fe7b33d6bd6 user=SA]
2025-09-04T02:11:18.589-03:00 DEBUG 12780 --- [           main] o.s.jdbc.support.JdbcTransactionManager  : Releasing JDBC Connection [HikariProxyConnection@107540718 wrapping conn10: url=jdbc:h2:mem:391fc002-9565-4714-95f1-8fe7b33d6bd6 user=SA] after transaction
2025-09-04T02:11:18.589-03:00  INFO 12780 --- [           main] org.camunda.bpm.engine                   : ENGINE-00001 Process Engine default created.
2025-09-04T02:11:18.590-03:00 DEBUG 12780 --- [           main] o.s.jdbc.support.JdbcTransactionManager  : Creating new transaction with name [null]: PROPAGATION_REQUIRED,ISOLATION_DEFAULT
2025-09-04T02:11:18.590-03:00 DEBUG 12780 --- [           main] o.s.jdbc.support.JdbcTransactionManager  : Acquired Connection [HikariProxyConnection@352245447 wrapping conn10: url=jdbc:h2:mem:391fc002-9565-4714-95f1-8fe7b33d6bd6 user=SA] for JDBC transaction
2025-09-04T02:11:18.590-03:00 DEBUG 12780 --- [           main] o.s.jdbc.support.JdbcTransactionManager  : Switching JDBC Connection [HikariProxyConnection@352245447 wrapping conn10: url=jdbc:h2:mem:391fc002-9565-4714-95f1-8fe7b33d6bd6 user=SA] to manual commit
2025-09-04T02:11:18.590-03:00 DEBUG 12780 --- [           main] o.s.jdbc.support.JdbcTransactionManager  : Initiating transaction commit
2025-09-04T02:11:18.590-03:00 DEBUG 12780 --- [           main] o.s.jdbc.support.JdbcTransactionManager  : Committing JDBC transaction on Connection [HikariProxyConnection@352245447 wrapping conn10: url=jdbc:h2:mem:391fc002-9565-4714-95f1-8fe7b33d6bd6 user=SA]
2025-09-04T02:11:18.590-03:00 DEBUG 12780 --- [           main] o.s.jdbc.support.JdbcTransactionManager  : Releasing JDBC Connection [HikariProxyConnection@352245447 wrapping conn10: url=jdbc:h2:mem:391fc002-9565-4714-95f1-8fe7b33d6bd6 user=SA] after transaction
2025-09-04T02:11:18.590-03:00 DEBUG 12780 --- [           main] o.s.jdbc.support.JdbcTransactionManager  : Creating new transaction with name [null]: PROPAGATION_REQUIRED,ISOLATION_DEFAULT
2025-09-04T02:11:18.590-03:00 DEBUG 12780 --- [           main] o.s.jdbc.support.JdbcTransactionManager  : Acquired Connection [HikariProxyConnection@1267493423 wrapping conn10: url=jdbc:h2:mem:391fc002-9565-4714-95f1-8fe7b33d6bd6 user=SA] for JDBC transaction
2025-09-04T02:11:18.590-03:00 DEBUG 12780 --- [           main] o.s.jdbc.support.JdbcTransactionManager  : Switching JDBC Connection [HikariProxyConnection@1267493423 wrapping conn10: url=jdbc:h2:mem:391fc002-9565-4714-95f1-8fe7b33d6bd6 user=SA] to manual commit
2025-09-04T02:11:18.592-03:00 DEBUG 12780 --- [           main] o.s.jdbc.support.JdbcTransactionManager  : Initiating transaction commit
2025-09-04T02:11:18.592-03:00 DEBUG 12780 --- [           main] o.s.jdbc.support.JdbcTransactionManager  : Committing JDBC transaction on Connection [HikariProxyConnection@1267493423 wrapping conn10: url=jdbc:h2:mem:391fc002-9565-4714-95f1-8fe7b33d6bd6 user=SA]
2025-09-04T02:11:18.593-03:00 DEBUG 12780 --- [           main] o.s.jdbc.support.JdbcTransactionManager  : Releasing JDBC Connection [HikariProxyConnection@1267493423 wrapping conn10: url=jdbc:h2:mem:391fc002-9565-4714-95f1-8fe7b33d6bd6 user=SA] after transaction
2025-09-04T02:11:18.593-03:00 DEBUG 12780 --- [           main] o.s.jdbc.support.JdbcTransactionManager  : Creating new transaction with name [null]: PROPAGATION_REQUIRED,ISOLATION_DEFAULT
2025-09-04T02:11:18.593-03:00 DEBUG 12780 --- [           main] o.s.jdbc.support.JdbcTransactionManager  : Acquired Connection [HikariProxyConnection@1884904746 wrapping conn10: url=jdbc:h2:mem:391fc002-9565-4714-95f1-8fe7b33d6bd6 user=SA] for JDBC transaction
2025-09-04T02:11:18.593-03:00 DEBUG 12780 --- [           main] o.s.jdbc.support.JdbcTransactionManager  : Switching JDBC Connection [HikariProxyConnection@1884904746 wrapping conn10: url=jdbc:h2:mem:391fc002-9565-4714-95f1-8fe7b33d6bd6 user=SA] to manual commit
2025-09-04T02:11:18.593-03:00 DEBUG 12780 --- [           main] o.s.jdbc.support.JdbcTransactionManager  : Initiating transaction commit
2025-09-04T02:11:18.593-03:00 DEBUG 12780 --- [           main] o.s.jdbc.support.JdbcTransactionManager  : Committing JDBC transaction on Connection [HikariProxyConnection@1884904746 wrapping conn10: url=jdbc:h2:mem:391fc002-9565-4714-95f1-8fe7b33d6bd6 user=SA]
2025-09-04T02:11:18.593-03:00 DEBUG 12780 --- [           main] o.s.jdbc.support.JdbcTransactionManager  : Releasing JDBC Connection [HikariProxyConnection@1884904746 wrapping conn10: url=jdbc:h2:mem:391fc002-9565-4714-95f1-8fe7b33d6bd6 user=SA] after transaction
2025-09-04T02:11:18.594-03:00 DEBUG 12780 --- [           main] o.s.jdbc.support.JdbcTransactionManager  : Creating new transaction with name [null]: PROPAGATION_REQUIRED,ISOLATION_DEFAULT
2025-09-04T02:11:18.594-03:00 DEBUG 12780 --- [           main] o.s.jdbc.support.JdbcTransactionManager  : Acquired Connection [HikariProxyConnection@1110720365 wrapping conn10: url=jdbc:h2:mem:391fc002-9565-4714-95f1-8fe7b33d6bd6 user=SA] for JDBC transaction
2025-09-04T02:11:18.595-03:00 DEBUG 12780 --- [           main] o.s.jdbc.support.JdbcTransactionManager  : Switching JDBC Connection [HikariProxyConnection@1110720365 wrapping conn10: url=jdbc:h2:mem:391fc002-9565-4714-95f1-8fe7b33d6bd6 user=SA] to manual commit
2025-09-04T02:11:18.596-03:00 DEBUG 12780 --- [           main] o.s.jdbc.support.JdbcTransactionManager  : Initiating transaction commit
2025-09-04T02:11:18.596-03:00 DEBUG 12780 --- [           main] o.s.jdbc.support.JdbcTransactionManager  : Committing JDBC transaction on Connection [HikariProxyConnection@1110720365 wrapping conn10: url=jdbc:h2:mem:391fc002-9565-4714-95f1-8fe7b33d6bd6 user=SA]
2025-09-04T02:11:18.596-03:00 DEBUG 12780 --- [           main] o.s.jdbc.support.JdbcTransactionManager  : Releasing JDBC Connection [HikariProxyConnection@1110720365 wrapping conn10: url=jdbc:h2:mem:391fc002-9565-4714-95f1-8fe7b33d6bd6 user=SA] after transaction
2025-09-04T02:11:18.596-03:00 DEBUG 12780 --- [           main] o.s.jdbc.support.JdbcTransactionManager  : Creating new transaction with name [null]: PROPAGATION_REQUIRED,ISOLATION_DEFAULT
2025-09-04T02:11:18.596-03:00 DEBUG 12780 --- [           main] o.s.jdbc.support.JdbcTransactionManager  : Acquired Connection [HikariProxyConnection@1971993504 wrapping conn10: url=jdbc:h2:mem:391fc002-9565-4714-95f1-8fe7b33d6bd6 user=SA] for JDBC transaction
2025-09-04T02:11:18.596-03:00 DEBUG 12780 --- [           main] o.s.jdbc.support.JdbcTransactionManager  : Switching JDBC Connection [HikariProxyConnection@1971993504 wrapping conn10: url=jdbc:h2:mem:391fc002-9565-4714-95f1-8fe7b33d6bd6 user=SA] to manual commit
2025-09-04T02:11:18.596-03:00 DEBUG 12780 --- [           main] o.s.jdbc.support.JdbcTransactionManager  : Initiating transaction commit
2025-09-04T02:11:18.596-03:00 DEBUG 12780 --- [           main] o.s.jdbc.support.JdbcTransactionManager  : Committing JDBC transaction on Connection [HikariProxyConnection@1971993504 wrapping conn10: url=jdbc:h2:mem:391fc002-9565-4714-95f1-8fe7b33d6bd6 user=SA]
2025-09-04T02:11:18.596-03:00 DEBUG 12780 --- [           main] o.s.jdbc.support.JdbcTransactionManager  : Releasing JDBC Connection [HikariProxyConnection@1971993504 wrapping conn10: url=jdbc:h2:mem:391fc002-9565-4714-95f1-8fe7b33d6bd6 user=SA] after transaction
2025-09-04T02:11:18.596-03:00 DEBUG 12780 --- [           main] o.s.jdbc.support.JdbcTransactionManager  : Creating new transaction with name [null]: PROPAGATION_REQUIRED,ISOLATION_DEFAULT
2025-09-04T02:11:18.596-03:00 DEBUG 12780 --- [           main] o.s.jdbc.support.JdbcTransactionManager  : Acquired Connection [HikariProxyConnection@1936374550 wrapping conn10: url=jdbc:h2:mem:391fc002-9565-4714-95f1-8fe7b33d6bd6 user=SA] for JDBC transaction
2025-09-04T02:11:18.597-03:00 DEBUG 12780 --- [           main] o.s.jdbc.support.JdbcTransactionManager  : Switching JDBC Connection [HikariProxyConnection@1936374550 wrapping conn10: url=jdbc:h2:mem:391fc002-9565-4714-95f1-8fe7b33d6bd6 user=SA] to manual commit
2025-09-04T02:11:18.598-03:00 DEBUG 12780 --- [           main] o.s.jdbc.support.JdbcTransactionManager  : Initiating transaction commit
2025-09-04T02:11:18.598-03:00 DEBUG 12780 --- [           main] o.s.jdbc.support.JdbcTransactionManager  : Committing JDBC transaction on Connection [HikariProxyConnection@1936374550 wrapping conn10: url=jdbc:h2:mem:391fc002-9565-4714-95f1-8fe7b33d6bd6 user=SA]
2025-09-04T02:11:18.598-03:00 DEBUG 12780 --- [           main] o.s.jdbc.support.JdbcTransactionManager  : Releasing JDBC Connection [HikariProxyConnection@1936374550 wrapping conn10: url=jdbc:h2:mem:391fc002-9565-4714-95f1-8fe7b33d6bd6 user=SA] after transaction
2025-09-04T02:11:18.598-03:00 DEBUG 12780 --- [           main] o.s.jdbc.support.JdbcTransactionManager  : Creating new transaction with name [null]: PROPAGATION_REQUIRED,ISOLATION_DEFAULT
2025-09-04T02:11:18.598-03:00 DEBUG 12780 --- [           main] o.s.jdbc.support.JdbcTransactionManager  : Acquired Connection [HikariProxyConnection@472453819 wrapping conn10: url=jdbc:h2:mem:391fc002-9565-4714-95f1-8fe7b33d6bd6 user=SA] for JDBC transaction
2025-09-04T02:11:18.598-03:00 DEBUG 12780 --- [           main] o.s.jdbc.support.JdbcTransactionManager  : Switching JDBC Connection [HikariProxyConnection@472453819 wrapping conn10: url=jdbc:h2:mem:391fc002-9565-4714-95f1-8fe7b33d6bd6 user=SA] to manual commit
2025-09-04T02:11:18.598-03:00 DEBUG 12780 --- [           main] o.s.jdbc.support.JdbcTransactionManager  : Initiating transaction commit
2025-09-04T02:11:18.598-03:00 DEBUG 12780 --- [           main] o.s.jdbc.support.JdbcTransactionManager  : Committing JDBC transaction on Connection [HikariProxyConnection@472453819 wrapping conn10: url=jdbc:h2:mem:391fc002-9565-4714-95f1-8fe7b33d6bd6 user=SA]
2025-09-04T02:11:18.598-03:00 DEBUG 12780 --- [           main] o.s.jdbc.support.JdbcTransactionManager  : Releasing JDBC Connection [HikariProxyConnection@472453819 wrapping conn10: url=jdbc:h2:mem:391fc002-9565-4714-95f1-8fe7b33d6bd6 user=SA] after transaction
2025-09-04T02:11:18.598-03:00 DEBUG 12780 --- [           main] o.s.jdbc.support.JdbcTransactionManager  : Creating new transaction with name [null]: PROPAGATION_REQUIRED,ISOLATION_DEFAULT
2025-09-04T02:11:18.599-03:00 DEBUG 12780 --- [           main] o.s.jdbc.support.JdbcTransactionManager  : Acquired Connection [HikariProxyConnection@458482094 wrapping conn10: url=jdbc:h2:mem:391fc002-9565-4714-95f1-8fe7b33d6bd6 user=SA] for JDBC transaction
2025-09-04T02:11:18.599-03:00 DEBUG 12780 --- [           main] o.s.jdbc.support.JdbcTransactionManager  : Switching JDBC Connection [HikariProxyConnection@458482094 wrapping conn10: url=jdbc:h2:mem:391fc002-9565-4714-95f1-8fe7b33d6bd6 user=SA] to manual commit
2025-09-04T02:11:18.599-03:00 DEBUG 12780 --- [           main] o.s.jdbc.support.JdbcTransactionManager  : Initiating transaction commit
2025-09-04T02:11:18.599-03:00 DEBUG 12780 --- [           main] o.s.jdbc.support.JdbcTransactionManager  : Committing JDBC transaction on Connection [HikariProxyConnection@458482094 wrapping conn10: url=jdbc:h2:mem:391fc002-9565-4714-95f1-8fe7b33d6bd6 user=SA]
2025-09-04T02:11:18.599-03:00 DEBUG 12780 --- [           main] o.s.jdbc.support.JdbcTransactionManager  : Releasing JDBC Connection [HikariProxyConnection@458482094 wrapping conn10: url=jdbc:h2:mem:391fc002-9565-4714-95f1-8fe7b33d6bd6 user=SA] after transaction
2025-09-04T02:11:18.599-03:00 DEBUG 12780 --- [           main] o.s.jdbc.support.JdbcTransactionManager  : Creating new transaction with name [null]: PROPAGATION_REQUIRED,ISOLATION_DEFAULT
2025-09-04T02:11:18.599-03:00 DEBUG 12780 --- [           main] o.s.jdbc.support.JdbcTransactionManager  : Acquired Connection [HikariProxyConnection@608417834 wrapping conn10: url=jdbc:h2:mem:391fc002-9565-4714-95f1-8fe7b33d6bd6 user=SA] for JDBC transaction
2025-09-04T02:11:18.599-03:00 DEBUG 12780 --- [           main] o.s.jdbc.support.JdbcTransactionManager  : Switching JDBC Connection [HikariProxyConnection@608417834 wrapping conn10: url=jdbc:h2:mem:391fc002-9565-4714-95f1-8fe7b33d6bd6 user=SA] to manual commit
2025-09-04T02:11:18.601-03:00 DEBUG 12780 --- [           main] o.s.jdbc.support.JdbcTransactionManager  : Initiating transaction commit
2025-09-04T02:11:18.601-03:00 DEBUG 12780 --- [           main] o.s.jdbc.support.JdbcTransactionManager  : Committing JDBC transaction on Connection [HikariProxyConnection@608417834 wrapping conn10: url=jdbc:h2:mem:391fc002-9565-4714-95f1-8fe7b33d6bd6 user=SA]
2025-09-04T02:11:18.601-03:00 DEBUG 12780 --- [           main] o.s.jdbc.support.JdbcTransactionManager  : Releasing JDBC Connection [HikariProxyConnection@608417834 wrapping conn10: url=jdbc:h2:mem:391fc002-9565-4714-95f1-8fe7b33d6bd6 user=SA] after transaction
2025-09-04T02:11:18.601-03:00 DEBUG 12780 --- [           main] o.s.jdbc.support.JdbcTransactionManager  : Creating new transaction with name [null]: PROPAGATION_REQUIRED,ISOLATION_DEFAULT
2025-09-04T02:11:18.601-03:00 DEBUG 12780 --- [           main] o.s.jdbc.support.JdbcTransactionManager  : Acquired Connection [HikariProxyConnection@664883070 wrapping conn10: url=jdbc:h2:mem:391fc002-9565-4714-95f1-8fe7b33d6bd6 user=SA] for JDBC transaction
2025-09-04T02:11:18.601-03:00 DEBUG 12780 --- [           main] o.s.jdbc.support.JdbcTransactionManager  : Switching JDBC Connection [HikariProxyConnection@664883070 wrapping conn10: url=jdbc:h2:mem:391fc002-9565-4714-95f1-8fe7b33d6bd6 user=SA] to manual commit
2025-09-04T02:11:18.602-03:00 DEBUG 12780 --- [           main] o.s.jdbc.support.JdbcTransactionManager  : Initiating transaction commit
2025-09-04T02:11:18.602-03:00 DEBUG 12780 --- [           main] o.s.jdbc.support.JdbcTransactionManager  : Committing JDBC transaction on Connection [HikariProxyConnection@664883070 wrapping conn10: url=jdbc:h2:mem:391fc002-9565-4714-95f1-8fe7b33d6bd6 user=SA]
2025-09-04T02:11:18.603-03:00 DEBUG 12780 --- [           main] o.s.jdbc.support.JdbcTransactionManager  : Releasing JDBC Connection [HikariProxyConnection@664883070 wrapping conn10: url=jdbc:h2:mem:391fc002-9565-4714-95f1-8fe7b33d6bd6 user=SA] after transaction
2025-09-04T02:11:18.603-03:00 DEBUG 12780 --- [           main] o.s.jdbc.support.JdbcTransactionManager  : Creating new transaction with name [null]: PROPAGATION_REQUIRED,ISOLATION_DEFAULT
2025-09-04T02:11:18.603-03:00 DEBUG 12780 --- [           main] o.s.jdbc.support.JdbcTransactionManager  : Acquired Connection [HikariProxyConnection@807254402 wrapping conn10: url=jdbc:h2:mem:391fc002-9565-4714-95f1-8fe7b33d6bd6 user=SA] for JDBC transaction
2025-09-04T02:11:18.603-03:00 DEBUG 12780 --- [           main] o.s.jdbc.support.JdbcTransactionManager  : Switching JDBC Connection [HikariProxyConnection@807254402 wrapping conn10: url=jdbc:h2:mem:391fc002-9565-4714-95f1-8fe7b33d6bd6 user=SA] to manual commit
2025-09-04T02:11:18.604-03:00 DEBUG 12780 --- [           main] o.s.jdbc.support.JdbcTransactionManager  : Initiating transaction commit
2025-09-04T02:11:18.604-03:00 DEBUG 12780 --- [           main] o.s.jdbc.support.JdbcTransactionManager  : Committing JDBC transaction on Connection [HikariProxyConnection@807254402 wrapping conn10: url=jdbc:h2:mem:391fc002-9565-4714-95f1-8fe7b33d6bd6 user=SA]
2025-09-04T02:11:18.605-03:00 DEBUG 12780 --- [           main] o.s.jdbc.support.JdbcTransactionManager  : Releasing JDBC Connection [HikariProxyConnection@807254402 wrapping conn10: url=jdbc:h2:mem:391fc002-9565-4714-95f1-8fe7b33d6bd6 user=SA] after transaction
2025-09-04T02:11:18.605-03:00 DEBUG 12780 --- [           main] o.s.jdbc.support.JdbcTransactionManager  : Creating new transaction with name [null]: PROPAGATION_REQUIRED,ISOLATION_DEFAULT
2025-09-04T02:11:18.605-03:00 DEBUG 12780 --- [           main] o.s.jdbc.support.JdbcTransactionManager  : Acquired Connection [HikariProxyConnection@1649405437 wrapping conn10: url=jdbc:h2:mem:391fc002-9565-4714-95f1-8fe7b33d6bd6 user=SA] for JDBC transaction
2025-09-04T02:11:18.605-03:00 DEBUG 12780 --- [           main] o.s.jdbc.support.JdbcTransactionManager  : Switching JDBC Connection [HikariProxyConnection@1649405437 wrapping conn10: url=jdbc:h2:mem:391fc002-9565-4714-95f1-8fe7b33d6bd6 user=SA] to manual commit
2025-09-04T02:11:18.605-03:00 DEBUG 12780 --- [           main] o.s.jdbc.support.JdbcTransactionManager  : Initiating transaction commit
2025-09-04T02:11:18.605-03:00 DEBUG 12780 --- [           main] o.s.jdbc.support.JdbcTransactionManager  : Committing JDBC transaction on Connection [HikariProxyConnection@1649405437 wrapping conn10: url=jdbc:h2:mem:391fc002-9565-4714-95f1-8fe7b33d6bd6 user=SA]
2025-09-04T02:11:18.606-03:00 DEBUG 12780 --- [           main] o.s.jdbc.support.JdbcTransactionManager  : Releasing JDBC Connection [HikariProxyConnection@1649405437 wrapping conn10: url=jdbc:h2:mem:391fc002-9565-4714-95f1-8fe7b33d6bd6 user=SA] after transaction
2025-09-04T02:11:18.606-03:00 DEBUG 12780 --- [           main] o.s.jdbc.support.JdbcTransactionManager  : Creating new transaction with name [null]: PROPAGATION_REQUIRED,ISOLATION_DEFAULT
2025-09-04T02:11:18.606-03:00 DEBUG 12780 --- [           main] o.s.jdbc.support.JdbcTransactionManager  : Acquired Connection [HikariProxyConnection@4838833 wrapping conn10: url=jdbc:h2:mem:391fc002-9565-4714-95f1-8fe7b33d6bd6 user=SA] for JDBC transaction
2025-09-04T02:11:18.606-03:00 DEBUG 12780 --- [           main] o.s.jdbc.support.JdbcTransactionManager  : Switching JDBC Connection [HikariProxyConnection@4838833 wrapping conn10: url=jdbc:h2:mem:391fc002-9565-4714-95f1-8fe7b33d6bd6 user=SA] to manual commit
2025-09-04T02:11:18.607-03:00 DEBUG 12780 --- [           main] o.s.jdbc.support.JdbcTransactionManager  : Initiating transaction commit
2025-09-04T02:11:18.607-03:00 DEBUG 12780 --- [           main] o.s.jdbc.support.JdbcTransactionManager  : Committing JDBC transaction on Connection [HikariProxyConnection@4838833 wrapping conn10: url=jdbc:h2:mem:391fc002-9565-4714-95f1-8fe7b33d6bd6 user=SA]
2025-09-04T02:11:18.607-03:00 DEBUG 12780 --- [           main] o.s.jdbc.support.JdbcTransactionManager  : Releasing JDBC Connection [HikariProxyConnection@4838833 wrapping conn10: url=jdbc:h2:mem:391fc002-9565-4714-95f1-8fe7b33d6bd6 user=SA] after transaction
2025-09-04T02:11:18.607-03:00 DEBUG 12780 --- [           main] o.s.jdbc.support.JdbcTransactionManager  : Creating new transaction with name [null]: PROPAGATION_REQUIRED,ISOLATION_DEFAULT
2025-09-04T02:11:18.607-03:00 DEBUG 12780 --- [           main] o.s.jdbc.support.JdbcTransactionManager  : Acquired Connection [HikariProxyConnection@382275244 wrapping conn10: url=jdbc:h2:mem:391fc002-9565-4714-95f1-8fe7b33d6bd6 user=SA] for JDBC transaction
2025-09-04T02:11:18.607-03:00 DEBUG 12780 --- [           main] o.s.jdbc.support.JdbcTransactionManager  : Switching JDBC Connection [HikariProxyConnection@382275244 wrapping conn10: url=jdbc:h2:mem:391fc002-9565-4714-95f1-8fe7b33d6bd6 user=SA] to manual commit
2025-09-04T02:11:18.608-03:00 DEBUG 12780 --- [           main] o.s.jdbc.support.JdbcTransactionManager  : Initiating transaction commit
2025-09-04T02:11:18.608-03:00 DEBUG 12780 --- [           main] o.s.jdbc.support.JdbcTransactionManager  : Committing JDBC transaction on Connection [HikariProxyConnection@382275244 wrapping conn10: url=jdbc:h2:mem:391fc002-9565-4714-95f1-8fe7b33d6bd6 user=SA]
2025-09-04T02:11:18.608-03:00 DEBUG 12780 --- [           main] o.s.jdbc.support.JdbcTransactionManager  : Releasing JDBC Connection [HikariProxyConnection@382275244 wrapping conn10: url=jdbc:h2:mem:391fc002-9565-4714-95f1-8fe7b33d6bd6 user=SA] after transaction
2025-09-04T02:11:18.608-03:00 DEBUG 12780 --- [           main] o.s.jdbc.support.JdbcTransactionManager  : Creating new transaction with name [null]: PROPAGATION_REQUIRED,ISOLATION_DEFAULT
2025-09-04T02:11:18.608-03:00 DEBUG 12780 --- [           main] o.s.jdbc.support.JdbcTransactionManager  : Acquired Connection [HikariProxyConnection@686291908 wrapping conn10: url=jdbc:h2:mem:391fc002-9565-4714-95f1-8fe7b33d6bd6 user=SA] for JDBC transaction
2025-09-04T02:11:18.608-03:00 DEBUG 12780 --- [           main] o.s.jdbc.support.JdbcTransactionManager  : Switching JDBC Connection [HikariProxyConnection@686291908 wrapping conn10: url=jdbc:h2:mem:391fc002-9565-4714-95f1-8fe7b33d6bd6 user=SA] to manual commit
2025-09-04T02:11:18.609-03:00 DEBUG 12780 --- [           main] o.s.jdbc.support.JdbcTransactionManager  : Initiating transaction commit
2025-09-04T02:11:18.609-03:00 DEBUG 12780 --- [           main] o.s.jdbc.support.JdbcTransactionManager  : Committing JDBC transaction on Connection [HikariProxyConnection@686291908 wrapping conn10: url=jdbc:h2:mem:391fc002-9565-4714-95f1-8fe7b33d6bd6 user=SA]
2025-09-04T02:11:18.609-03:00 DEBUG 12780 --- [           main] o.s.jdbc.support.JdbcTransactionManager  : Releasing JDBC Connection [HikariProxyConnection@686291908 wrapping conn10: url=jdbc:h2:mem:391fc002-9565-4714-95f1-8fe7b33d6bd6 user=SA] after transaction
2025-09-04T02:11:18.609-03:00 DEBUG 12780 --- [           main] o.s.jdbc.support.JdbcTransactionManager  : Creating new transaction with name [null]: PROPAGATION_REQUIRED,ISOLATION_DEFAULT
2025-09-04T02:11:18.609-03:00 DEBUG 12780 --- [           main] o.s.jdbc.support.JdbcTransactionManager  : Acquired Connection [HikariProxyConnection@1544217367 wrapping conn10: url=jdbc:h2:mem:391fc002-9565-4714-95f1-8fe7b33d6bd6 user=SA] for JDBC transaction
2025-09-04T02:11:18.609-03:00 DEBUG 12780 --- [           main] o.s.jdbc.support.JdbcTransactionManager  : Switching JDBC Connection [HikariProxyConnection@1544217367 wrapping conn10: url=jdbc:h2:mem:391fc002-9565-4714-95f1-8fe7b33d6bd6 user=SA] to manual commit
2025-09-04T02:11:18.610-03:00 DEBUG 12780 --- [           main] o.s.jdbc.support.JdbcTransactionManager  : Initiating transaction commit
2025-09-04T02:11:18.610-03:00 DEBUG 12780 --- [           main] o.s.jdbc.support.JdbcTransactionManager  : Committing JDBC transaction on Connection [HikariProxyConnection@1544217367 wrapping conn10: url=jdbc:h2:mem:391fc002-9565-4714-95f1-8fe7b33d6bd6 user=SA]
2025-09-04T02:11:18.610-03:00 DEBUG 12780 --- [           main] o.s.jdbc.support.JdbcTransactionManager  : Releasing JDBC Connection [HikariProxyConnection@1544217367 wrapping conn10: url=jdbc:h2:mem:391fc002-9565-4714-95f1-8fe7b33d6bd6 user=SA] after transaction
2025-09-04T02:11:18.610-03:00 DEBUG 12780 --- [           main] o.s.jdbc.support.JdbcTransactionManager  : Creating new transaction with name [null]: PROPAGATION_REQUIRED,ISOLATION_DEFAULT
2025-09-04T02:11:18.610-03:00 DEBUG 12780 --- [           main] o.s.jdbc.support.JdbcTransactionManager  : Acquired Connection [HikariProxyConnection@1192393769 wrapping conn10: url=jdbc:h2:mem:391fc002-9565-4714-95f1-8fe7b33d6bd6 user=SA] for JDBC transaction
2025-09-04T02:11:18.610-03:00 DEBUG 12780 --- [           main] o.s.jdbc.support.JdbcTransactionManager  : Switching JDBC Connection [HikariProxyConnection@1192393769 wrapping conn10: url=jdbc:h2:mem:391fc002-9565-4714-95f1-8fe7b33d6bd6 user=SA] to manual commit
2025-09-04T02:11:18.611-03:00 DEBUG 12780 --- [           main] o.s.jdbc.support.JdbcTransactionManager  : Initiating transaction commit
2025-09-04T02:11:18.611-03:00 DEBUG 12780 --- [           main] o.s.jdbc.support.JdbcTransactionManager  : Committing JDBC transaction on Connection [HikariProxyConnection@1192393769 wrapping conn10: url=jdbc:h2:mem:391fc002-9565-4714-95f1-8fe7b33d6bd6 user=SA]
2025-09-04T02:11:18.612-03:00 DEBUG 12780 --- [           main] o.s.jdbc.support.JdbcTransactionManager  : Releasing JDBC Connection [HikariProxyConnection@1192393769 wrapping conn10: url=jdbc:h2:mem:391fc002-9565-4714-95f1-8fe7b33d6bd6 user=SA] after transaction
2025-09-04T02:11:18.612-03:00 DEBUG 12780 --- [           main] o.s.jdbc.support.JdbcTransactionManager  : Creating new transaction with name [null]: PROPAGATION_REQUIRED,ISOLATION_DEFAULT
2025-09-04T02:11:18.612-03:00 DEBUG 12780 --- [           main] o.s.jdbc.support.JdbcTransactionManager  : Acquired Connection [HikariProxyConnection@262973672 wrapping conn10: url=jdbc:h2:mem:391fc002-9565-4714-95f1-8fe7b33d6bd6 user=SA] for JDBC transaction
2025-09-04T02:11:18.612-03:00 DEBUG 12780 --- [           main] o.s.jdbc.support.JdbcTransactionManager  : Switching JDBC Connection [HikariProxyConnection@262973672 wrapping conn10: url=jdbc:h2:mem:391fc002-9565-4714-95f1-8fe7b33d6bd6 user=SA] to manual commit
2025-09-04T02:11:18.612-03:00 DEBUG 12780 --- [           main] o.s.jdbc.support.JdbcTransactionManager  : Initiating transaction commit
2025-09-04T02:11:18.612-03:00 DEBUG 12780 --- [           main] o.s.jdbc.support.JdbcTransactionManager  : Committing JDBC transaction on Connection [HikariProxyConnection@262973672 wrapping conn10: url=jdbc:h2:mem:391fc002-9565-4714-95f1-8fe7b33d6bd6 user=SA]
2025-09-04T02:11:18.613-03:00 DEBUG 12780 --- [           main] o.s.jdbc.support.JdbcTransactionManager  : Releasing JDBC Connection [HikariProxyConnection@262973672 wrapping conn10: url=jdbc:h2:mem:391fc002-9565-4714-95f1-8fe7b33d6bd6 user=SA] after transaction
2025-09-04T02:11:18.613-03:00 DEBUG 12780 --- [           main] o.s.jdbc.support.JdbcTransactionManager  : Creating new transaction with name [null]: PROPAGATION_REQUIRED,ISOLATION_DEFAULT
2025-09-04T02:11:18.613-03:00 DEBUG 12780 --- [           main] o.s.jdbc.support.JdbcTransactionManager  : Acquired Connection [HikariProxyConnection@1864529997 wrapping conn10: url=jdbc:h2:mem:391fc002-9565-4714-95f1-8fe7b33d6bd6 user=SA] for JDBC transaction
2025-09-04T02:11:18.613-03:00 DEBUG 12780 --- [           main] o.s.jdbc.support.JdbcTransactionManager  : Switching JDBC Connection [HikariProxyConnection@1864529997 wrapping conn10: url=jdbc:h2:mem:391fc002-9565-4714-95f1-8fe7b33d6bd6 user=SA] to manual commit
2025-09-04T02:11:18.614-03:00 DEBUG 12780 --- [           main] o.s.jdbc.support.JdbcTransactionManager  : Initiating transaction commit
2025-09-04T02:11:18.614-03:00 DEBUG 12780 --- [           main] o.s.jdbc.support.JdbcTransactionManager  : Committing JDBC transaction on Connection [HikariProxyConnection@1864529997 wrapping conn10: url=jdbc:h2:mem:391fc002-9565-4714-95f1-8fe7b33d6bd6 user=SA]
2025-09-04T02:11:18.614-03:00 DEBUG 12780 --- [           main] o.s.jdbc.support.JdbcTransactionManager  : Releasing JDBC Connection [HikariProxyConnection@1864529997 wrapping conn10: url=jdbc:h2:mem:391fc002-9565-4714-95f1-8fe7b33d6bd6 user=SA] after transaction
2025-09-04T02:11:18.614-03:00 DEBUG 12780 --- [           main] o.s.jdbc.support.JdbcTransactionManager  : Creating new transaction with name [null]: PROPAGATION_REQUIRED,ISOLATION_DEFAULT
2025-09-04T02:11:18.614-03:00 DEBUG 12780 --- [           main] o.s.jdbc.support.JdbcTransactionManager  : Acquired Connection [HikariProxyConnection@783590380 wrapping conn10: url=jdbc:h2:mem:391fc002-9565-4714-95f1-8fe7b33d6bd6 user=SA] for JDBC transaction
2025-09-04T02:11:18.614-03:00 DEBUG 12780 --- [           main] o.s.jdbc.support.JdbcTransactionManager  : Switching JDBC Connection [HikariProxyConnection@783590380 wrapping conn10: url=jdbc:h2:mem:391fc002-9565-4714-95f1-8fe7b33d6bd6 user=SA] to manual commit
2025-09-04T02:11:18.615-03:00 DEBUG 12780 --- [           main] o.s.jdbc.support.JdbcTransactionManager  : Initiating transaction commit
2025-09-04T02:11:18.615-03:00 DEBUG 12780 --- [           main] o.s.jdbc.support.JdbcTransactionManager  : Committing JDBC transaction on Connection [HikariProxyConnection@783590380 wrapping conn10: url=jdbc:h2:mem:391fc002-9565-4714-95f1-8fe7b33d6bd6 user=SA]
2025-09-04T02:11:18.615-03:00 DEBUG 12780 --- [           main] o.s.jdbc.support.JdbcTransactionManager  : Releasing JDBC Connection [HikariProxyConnection@783590380 wrapping conn10: url=jdbc:h2:mem:391fc002-9565-4714-95f1-8fe7b33d6bd6 user=SA] after transaction
2025-09-04T02:11:18.615-03:00 DEBUG 12780 --- [           main] o.s.jdbc.support.JdbcTransactionManager  : Creating new transaction with name [null]: PROPAGATION_REQUIRED,ISOLATION_DEFAULT
2025-09-04T02:11:18.615-03:00 DEBUG 12780 --- [           main] o.s.jdbc.support.JdbcTransactionManager  : Acquired Connection [HikariProxyConnection@1157246451 wrapping conn10: url=jdbc:h2:mem:391fc002-9565-4714-95f1-8fe7b33d6bd6 user=SA] for JDBC transaction
2025-09-04T02:11:18.615-03:00 DEBUG 12780 --- [           main] o.s.jdbc.support.JdbcTransactionManager  : Switching JDBC Connection [HikariProxyConnection@1157246451 wrapping conn10: url=jdbc:h2:mem:391fc002-9565-4714-95f1-8fe7b33d6bd6 user=SA] to manual commit
2025-09-04T02:11:18.616-03:00 DEBUG 12780 --- [           main] o.s.jdbc.support.JdbcTransactionManager  : Initiating transaction commit
2025-09-04T02:11:18.616-03:00 DEBUG 12780 --- [           main] o.s.jdbc.support.JdbcTransactionManager  : Committing JDBC transaction on Connection [HikariProxyConnection@1157246451 wrapping conn10: url=jdbc:h2:mem:391fc002-9565-4714-95f1-8fe7b33d6bd6 user=SA]
2025-09-04T02:11:18.616-03:00 DEBUG 12780 --- [           main] o.s.jdbc.support.JdbcTransactionManager  : Releasing JDBC Connection [HikariProxyConnection@1157246451 wrapping conn10: url=jdbc:h2:mem:391fc002-9565-4714-95f1-8fe7b33d6bd6 user=SA] after transaction
2025-09-04T02:11:18.616-03:00 DEBUG 12780 --- [           main] o.s.jdbc.support.JdbcTransactionManager  : Creating new transaction with name [null]: PROPAGATION_REQUIRED,ISOLATION_DEFAULT
2025-09-04T02:11:18.616-03:00 DEBUG 12780 --- [           main] o.s.jdbc.support.JdbcTransactionManager  : Acquired Connection [HikariProxyConnection@642111229 wrapping conn10: url=jdbc:h2:mem:391fc002-9565-4714-95f1-8fe7b33d6bd6 user=SA] for JDBC transaction
2025-09-04T02:11:18.616-03:00 DEBUG 12780 --- [           main] o.s.jdbc.support.JdbcTransactionManager  : Switching JDBC Connection [HikariProxyConnection@642111229 wrapping conn10: url=jdbc:h2:mem:391fc002-9565-4714-95f1-8fe7b33d6bd6 user=SA] to manual commit
2025-09-04T02:11:18.617-03:00 DEBUG 12780 --- [           main] o.s.jdbc.support.JdbcTransactionManager  : Initiating transaction commit
2025-09-04T02:11:18.617-03:00 DEBUG 12780 --- [           main] o.s.jdbc.support.JdbcTransactionManager  : Committing JDBC transaction on Connection [HikariProxyConnection@642111229 wrapping conn10: url=jdbc:h2:mem:391fc002-9565-4714-95f1-8fe7b33d6bd6 user=SA]
2025-09-04T02:11:18.617-03:00 DEBUG 12780 --- [           main] o.s.jdbc.support.JdbcTransactionManager  : Releasing JDBC Connection [HikariProxyConnection@642111229 wrapping conn10: url=jdbc:h2:mem:391fc002-9565-4714-95f1-8fe7b33d6bd6 user=SA] after transaction
2025-09-04T02:11:18.617-03:00 DEBUG 12780 --- [           main] o.s.jdbc.support.JdbcTransactionManager  : Creating new transaction with name [null]: PROPAGATION_REQUIRED,ISOLATION_DEFAULT
2025-09-04T02:11:18.617-03:00 DEBUG 12780 --- [           main] o.s.jdbc.support.JdbcTransactionManager  : Acquired Connection [HikariProxyConnection@1039699588 wrapping conn10: url=jdbc:h2:mem:391fc002-9565-4714-95f1-8fe7b33d6bd6 user=SA] for JDBC transaction
2025-09-04T02:11:18.617-03:00 DEBUG 12780 --- [           main] o.s.jdbc.support.JdbcTransactionManager  : Switching JDBC Connection [HikariProxyConnection@1039699588 wrapping conn10: url=jdbc:h2:mem:391fc002-9565-4714-95f1-8fe7b33d6bd6 user=SA] to manual commit
2025-09-04T02:11:18.622-03:00 DEBUG 12780 --- [           main] o.s.jdbc.support.JdbcTransactionManager  : Initiating transaction commit
2025-09-04T02:11:18.622-03:00 DEBUG 12780 --- [           main] o.s.jdbc.support.JdbcTransactionManager  : Committing JDBC transaction on Connection [HikariProxyConnection@1039699588 wrapping conn10: url=jdbc:h2:mem:391fc002-9565-4714-95f1-8fe7b33d6bd6 user=SA]
2025-09-04T02:11:18.622-03:00 DEBUG 12780 --- [           main] o.s.jdbc.support.JdbcTransactionManager  : Releasing JDBC Connection [HikariProxyConnection@1039699588 wrapping conn10: url=jdbc:h2:mem:391fc002-9565-4714-95f1-8fe7b33d6bd6 user=SA] after transaction
2025-09-04T02:11:18.622-03:00 DEBUG 12780 --- [           main] o.s.jdbc.support.JdbcTransactionManager  : Creating new transaction with name [null]: PROPAGATION_REQUIRED,ISOLATION_DEFAULT
2025-09-04T02:11:18.622-03:00 DEBUG 12780 --- [           main] o.s.jdbc.support.JdbcTransactionManager  : Acquired Connection [HikariProxyConnection@893171685 wrapping conn10: url=jdbc:h2:mem:391fc002-9565-4714-95f1-8fe7b33d6bd6 user=SA] for JDBC transaction
2025-09-04T02:11:18.622-03:00 DEBUG 12780 --- [           main] o.s.jdbc.support.JdbcTransactionManager  : Switching JDBC Connection [HikariProxyConnection@893171685 wrapping conn10: url=jdbc:h2:mem:391fc002-9565-4714-95f1-8fe7b33d6bd6 user=SA] to manual commit
2025-09-04T02:11:18.623-03:00 DEBUG 12780 --- [           main] o.s.jdbc.support.JdbcTransactionManager  : Initiating transaction commit
2025-09-04T02:11:18.624-03:00 DEBUG 12780 --- [           main] o.s.jdbc.support.JdbcTransactionManager  : Committing JDBC transaction on Connection [HikariProxyConnection@893171685 wrapping conn10: url=jdbc:h2:mem:391fc002-9565-4714-95f1-8fe7b33d6bd6 user=SA]
2025-09-04T02:11:18.624-03:00 DEBUG 12780 --- [           main] o.s.jdbc.support.JdbcTransactionManager  : Releasing JDBC Connection [HikariProxyConnection@893171685 wrapping conn10: url=jdbc:h2:mem:391fc002-9565-4714-95f1-8fe7b33d6bd6 user=SA] after transaction
2025-09-04T02:11:18.624-03:00 DEBUG 12780 --- [           main] o.s.jdbc.support.JdbcTransactionManager  : Creating new transaction with name [null]: PROPAGATION_REQUIRED,ISOLATION_DEFAULT
2025-09-04T02:11:18.624-03:00 DEBUG 12780 --- [           main] o.s.jdbc.support.JdbcTransactionManager  : Acquired Connection [HikariProxyConnection@562195832 wrapping conn10: url=jdbc:h2:mem:391fc002-9565-4714-95f1-8fe7b33d6bd6 user=SA] for JDBC transaction
2025-09-04T02:11:18.624-03:00 DEBUG 12780 --- [           main] o.s.jdbc.support.JdbcTransactionManager  : Switching JDBC Connection [HikariProxyConnection@562195832 wrapping conn10: url=jdbc:h2:mem:391fc002-9565-4714-95f1-8fe7b33d6bd6 user=SA] to manual commit
2025-09-04T02:11:18.625-03:00 DEBUG 12780 --- [           main] o.s.jdbc.support.JdbcTransactionManager  : Initiating transaction commit
2025-09-04T02:11:18.625-03:00 DEBUG 12780 --- [           main] o.s.jdbc.support.JdbcTransactionManager  : Committing JDBC transaction on Connection [HikariProxyConnection@562195832 wrapping conn10: url=jdbc:h2:mem:391fc002-9565-4714-95f1-8fe7b33d6bd6 user=SA]
2025-09-04T02:11:18.626-03:00 DEBUG 12780 --- [           main] o.s.jdbc.support.JdbcTransactionManager  : Releasing JDBC Connection [HikariProxyConnection@562195832 wrapping conn10: url=jdbc:h2:mem:391fc002-9565-4714-95f1-8fe7b33d6bd6 user=SA] after transaction
2025-09-04T02:11:18.626-03:00 DEBUG 12780 --- [           main] o.s.jdbc.support.JdbcTransactionManager  : Creating new transaction with name [null]: PROPAGATION_REQUIRED,ISOLATION_DEFAULT
2025-09-04T02:11:18.626-03:00 DEBUG 12780 --- [           main] o.s.jdbc.support.JdbcTransactionManager  : Acquired Connection [HikariProxyConnection@2147344085 wrapping conn10: url=jdbc:h2:mem:391fc002-9565-4714-95f1-8fe7b33d6bd6 user=SA] for JDBC transaction
2025-09-04T02:11:18.626-03:00 DEBUG 12780 --- [           main] o.s.jdbc.support.JdbcTransactionManager  : Switching JDBC Connection [HikariProxyConnection@2147344085 wrapping conn10: url=jdbc:h2:mem:391fc002-9565-4714-95f1-8fe7b33d6bd6 user=SA] to manual commit
2025-09-04T02:11:18.627-03:00 DEBUG 12780 --- [           main] o.s.jdbc.support.JdbcTransactionManager  : Initiating transaction commit
2025-09-04T02:11:18.627-03:00 DEBUG 12780 --- [           main] o.s.jdbc.support.JdbcTransactionManager  : Committing JDBC transaction on Connection [HikariProxyConnection@2147344085 wrapping conn10: url=jdbc:h2:mem:391fc002-9565-4714-95f1-8fe7b33d6bd6 user=SA]
2025-09-04T02:11:18.627-03:00 DEBUG 12780 --- [           main] o.s.jdbc.support.JdbcTransactionManager  : Releasing JDBC Connection [HikariProxyConnection@2147344085 wrapping conn10: url=jdbc:h2:mem:391fc002-9565-4714-95f1-8fe7b33d6bd6 user=SA] after transaction
2025-09-04T02:11:18.627-03:00 DEBUG 12780 --- [           main] o.s.jdbc.support.JdbcTransactionManager  : Creating new transaction with name [null]: PROPAGATION_REQUIRED,ISOLATION_DEFAULT
2025-09-04T02:11:18.627-03:00 DEBUG 12780 --- [           main] o.s.jdbc.support.JdbcTransactionManager  : Acquired Connection [HikariProxyConnection@789706558 wrapping conn10: url=jdbc:h2:mem:391fc002-9565-4714-95f1-8fe7b33d6bd6 user=SA] for JDBC transaction
2025-09-04T02:11:18.627-03:00 DEBUG 12780 --- [           main] o.s.jdbc.support.JdbcTransactionManager  : Switching JDBC Connection [HikariProxyConnection@789706558 wrapping conn10: url=jdbc:h2:mem:391fc002-9565-4714-95f1-8fe7b33d6bd6 user=SA] to manual commit
2025-09-04T02:11:18.629-03:00 DEBUG 12780 --- [           main] o.s.jdbc.support.JdbcTransactionManager  : Initiating transaction commit
2025-09-04T02:11:18.629-03:00 DEBUG 12780 --- [           main] o.s.jdbc.support.JdbcTransactionManager  : Committing JDBC transaction on Connection [HikariProxyConnection@789706558 wrapping conn10: url=jdbc:h2:mem:391fc002-9565-4714-95f1-8fe7b33d6bd6 user=SA]
2025-09-04T02:11:18.630-03:00 DEBUG 12780 --- [           main] o.s.jdbc.support.JdbcTransactionManager  : Releasing JDBC Connection [HikariProxyConnection@789706558 wrapping conn10: url=jdbc:h2:mem:391fc002-9565-4714-95f1-8fe7b33d6bd6 user=SA] after transaction
2025-09-04T02:11:18.630-03:00 DEBUG 12780 --- [           main] o.s.jdbc.support.JdbcTransactionManager  : Creating new transaction with name [null]: PROPAGATION_REQUIRED,ISOLATION_DEFAULT
2025-09-04T02:11:18.630-03:00 DEBUG 12780 --- [           main] o.s.jdbc.support.JdbcTransactionManager  : Acquired Connection [HikariProxyConnection@1741030121 wrapping conn10: url=jdbc:h2:mem:391fc002-9565-4714-95f1-8fe7b33d6bd6 user=SA] for JDBC transaction
2025-09-04T02:11:18.630-03:00 DEBUG 12780 --- [           main] o.s.jdbc.support.JdbcTransactionManager  : Switching JDBC Connection [HikariProxyConnection@1741030121 wrapping conn10: url=jdbc:h2:mem:391fc002-9565-4714-95f1-8fe7b33d6bd6 user=SA] to manual commit
2025-09-04T02:11:18.631-03:00 DEBUG 12780 --- [           main] o.s.jdbc.support.JdbcTransactionManager  : Initiating transaction commit
2025-09-04T02:11:18.631-03:00 DEBUG 12780 --- [           main] o.s.jdbc.support.JdbcTransactionManager  : Committing JDBC transaction on Connection [HikariProxyConnection@1741030121 wrapping conn10: url=jdbc:h2:mem:391fc002-9565-4714-95f1-8fe7b33d6bd6 user=SA]
2025-09-04T02:11:18.631-03:00 DEBUG 12780 --- [           main] o.s.jdbc.support.JdbcTransactionManager  : Releasing JDBC Connection [HikariProxyConnection@1741030121 wrapping conn10: url=jdbc:h2:mem:391fc002-9565-4714-95f1-8fe7b33d6bd6 user=SA] after transaction
2025-09-04T02:11:18.631-03:00 DEBUG 12780 --- [           main] o.s.jdbc.support.JdbcTransactionManager  : Creating new transaction with name [null]: PROPAGATION_REQUIRED,ISOLATION_DEFAULT
2025-09-04T02:11:18.632-03:00 DEBUG 12780 --- [           main] o.s.jdbc.support.JdbcTransactionManager  : Acquired Connection [HikariProxyConnection@256789682 wrapping conn10: url=jdbc:h2:mem:391fc002-9565-4714-95f1-8fe7b33d6bd6 user=SA] for JDBC transaction
2025-09-04T02:11:18.632-03:00 DEBUG 12780 --- [           main] o.s.jdbc.support.JdbcTransactionManager  : Switching JDBC Connection [HikariProxyConnection@256789682 wrapping conn10: url=jdbc:h2:mem:391fc002-9565-4714-95f1-8fe7b33d6bd6 user=SA] to manual commit
2025-09-04T02:11:18.633-03:00 DEBUG 12780 --- [           main] o.s.jdbc.support.JdbcTransactionManager  : Initiating transaction commit
2025-09-04T02:11:18.633-03:00 DEBUG 12780 --- [           main] o.s.jdbc.support.JdbcTransactionManager  : Committing JDBC transaction on Connection [HikariProxyConnection@256789682 wrapping conn10: url=jdbc:h2:mem:391fc002-9565-4714-95f1-8fe7b33d6bd6 user=SA]
2025-09-04T02:11:18.633-03:00 DEBUG 12780 --- [           main] o.s.jdbc.support.JdbcTransactionManager  : Releasing JDBC Connection [HikariProxyConnection@256789682 wrapping conn10: url=jdbc:h2:mem:391fc002-9565-4714-95f1-8fe7b33d6bd6 user=SA] after transaction
2025-09-04T02:11:18.633-03:00 DEBUG 12780 --- [           main] o.s.jdbc.support.JdbcTransactionManager  : Creating new transaction with name [null]: PROPAGATION_REQUIRED,ISOLATION_DEFAULT
2025-09-04T02:11:18.633-03:00 DEBUG 12780 --- [           main] o.s.jdbc.support.JdbcTransactionManager  : Acquired Connection [HikariProxyConnection@1301146833 wrapping conn10: url=jdbc:h2:mem:391fc002-9565-4714-95f1-8fe7b33d6bd6 user=SA] for JDBC transaction
2025-09-04T02:11:18.633-03:00 DEBUG 12780 --- [           main] o.s.jdbc.support.JdbcTransactionManager  : Switching JDBC Connection [HikariProxyConnection@1301146833 wrapping conn10: url=jdbc:h2:mem:391fc002-9565-4714-95f1-8fe7b33d6bd6 user=SA] to manual commit
2025-09-04T02:11:18.634-03:00 DEBUG 12780 --- [           main] o.s.jdbc.support.JdbcTransactionManager  : Initiating transaction commit
2025-09-04T02:11:18.634-03:00 DEBUG 12780 --- [           main] o.s.jdbc.support.JdbcTransactionManager  : Committing JDBC transaction on Connection [HikariProxyConnection@1301146833 wrapping conn10: url=jdbc:h2:mem:391fc002-9565-4714-95f1-8fe7b33d6bd6 user=SA]
2025-09-04T02:11:18.635-03:00 DEBUG 12780 --- [           main] o.s.jdbc.support.JdbcTransactionManager  : Releasing JDBC Connection [HikariProxyConnection@1301146833 wrapping conn10: url=jdbc:h2:mem:391fc002-9565-4714-95f1-8fe7b33d6bd6 user=SA] after transaction
2025-09-04T02:11:18.635-03:00 DEBUG 12780 --- [           main] o.s.jdbc.support.JdbcTransactionManager  : Creating new transaction with name [null]: PROPAGATION_REQUIRED,ISOLATION_DEFAULT
2025-09-04T02:11:18.635-03:00 DEBUG 12780 --- [           main] o.s.jdbc.support.JdbcTransactionManager  : Acquired Connection [HikariProxyConnection@674665391 wrapping conn10: url=jdbc:h2:mem:391fc002-9565-4714-95f1-8fe7b33d6bd6 user=SA] for JDBC transaction
2025-09-04T02:11:18.635-03:00 DEBUG 12780 --- [           main] o.s.jdbc.support.JdbcTransactionManager  : Switching JDBC Connection [HikariProxyConnection@674665391 wrapping conn10: url=jdbc:h2:mem:391fc002-9565-4714-95f1-8fe7b33d6bd6 user=SA] to manual commit
2025-09-04T02:11:18.637-03:00 DEBUG 12780 --- [           main] o.s.jdbc.support.JdbcTransactionManager  : Initiating transaction commit
2025-09-04T02:11:18.637-03:00 DEBUG 12780 --- [           main] o.s.jdbc.support.JdbcTransactionManager  : Committing JDBC transaction on Connection [HikariProxyConnection@674665391 wrapping conn10: url=jdbc:h2:mem:391fc002-9565-4714-95f1-8fe7b33d6bd6 user=SA]
2025-09-04T02:11:18.637-03:00 DEBUG 12780 --- [           main] o.s.jdbc.support.JdbcTransactionManager  : Releasing JDBC Connection [HikariProxyConnection@674665391 wrapping conn10: url=jdbc:h2:mem:391fc002-9565-4714-95f1-8fe7b33d6bd6 user=SA] after transaction
2025-09-04T02:11:18.637-03:00 DEBUG 12780 --- [           main] o.s.jdbc.support.JdbcTransactionManager  : Creating new transaction with name [null]: PROPAGATION_REQUIRED,ISOLATION_DEFAULT
2025-09-04T02:11:18.637-03:00 DEBUG 12780 --- [           main] o.s.jdbc.support.JdbcTransactionManager  : Acquired Connection [HikariProxyConnection@1259623032 wrapping conn10: url=jdbc:h2:mem:391fc002-9565-4714-95f1-8fe7b33d6bd6 user=SA] for JDBC transaction
2025-09-04T02:11:18.637-03:00 DEBUG 12780 --- [           main] o.s.jdbc.support.JdbcTransactionManager  : Switching JDBC Connection [HikariProxyConnection@1259623032 wrapping conn10: url=jdbc:h2:mem:391fc002-9565-4714-95f1-8fe7b33d6bd6 user=SA] to manual commit
2025-09-04T02:11:18.638-03:00 DEBUG 12780 --- [           main] o.s.jdbc.support.JdbcTransactionManager  : Initiating transaction commit
2025-09-04T02:11:18.639-03:00 DEBUG 12780 --- [           main] o.s.jdbc.support.JdbcTransactionManager  : Committing JDBC transaction on Connection [HikariProxyConnection@1259623032 wrapping conn10: url=jdbc:h2:mem:391fc002-9565-4714-95f1-8fe7b33d6bd6 user=SA]
2025-09-04T02:11:18.639-03:00 DEBUG 12780 --- [           main] o.s.jdbc.support.JdbcTransactionManager  : Releasing JDBC Connection [HikariProxyConnection@1259623032 wrapping conn10: url=jdbc:h2:mem:391fc002-9565-4714-95f1-8fe7b33d6bd6 user=SA] after transaction
2025-09-04T02:11:18.639-03:00 DEBUG 12780 --- [           main] o.s.jdbc.support.JdbcTransactionManager  : Creating new transaction with name [null]: PROPAGATION_REQUIRED,ISOLATION_DEFAULT
2025-09-04T02:11:18.639-03:00 DEBUG 12780 --- [           main] o.s.jdbc.support.JdbcTransactionManager  : Acquired Connection [HikariProxyConnection@31886735 wrapping conn10: url=jdbc:h2:mem:391fc002-9565-4714-95f1-8fe7b33d6bd6 user=SA] for JDBC transaction
2025-09-04T02:11:18.639-03:00 DEBUG 12780 --- [           main] o.s.jdbc.support.JdbcTransactionManager  : Switching JDBC Connection [HikariProxyConnection@31886735 wrapping conn10: url=jdbc:h2:mem:391fc002-9565-4714-95f1-8fe7b33d6bd6 user=SA] to manual commit
2025-09-04T02:11:18.641-03:00 DEBUG 12780 --- [           main] o.s.jdbc.support.JdbcTransactionManager  : Initiating transaction commit
2025-09-04T02:11:18.642-03:00 DEBUG 12780 --- [           main] o.s.jdbc.support.JdbcTransactionManager  : Committing JDBC transaction on Connection [HikariProxyConnection@31886735 wrapping conn10: url=jdbc:h2:mem:391fc002-9565-4714-95f1-8fe7b33d6bd6 user=SA]
2025-09-04T02:11:18.642-03:00 DEBUG 12780 --- [           main] o.s.jdbc.support.JdbcTransactionManager  : Releasing JDBC Connection [HikariProxyConnection@31886735 wrapping conn10: url=jdbc:h2:mem:391fc002-9565-4714-95f1-8fe7b33d6bd6 user=SA] after transaction
2025-09-04T02:11:18.642-03:00 DEBUG 12780 --- [           main] o.s.jdbc.support.JdbcTransactionManager  : Creating new transaction with name [null]: PROPAGATION_REQUIRED,ISOLATION_DEFAULT
2025-09-04T02:11:18.642-03:00 DEBUG 12780 --- [           main] o.s.jdbc.support.JdbcTransactionManager  : Acquired Connection [HikariProxyConnection@1876243096 wrapping conn10: url=jdbc:h2:mem:391fc002-9565-4714-95f1-8fe7b33d6bd6 user=SA] for JDBC transaction
2025-09-04T02:11:18.642-03:00 DEBUG 12780 --- [           main] o.s.jdbc.support.JdbcTransactionManager  : Switching JDBC Connection [HikariProxyConnection@1876243096 wrapping conn10: url=jdbc:h2:mem:391fc002-9565-4714-95f1-8fe7b33d6bd6 user=SA] to manual commit
2025-09-04T02:11:18.644-03:00 DEBUG 12780 --- [           main] o.s.jdbc.support.JdbcTransactionManager  : Initiating transaction commit
2025-09-04T02:11:18.644-03:00 DEBUG 12780 --- [           main] o.s.jdbc.support.JdbcTransactionManager  : Committing JDBC transaction on Connection [HikariProxyConnection@1876243096 wrapping conn10: url=jdbc:h2:mem:391fc002-9565-4714-95f1-8fe7b33d6bd6 user=SA]
2025-09-04T02:11:18.644-03:00 DEBUG 12780 --- [           main] o.s.jdbc.support.JdbcTransactionManager  : Releasing JDBC Connection [HikariProxyConnection@1876243096 wrapping conn10: url=jdbc:h2:mem:391fc002-9565-4714-95f1-8fe7b33d6bd6 user=SA] after transaction
2025-09-04T02:11:18.644-03:00 DEBUG 12780 --- [           main] o.s.jdbc.support.JdbcTransactionManager  : Creating new transaction with name [null]: PROPAGATION_REQUIRED,ISOLATION_DEFAULT
2025-09-04T02:11:18.644-03:00 DEBUG 12780 --- [           main] o.s.jdbc.support.JdbcTransactionManager  : Acquired Connection [HikariProxyConnection@1230715683 wrapping conn10: url=jdbc:h2:mem:391fc002-9565-4714-95f1-8fe7b33d6bd6 user=SA] for JDBC transaction
2025-09-04T02:11:18.644-03:00 DEBUG 12780 --- [           main] o.s.jdbc.support.JdbcTransactionManager  : Switching JDBC Connection [HikariProxyConnection@1230715683 wrapping conn10: url=jdbc:h2:mem:391fc002-9565-4714-95f1-8fe7b33d6bd6 user=SA] to manual commit
2025-09-04T02:11:18.646-03:00 DEBUG 12780 --- [           main] o.s.jdbc.support.JdbcTransactionManager  : Initiating transaction commit
2025-09-04T02:11:18.646-03:00 DEBUG 12780 --- [           main] o.s.jdbc.support.JdbcTransactionManager  : Committing JDBC transaction on Connection [HikariProxyConnection@1230715683 wrapping conn10: url=jdbc:h2:mem:391fc002-9565-4714-95f1-8fe7b33d6bd6 user=SA]
2025-09-04T02:11:18.646-03:00 DEBUG 12780 --- [           main] o.s.jdbc.support.JdbcTransactionManager  : Releasing JDBC Connection [HikariProxyConnection@1230715683 wrapping conn10: url=jdbc:h2:mem:391fc002-9565-4714-95f1-8fe7b33d6bd6 user=SA] after transaction
2025-09-04T02:11:18.646-03:00 DEBUG 12780 --- [           main] o.s.jdbc.support.JdbcTransactionManager  : Creating new transaction with name [null]: PROPAGATION_REQUIRED,ISOLATION_DEFAULT
2025-09-04T02:11:18.646-03:00 DEBUG 12780 --- [           main] o.s.jdbc.support.JdbcTransactionManager  : Acquired Connection [HikariProxyConnection@1350933016 wrapping conn10: url=jdbc:h2:mem:391fc002-9565-4714-95f1-8fe7b33d6bd6 user=SA] for JDBC transaction
2025-09-04T02:11:18.646-03:00 DEBUG 12780 --- [           main] o.s.jdbc.support.JdbcTransactionManager  : Switching JDBC Connection [HikariProxyConnection@1350933016 wrapping conn10: url=jdbc:h2:mem:391fc002-9565-4714-95f1-8fe7b33d6bd6 user=SA] to manual commit
2025-09-04T02:11:18.647-03:00 DEBUG 12780 --- [           main] o.s.jdbc.support.JdbcTransactionManager  : Initiating transaction commit
2025-09-04T02:11:18.647-03:00 DEBUG 12780 --- [           main] o.s.jdbc.support.JdbcTransactionManager  : Committing JDBC transaction on Connection [HikariProxyConnection@1350933016 wrapping conn10: url=jdbc:h2:mem:391fc002-9565-4714-95f1-8fe7b33d6bd6 user=SA]
2025-09-04T02:11:18.647-03:00 DEBUG 12780 --- [           main] o.s.jdbc.support.JdbcTransactionManager  : Releasing JDBC Connection [HikariProxyConnection@1350933016 wrapping conn10: url=jdbc:h2:mem:391fc002-9565-4714-95f1-8fe7b33d6bd6 user=SA] after transaction
2025-09-04T02:11:18.647-03:00 DEBUG 12780 --- [           main] o.s.jdbc.support.JdbcTransactionManager  : Creating new transaction with name [null]: PROPAGATION_REQUIRED,ISOLATION_DEFAULT
2025-09-04T02:11:18.647-03:00 DEBUG 12780 --- [           main] o.s.jdbc.support.JdbcTransactionManager  : Acquired Connection [HikariProxyConnection@510912994 wrapping conn10: url=jdbc:h2:mem:391fc002-9565-4714-95f1-8fe7b33d6bd6 user=SA] for JDBC transaction
2025-09-04T02:11:18.647-03:00 DEBUG 12780 --- [           main] o.s.jdbc.support.JdbcTransactionManager  : Switching JDBC Connection [HikariProxyConnection@510912994 wrapping conn10: url=jdbc:h2:mem:391fc002-9565-4714-95f1-8fe7b33d6bd6 user=SA] to manual commit
2025-09-04T02:11:18.648-03:00 DEBUG 12780 --- [           main] o.s.jdbc.support.JdbcTransactionManager  : Initiating transaction commit
2025-09-04T02:11:18.648-03:00 DEBUG 12780 --- [           main] o.s.jdbc.support.JdbcTransactionManager  : Committing JDBC transaction on Connection [HikariProxyConnection@510912994 wrapping conn10: url=jdbc:h2:mem:391fc002-9565-4714-95f1-8fe7b33d6bd6 user=SA]
2025-09-04T02:11:18.649-03:00 DEBUG 12780 --- [           main] o.s.jdbc.support.JdbcTransactionManager  : Releasing JDBC Connection [HikariProxyConnection@510912994 wrapping conn10: url=jdbc:h2:mem:391fc002-9565-4714-95f1-8fe7b33d6bd6 user=SA] after transaction
2025-09-04T02:11:18.649-03:00 DEBUG 12780 --- [           main] o.s.jdbc.support.JdbcTransactionManager  : Creating new transaction with name [null]: PROPAGATION_REQUIRED,ISOLATION_DEFAULT
2025-09-04T02:11:18.649-03:00 DEBUG 12780 --- [           main] o.s.jdbc.support.JdbcTransactionManager  : Acquired Connection [HikariProxyConnection@1694663250 wrapping conn10: url=jdbc:h2:mem:391fc002-9565-4714-95f1-8fe7b33d6bd6 user=SA] for JDBC transaction
2025-09-04T02:11:18.649-03:00 DEBUG 12780 --- [           main] o.s.jdbc.support.JdbcTransactionManager  : Switching JDBC Connection [HikariProxyConnection@1694663250 wrapping conn10: url=jdbc:h2:mem:391fc002-9565-4714-95f1-8fe7b33d6bd6 user=SA] to manual commit
2025-09-04T02:11:18.649-03:00 DEBUG 12780 --- [           main] o.s.jdbc.support.JdbcTransactionManager  : Initiating transaction commit
2025-09-04T02:11:18.649-03:00 DEBUG 12780 --- [           main] o.s.jdbc.support.JdbcTransactionManager  : Committing JDBC transaction on Connection [HikariProxyConnection@1694663250 wrapping conn10: url=jdbc:h2:mem:391fc002-9565-4714-95f1-8fe7b33d6bd6 user=SA]
2025-09-04T02:11:18.650-03:00 DEBUG 12780 --- [           main] o.s.jdbc.support.JdbcTransactionManager  : Releasing JDBC Connection [HikariProxyConnection@1694663250 wrapping conn10: url=jdbc:h2:mem:391fc002-9565-4714-95f1-8fe7b33d6bd6 user=SA] after transaction
2025-09-04T02:11:18.650-03:00 DEBUG 12780 --- [           main] o.s.jdbc.support.JdbcTransactionManager  : Creating new transaction with name [null]: PROPAGATION_REQUIRED,ISOLATION_DEFAULT
2025-09-04T02:11:18.650-03:00 DEBUG 12780 --- [           main] o.s.jdbc.support.JdbcTransactionManager  : Acquired Connection [HikariProxyConnection@1611880027 wrapping conn10: url=jdbc:h2:mem:391fc002-9565-4714-95f1-8fe7b33d6bd6 user=SA] for JDBC transaction
2025-09-04T02:11:18.650-03:00 DEBUG 12780 --- [           main] o.s.jdbc.support.JdbcTransactionManager  : Switching JDBC Connection [HikariProxyConnection@1611880027 wrapping conn10: url=jdbc:h2:mem:391fc002-9565-4714-95f1-8fe7b33d6bd6 user=SA] to manual commit
2025-09-04T02:11:18.651-03:00 DEBUG 12780 --- [           main] o.s.jdbc.support.JdbcTransactionManager  : Initiating transaction commit
2025-09-04T02:11:18.651-03:00 DEBUG 12780 --- [           main] o.s.jdbc.support.JdbcTransactionManager  : Committing JDBC transaction on Connection [HikariProxyConnection@1611880027 wrapping conn10: url=jdbc:h2:mem:391fc002-9565-4714-95f1-8fe7b33d6bd6 user=SA]
2025-09-04T02:11:18.651-03:00 DEBUG 12780 --- [           main] o.s.jdbc.support.JdbcTransactionManager  : Releasing JDBC Connection [HikariProxyConnection@1611880027 wrapping conn10: url=jdbc:h2:mem:391fc002-9565-4714-95f1-8fe7b33d6bd6 user=SA] after transaction
2025-09-04T02:11:18.651-03:00 DEBUG 12780 --- [           main] o.s.jdbc.support.JdbcTransactionManager  : Creating new transaction with name [null]: PROPAGATION_REQUIRED,ISOLATION_DEFAULT
2025-09-04T02:11:18.652-03:00 DEBUG 12780 --- [           main] o.s.jdbc.support.JdbcTransactionManager  : Acquired Connection [HikariProxyConnection@1424859323 wrapping conn10: url=jdbc:h2:mem:391fc002-9565-4714-95f1-8fe7b33d6bd6 user=SA] for JDBC transaction
2025-09-04T02:11:18.652-03:00 DEBUG 12780 --- [           main] o.s.jdbc.support.JdbcTransactionManager  : Switching JDBC Connection [HikariProxyConnection@1424859323 wrapping conn10: url=jdbc:h2:mem:391fc002-9565-4714-95f1-8fe7b33d6bd6 user=SA] to manual commit
2025-09-04T02:11:18.652-03:00 DEBUG 12780 --- [           main] o.s.jdbc.support.JdbcTransactionManager  : Initiating transaction commit
2025-09-04T02:11:18.652-03:00 DEBUG 12780 --- [           main] o.s.jdbc.support.JdbcTransactionManager  : Committing JDBC transaction on Connection [HikariProxyConnection@1424859323 wrapping conn10: url=jdbc:h2:mem:391fc002-9565-4714-95f1-8fe7b33d6bd6 user=SA]
2025-09-04T02:11:18.652-03:00 DEBUG 12780 --- [           main] o.s.jdbc.support.JdbcTransactionManager  : Releasing JDBC Connection [HikariProxyConnection@1424859323 wrapping conn10: url=jdbc:h2:mem:391fc002-9565-4714-95f1-8fe7b33d6bd6 user=SA] after transaction
2025-09-04T02:11:18.652-03:00 DEBUG 12780 --- [           main] o.s.jdbc.support.JdbcTransactionManager  : Creating new transaction with name [null]: PROPAGATION_REQUIRED,ISOLATION_DEFAULT
2025-09-04T02:11:18.652-03:00 DEBUG 12780 --- [           main] o.s.jdbc.support.JdbcTransactionManager  : Acquired Connection [HikariProxyConnection@1006006164 wrapping conn10: url=jdbc:h2:mem:391fc002-9565-4714-95f1-8fe7b33d6bd6 user=SA] for JDBC transaction
2025-09-04T02:11:18.652-03:00 DEBUG 12780 --- [           main] o.s.jdbc.support.JdbcTransactionManager  : Switching JDBC Connection [HikariProxyConnection@1006006164 wrapping conn10: url=jdbc:h2:mem:391fc002-9565-4714-95f1-8fe7b33d6bd6 user=SA] to manual commit
2025-09-04T02:11:18.654-03:00 DEBUG 12780 --- [           main] o.s.jdbc.support.JdbcTransactionManager  : Initiating transaction commit
2025-09-04T02:11:18.654-03:00 DEBUG 12780 --- [           main] o.s.jdbc.support.JdbcTransactionManager  : Committing JDBC transaction on Connection [HikariProxyConnection@1006006164 wrapping conn10: url=jdbc:h2:mem:391fc002-9565-4714-95f1-8fe7b33d6bd6 user=SA]
2025-09-04T02:11:18.654-03:00 DEBUG 12780 --- [           main] o.s.jdbc.support.JdbcTransactionManager  : Releasing JDBC Connection [HikariProxyConnection@1006006164 wrapping conn10: url=jdbc:h2:mem:391fc002-9565-4714-95f1-8fe7b33d6bd6 user=SA] after transaction
2025-09-04T02:11:18.654-03:00 DEBUG 12780 --- [           main] o.s.jdbc.support.JdbcTransactionManager  : Creating new transaction with name [null]: PROPAGATION_REQUIRED,ISOLATION_DEFAULT
2025-09-04T02:11:18.654-03:00 DEBUG 12780 --- [           main] o.s.jdbc.support.JdbcTransactionManager  : Acquired Connection [HikariProxyConnection@1113145188 wrapping conn10: url=jdbc:h2:mem:391fc002-9565-4714-95f1-8fe7b33d6bd6 user=SA] for JDBC transaction
2025-09-04T02:11:18.654-03:00 DEBUG 12780 --- [           main] o.s.jdbc.support.JdbcTransactionManager  : Switching JDBC Connection [HikariProxyConnection@1113145188 wrapping conn10: url=jdbc:h2:mem:391fc002-9565-4714-95f1-8fe7b33d6bd6 user=SA] to manual commit
2025-09-04T02:11:18.655-03:00 DEBUG 12780 --- [           main] o.s.jdbc.support.JdbcTransactionManager  : Initiating transaction commit
2025-09-04T02:11:18.655-03:00 DEBUG 12780 --- [           main] o.s.jdbc.support.JdbcTransactionManager  : Committing JDBC transaction on Connection [HikariProxyConnection@1113145188 wrapping conn10: url=jdbc:h2:mem:391fc002-9565-4714-95f1-8fe7b33d6bd6 user=SA]
2025-09-04T02:11:18.655-03:00 DEBUG 12780 --- [           main] o.s.jdbc.support.JdbcTransactionManager  : Releasing JDBC Connection [HikariProxyConnection@1113145188 wrapping conn10: url=jdbc:h2:mem:391fc002-9565-4714-95f1-8fe7b33d6bd6 user=SA] after transaction
2025-09-04T02:11:18.655-03:00 DEBUG 12780 --- [           main] o.s.jdbc.support.JdbcTransactionManager  : Creating new transaction with name [null]: PROPAGATION_REQUIRED,ISOLATION_DEFAULT
2025-09-04T02:11:18.655-03:00 DEBUG 12780 --- [           main] o.s.jdbc.support.JdbcTransactionManager  : Acquired Connection [HikariProxyConnection@1637808587 wrapping conn10: url=jdbc:h2:mem:391fc002-9565-4714-95f1-8fe7b33d6bd6 user=SA] for JDBC transaction
2025-09-04T02:11:18.655-03:00 DEBUG 12780 --- [           main] o.s.jdbc.support.JdbcTransactionManager  : Switching JDBC Connection [HikariProxyConnection@1637808587 wrapping conn10: url=jdbc:h2:mem:391fc002-9565-4714-95f1-8fe7b33d6bd6 user=SA] to manual commit
2025-09-04T02:11:18.657-03:00 DEBUG 12780 --- [           main] o.s.jdbc.support.JdbcTransactionManager  : Initiating transaction commit
2025-09-04T02:11:18.657-03:00 DEBUG 12780 --- [           main] o.s.jdbc.support.JdbcTransactionManager  : Committing JDBC transaction on Connection [HikariProxyConnection@1637808587 wrapping conn10: url=jdbc:h2:mem:391fc002-9565-4714-95f1-8fe7b33d6bd6 user=SA]
2025-09-04T02:11:18.657-03:00 DEBUG 12780 --- [           main] o.s.jdbc.support.JdbcTransactionManager  : Releasing JDBC Connection [HikariProxyConnection@1637808587 wrapping conn10: url=jdbc:h2:mem:391fc002-9565-4714-95f1-8fe7b33d6bd6 user=SA] after transaction
2025-09-04T02:11:18.657-03:00 DEBUG 12780 --- [           main] o.s.jdbc.support.JdbcTransactionManager  : Creating new transaction with name [null]: PROPAGATION_REQUIRED,ISOLATION_DEFAULT
2025-09-04T02:11:18.657-03:00 DEBUG 12780 --- [           main] o.s.jdbc.support.JdbcTransactionManager  : Acquired Connection [HikariProxyConnection@1418157488 wrapping conn10: url=jdbc:h2:mem:391fc002-9565-4714-95f1-8fe7b33d6bd6 user=SA] for JDBC transaction
2025-09-04T02:11:18.657-03:00 DEBUG 12780 --- [           main] o.s.jdbc.support.JdbcTransactionManager  : Switching JDBC Connection [HikariProxyConnection@1418157488 wrapping conn10: url=jdbc:h2:mem:391fc002-9565-4714-95f1-8fe7b33d6bd6 user=SA] to manual commit
2025-09-04T02:11:18.658-03:00 DEBUG 12780 --- [           main] o.s.jdbc.support.JdbcTransactionManager  : Initiating transaction commit
2025-09-04T02:11:18.658-03:00 DEBUG 12780 --- [           main] o.s.jdbc.support.JdbcTransactionManager  : Committing JDBC transaction on Connection [HikariProxyConnection@1418157488 wrapping conn10: url=jdbc:h2:mem:391fc002-9565-4714-95f1-8fe7b33d6bd6 user=SA]
2025-09-04T02:11:18.658-03:00 DEBUG 12780 --- [           main] o.s.jdbc.support.JdbcTransactionManager  : Releasing JDBC Connection [HikariProxyConnection@1418157488 wrapping conn10: url=jdbc:h2:mem:391fc002-9565-4714-95f1-8fe7b33d6bd6 user=SA] after transaction
2025-09-04T02:11:18.658-03:00 DEBUG 12780 --- [           main] o.s.jdbc.support.JdbcTransactionManager  : Creating new transaction with name [null]: PROPAGATION_REQUIRED,ISOLATION_DEFAULT
2025-09-04T02:11:18.658-03:00 DEBUG 12780 --- [           main] o.s.jdbc.support.JdbcTransactionManager  : Acquired Connection [HikariProxyConnection@1314653507 wrapping conn10: url=jdbc:h2:mem:391fc002-9565-4714-95f1-8fe7b33d6bd6 user=SA] for JDBC transaction
2025-09-04T02:11:18.658-03:00 DEBUG 12780 --- [           main] o.s.jdbc.support.JdbcTransactionManager  : Switching JDBC Connection [HikariProxyConnection@1314653507 wrapping conn10: url=jdbc:h2:mem:391fc002-9565-4714-95f1-8fe7b33d6bd6 user=SA] to manual commit
2025-09-04T02:11:18.659-03:00 DEBUG 12780 --- [           main] o.s.jdbc.support.JdbcTransactionManager  : Initiating transaction commit
2025-09-04T02:11:18.660-03:00 DEBUG 12780 --- [           main] o.s.jdbc.support.JdbcTransactionManager  : Committing JDBC transaction on Connection [HikariProxyConnection@1314653507 wrapping conn10: url=jdbc:h2:mem:391fc002-9565-4714-95f1-8fe7b33d6bd6 user=SA]
2025-09-04T02:11:18.660-03:00 DEBUG 12780 --- [           main] o.s.jdbc.support.JdbcTransactionManager  : Releasing JDBC Connection [HikariProxyConnection@1314653507 wrapping conn10: url=jdbc:h2:mem:391fc002-9565-4714-95f1-8fe7b33d6bd6 user=SA] after transaction
2025-09-04T02:11:18.660-03:00 DEBUG 12780 --- [           main] o.s.jdbc.support.JdbcTransactionManager  : Creating new transaction with name [null]: PROPAGATION_REQUIRED,ISOLATION_DEFAULT
2025-09-04T02:11:18.660-03:00 DEBUG 12780 --- [           main] o.s.jdbc.support.JdbcTransactionManager  : Acquired Connection [HikariProxyConnection@134699920 wrapping conn10: url=jdbc:h2:mem:391fc002-9565-4714-95f1-8fe7b33d6bd6 user=SA] for JDBC transaction
2025-09-04T02:11:18.660-03:00 DEBUG 12780 --- [           main] o.s.jdbc.support.JdbcTransactionManager  : Switching JDBC Connection [HikariProxyConnection@134699920 wrapping conn10: url=jdbc:h2:mem:391fc002-9565-4714-95f1-8fe7b33d6bd6 user=SA] to manual commit
2025-09-04T02:11:18.661-03:00 DEBUG 12780 --- [           main] o.s.jdbc.support.JdbcTransactionManager  : Initiating transaction commit
2025-09-04T02:11:18.661-03:00 DEBUG 12780 --- [           main] o.s.jdbc.support.JdbcTransactionManager  : Committing JDBC transaction on Connection [HikariProxyConnection@134699920 wrapping conn10: url=jdbc:h2:mem:391fc002-9565-4714-95f1-8fe7b33d6bd6 user=SA]
2025-09-04T02:11:18.662-03:00 DEBUG 12780 --- [           main] o.s.jdbc.support.JdbcTransactionManager  : Releasing JDBC Connection [HikariProxyConnection@134699920 wrapping conn10: url=jdbc:h2:mem:391fc002-9565-4714-95f1-8fe7b33d6bd6 user=SA] after transaction
2025-09-04T02:11:18.662-03:00 DEBUG 12780 --- [           main] o.s.jdbc.support.JdbcTransactionManager  : Creating new transaction with name [null]: PROPAGATION_REQUIRED,ISOLATION_DEFAULT
2025-09-04T02:11:18.662-03:00 DEBUG 12780 --- [           main] o.s.jdbc.support.JdbcTransactionManager  : Acquired Connection [HikariProxyConnection@1346921141 wrapping conn10: url=jdbc:h2:mem:391fc002-9565-4714-95f1-8fe7b33d6bd6 user=SA] for JDBC transaction
2025-09-04T02:11:18.662-03:00 DEBUG 12780 --- [           main] o.s.jdbc.support.JdbcTransactionManager  : Switching JDBC Connection [HikariProxyConnection@1346921141 wrapping conn10: url=jdbc:h2:mem:391fc002-9565-4714-95f1-8fe7b33d6bd6 user=SA] to manual commit
2025-09-04T02:11:18.662-03:00 DEBUG 12780 --- [           main] o.s.jdbc.support.JdbcTransactionManager  : Initiating transaction commit
2025-09-04T02:11:18.663-03:00 DEBUG 12780 --- [           main] o.s.jdbc.support.JdbcTransactionManager  : Committing JDBC transaction on Connection [HikariProxyConnection@1346921141 wrapping conn10: url=jdbc:h2:mem:391fc002-9565-4714-95f1-8fe7b33d6bd6 user=SA]
2025-09-04T02:11:18.663-03:00 DEBUG 12780 --- [           main] o.s.jdbc.support.JdbcTransactionManager  : Releasing JDBC Connection [HikariProxyConnection@1346921141 wrapping conn10: url=jdbc:h2:mem:391fc002-9565-4714-95f1-8fe7b33d6bd6 user=SA] after transaction
2025-09-04T02:11:18.663-03:00 DEBUG 12780 --- [           main] o.s.jdbc.support.JdbcTransactionManager  : Creating new transaction with name [null]: PROPAGATION_REQUIRED,ISOLATION_DEFAULT
2025-09-04T02:11:18.663-03:00 DEBUG 12780 --- [           main] o.s.jdbc.support.JdbcTransactionManager  : Acquired Connection [HikariProxyConnection@958468360 wrapping conn10: url=jdbc:h2:mem:391fc002-9565-4714-95f1-8fe7b33d6bd6 user=SA] for JDBC transaction
2025-09-04T02:11:18.663-03:00 DEBUG 12780 --- [           main] o.s.jdbc.support.JdbcTransactionManager  : Switching JDBC Connection [HikariProxyConnection@958468360 wrapping conn10: url=jdbc:h2:mem:391fc002-9565-4714-95f1-8fe7b33d6bd6 user=SA] to manual commit
2025-09-04T02:11:18.663-03:00 DEBUG 12780 --- [           main] o.s.jdbc.support.JdbcTransactionManager  : Initiating transaction commit
2025-09-04T02:11:18.663-03:00 DEBUG 12780 --- [           main] o.s.jdbc.support.JdbcTransactionManager  : Committing JDBC transaction on Connection [HikariProxyConnection@958468360 wrapping conn10: url=jdbc:h2:mem:391fc002-9565-4714-95f1-8fe7b33d6bd6 user=SA]
2025-09-04T02:11:18.663-03:00 DEBUG 12780 --- [           main] o.s.jdbc.support.JdbcTransactionManager  : Releasing JDBC Connection [HikariProxyConnection@958468360 wrapping conn10: url=jdbc:h2:mem:391fc002-9565-4714-95f1-8fe7b33d6bd6 user=SA] after transaction
2025-09-04T02:11:18.663-03:00 DEBUG 12780 --- [           main] o.s.jdbc.support.JdbcTransactionManager  : Creating new transaction with name [null]: PROPAGATION_REQUIRED,ISOLATION_DEFAULT
2025-09-04T02:11:18.663-03:00 DEBUG 12780 --- [           main] o.s.jdbc.support.JdbcTransactionManager  : Acquired Connection [HikariProxyConnection@470254417 wrapping conn10: url=jdbc:h2:mem:391fc002-9565-4714-95f1-8fe7b33d6bd6 user=SA] for JDBC transaction
2025-09-04T02:11:18.664-03:00 DEBUG 12780 --- [           main] o.s.jdbc.support.JdbcTransactionManager  : Switching JDBC Connection [HikariProxyConnection@470254417 wrapping conn10: url=jdbc:h2:mem:391fc002-9565-4714-95f1-8fe7b33d6bd6 user=SA] to manual commit
2025-09-04T02:11:18.665-03:00 DEBUG 12780 --- [           main] o.s.jdbc.support.JdbcTransactionManager  : Initiating transaction commit
2025-09-04T02:11:18.665-03:00 DEBUG 12780 --- [           main] o.s.jdbc.support.JdbcTransactionManager  : Committing JDBC transaction on Connection [HikariProxyConnection@470254417 wrapping conn10: url=jdbc:h2:mem:391fc002-9565-4714-95f1-8fe7b33d6bd6 user=SA]
2025-09-04T02:11:18.665-03:00 DEBUG 12780 --- [           main] o.s.jdbc.support.JdbcTransactionManager  : Releasing JDBC Connection [HikariProxyConnection@470254417 wrapping conn10: url=jdbc:h2:mem:391fc002-9565-4714-95f1-8fe7b33d6bd6 user=SA] after transaction
2025-09-04T02:11:18.665-03:00 DEBUG 12780 --- [           main] o.s.jdbc.support.JdbcTransactionManager  : Creating new transaction with name [null]: PROPAGATION_REQUIRED,ISOLATION_DEFAULT
2025-09-04T02:11:18.665-03:00 DEBUG 12780 --- [           main] o.s.jdbc.support.JdbcTransactionManager  : Acquired Connection [HikariProxyConnection@596444250 wrapping conn10: url=jdbc:h2:mem:391fc002-9565-4714-95f1-8fe7b33d6bd6 user=SA] for JDBC transaction
2025-09-04T02:11:18.665-03:00 DEBUG 12780 --- [           main] o.s.jdbc.support.JdbcTransactionManager  : Switching JDBC Connection [HikariProxyConnection@596444250 wrapping conn10: url=jdbc:h2:mem:391fc002-9565-4714-95f1-8fe7b33d6bd6 user=SA] to manual commit
2025-09-04T02:11:18.666-03:00 DEBUG 12780 --- [           main] o.s.jdbc.support.JdbcTransactionManager  : Initiating transaction commit
2025-09-04T02:11:18.666-03:00 DEBUG 12780 --- [           main] o.s.jdbc.support.JdbcTransactionManager  : Committing JDBC transaction on Connection [HikariProxyConnection@596444250 wrapping conn10: url=jdbc:h2:mem:391fc002-9565-4714-95f1-8fe7b33d6bd6 user=SA]
2025-09-04T02:11:18.666-03:00 DEBUG 12780 --- [           main] o.s.jdbc.support.JdbcTransactionManager  : Releasing JDBC Connection [HikariProxyConnection@596444250 wrapping conn10: url=jdbc:h2:mem:391fc002-9565-4714-95f1-8fe7b33d6bd6 user=SA] after transaction
2025-09-04T02:11:18.666-03:00 DEBUG 12780 --- [           main] o.s.jdbc.support.JdbcTransactionManager  : Creating new transaction with name [null]: PROPAGATION_REQUIRED,ISOLATION_DEFAULT
2025-09-04T02:11:18.666-03:00 DEBUG 12780 --- [           main] o.s.jdbc.support.JdbcTransactionManager  : Acquired Connection [HikariProxyConnection@1439964037 wrapping conn10: url=jdbc:h2:mem:391fc002-9565-4714-95f1-8fe7b33d6bd6 user=SA] for JDBC transaction
2025-09-04T02:11:18.666-03:00 DEBUG 12780 --- [           main] o.s.jdbc.support.JdbcTransactionManager  : Switching JDBC Connection [HikariProxyConnection@1439964037 wrapping conn10: url=jdbc:h2:mem:391fc002-9565-4714-95f1-8fe7b33d6bd6 user=SA] to manual commit
2025-09-04T02:11:18.667-03:00 DEBUG 12780 --- [           main] o.s.jdbc.support.JdbcTransactionManager  : Initiating transaction commit
2025-09-04T02:11:18.667-03:00 DEBUG 12780 --- [           main] o.s.jdbc.support.JdbcTransactionManager  : Committing JDBC transaction on Connection [HikariProxyConnection@1439964037 wrapping conn10: url=jdbc:h2:mem:391fc002-9565-4714-95f1-8fe7b33d6bd6 user=SA]
2025-09-04T02:11:18.667-03:00 DEBUG 12780 --- [           main] o.s.jdbc.support.JdbcTransactionManager  : Releasing JDBC Connection [HikariProxyConnection@1439964037 wrapping conn10: url=jdbc:h2:mem:391fc002-9565-4714-95f1-8fe7b33d6bd6 user=SA] after transaction
2025-09-04T02:11:18.667-03:00 DEBUG 12780 --- [           main] o.s.jdbc.support.JdbcTransactionManager  : Creating new transaction with name [null]: PROPAGATION_REQUIRED,ISOLATION_DEFAULT
2025-09-04T02:11:18.667-03:00 DEBUG 12780 --- [           main] o.s.jdbc.support.JdbcTransactionManager  : Acquired Connection [HikariProxyConnection@487616955 wrapping conn10: url=jdbc:h2:mem:391fc002-9565-4714-95f1-8fe7b33d6bd6 user=SA] for JDBC transaction
2025-09-04T02:11:18.667-03:00 DEBUG 12780 --- [           main] o.s.jdbc.support.JdbcTransactionManager  : Switching JDBC Connection [HikariProxyConnection@487616955 wrapping conn10: url=jdbc:h2:mem:391fc002-9565-4714-95f1-8fe7b33d6bd6 user=SA] to manual commit
2025-09-04T02:11:18.667-03:00 DEBUG 12780 --- [           main] o.s.jdbc.support.JdbcTransactionManager  : Initiating transaction commit
2025-09-04T02:11:18.667-03:00 DEBUG 12780 --- [           main] o.s.jdbc.support.JdbcTransactionManager  : Committing JDBC transaction on Connection [HikariProxyConnection@487616955 wrapping conn10: url=jdbc:h2:mem:391fc002-9565-4714-95f1-8fe7b33d6bd6 user=SA]
2025-09-04T02:11:18.668-03:00 DEBUG 12780 --- [           main] o.s.jdbc.support.JdbcTransactionManager  : Releasing JDBC Connection [HikariProxyConnection@487616955 wrapping conn10: url=jdbc:h2:mem:391fc002-9565-4714-95f1-8fe7b33d6bd6 user=SA] after transaction
2025-09-04T02:11:18.668-03:00 DEBUG 12780 --- [           main] o.s.jdbc.support.JdbcTransactionManager  : Creating new transaction with name [null]: PROPAGATION_REQUIRED,ISOLATION_DEFAULT
2025-09-04T02:11:18.668-03:00 DEBUG 12780 --- [           main] o.s.jdbc.support.JdbcTransactionManager  : Acquired Connection [HikariProxyConnection@1250128746 wrapping conn10: url=jdbc:h2:mem:391fc002-9565-4714-95f1-8fe7b33d6bd6 user=SA] for JDBC transaction
2025-09-04T02:11:18.668-03:00 DEBUG 12780 --- [           main] o.s.jdbc.support.JdbcTransactionManager  : Switching JDBC Connection [HikariProxyConnection@1250128746 wrapping conn10: url=jdbc:h2:mem:391fc002-9565-4714-95f1-8fe7b33d6bd6 user=SA] to manual commit
2025-09-04T02:11:18.670-03:00 DEBUG 12780 --- [           main] o.s.jdbc.support.JdbcTransactionManager  : Initiating transaction commit
2025-09-04T02:11:18.670-03:00 DEBUG 12780 --- [           main] o.s.jdbc.support.JdbcTransactionManager  : Committing JDBC transaction on Connection [HikariProxyConnection@1250128746 wrapping conn10: url=jdbc:h2:mem:391fc002-9565-4714-95f1-8fe7b33d6bd6 user=SA]
2025-09-04T02:11:18.670-03:00 DEBUG 12780 --- [           main] o.s.jdbc.support.JdbcTransactionManager  : Releasing JDBC Connection [HikariProxyConnection@1250128746 wrapping conn10: url=jdbc:h2:mem:391fc002-9565-4714-95f1-8fe7b33d6bd6 user=SA] after transaction
2025-09-04T02:11:18.671-03:00 DEBUG 12780 --- [           main] o.s.jdbc.support.JdbcTransactionManager  : Creating new transaction with name [null]: PROPAGATION_REQUIRED,ISOLATION_DEFAULT
2025-09-04T02:11:18.671-03:00 DEBUG 12780 --- [           main] o.s.jdbc.support.JdbcTransactionManager  : Acquired Connection [HikariProxyConnection@579203723 wrapping conn10: url=jdbc:h2:mem:391fc002-9565-4714-95f1-8fe7b33d6bd6 user=SA] for JDBC transaction
2025-09-04T02:11:18.671-03:00 DEBUG 12780 --- [           main] o.s.jdbc.support.JdbcTransactionManager  : Switching JDBC Connection [HikariProxyConnection@579203723 wrapping conn10: url=jdbc:h2:mem:391fc002-9565-4714-95f1-8fe7b33d6bd6 user=SA] to manual commit
2025-09-04T02:11:18.719-03:00  WARN 12780 --- [           main] org.camunda.bpm.engine.util              : ENGINE-09004 Warnings during parsing: 
* Exclusive Gateway 'TipoTarefaSolicitadaGateway' has outgoing sequence flow 'OperacaoInvalidaSequenceFlow' without condition which is not the default flow. We assume it to be the default flow, but it is bad modeling practice, better set the default flow in your gateway. | resource /Users/marcelo/eclipse-workspace/AIC7Demo/target/classes/bpmn/process.bpmn
2025-09-04T02:11:18.724-03:00 DEBUG 12780 --- [           main] o.s.jdbc.support.JdbcTransactionManager  : Initiating transaction commit
2025-09-04T02:11:18.724-03:00 DEBUG 12780 --- [           main] o.s.jdbc.support.JdbcTransactionManager  : Committing JDBC transaction on Connection [HikariProxyConnection@579203723 wrapping conn10: url=jdbc:h2:mem:391fc002-9565-4714-95f1-8fe7b33d6bd6 user=SA]
2025-09-04T02:11:18.725-03:00 DEBUG 12780 --- [           main] o.s.jdbc.support.JdbcTransactionManager  : Releasing JDBC Connection [HikariProxyConnection@579203723 wrapping conn10: url=jdbc:h2:mem:391fc002-9565-4714-95f1-8fe7b33d6bd6 user=SA] after transaction
2025-09-04T02:11:18.736-03:00  INFO 12780 --- [           main] .c.b.s.b.s.r.CamundaJerseyResourceConfig : Configuring camunda rest api.
2025-09-04T02:11:18.737-03:00  INFO 12780 --- [           main] .c.b.s.b.s.r.CamundaJerseyResourceConfig : Finished configuring camunda rest api.
2025-09-04T02:11:18.874-03:00  INFO 12780 --- [           main] pmSpringSecurityDisableAutoConfiguration : Disabling Camunda Spring Security oauth2 integration
2025-09-04T02:11:18.897-03:00  INFO 12780 --- [           main] o.s.s.web.DefaultSecurityFilterChain     : Will secure any request with [org.springframework.security.web.session.DisableEncodeUrlFilter@3ae2721b, org.springframework.security.web.context.request.async.WebAsyncManagerIntegrationFilter@3065a6ee, org.springframework.security.web.context.SecurityContextHolderFilter@143a4506, org.springframework.security.web.header.HeaderWriterFilter@209db88a, org.springframework.security.web.authentication.logout.LogoutFilter@5dbae6f7, org.springframework.security.web.savedrequest.RequestCacheAwareFilter@706ff320, org.springframework.security.web.servletapi.SecurityContextHolderAwareRequestFilter@567a2954, org.springframework.security.web.authentication.AnonymousAuthenticationFilter@7d2fc711, org.springframework.security.web.access.ExceptionTranslationFilter@7e8b070e, org.springframework.security.web.access.intercept.AuthorizationFilter@55744b16]
2025-09-04T02:11:18.981-03:00  INFO 12780 --- [           main] o.s.b.a.h2.H2ConsoleAutoConfiguration    : H2 console available at '/h2-console'. Database available at 'jdbc:h2:mem:391fc002-9565-4714-95f1-8fe7b33d6bd6'
2025-09-04T02:11:18.995-03:00  INFO 12780 --- [           main] o.s.b.a.e.web.EndpointLinksResolver      : Exposing 2 endpoints beneath base path '/actuator'
2025-09-04T02:11:19.039-03:00  INFO 12780 --- [           main] c.m.w.c.ProcessControllerIntegrationTest : Started ProcessControllerIntegrationTest in 3.291 seconds (process running for 16.602)
2025-09-04T02:11:19.041-03:00  INFO 12780 --- [           main] org.camunda.bpm.engine.jobexecutor       : ENGINE-14014 Starting up the JobExecutor[org.camunda.bpm.engine.spring.components.jobexecutor.SpringJobExecutor].
2025-09-04T02:11:19.042-03:00  INFO 12780 --- [ingJobExecutor]] org.camunda.bpm.engine.jobexecutor       : ENGINE-14018 JobExecutor[org.camunda.bpm.engine.spring.components.jobexecutor.SpringJobExecutor] starting to acquire jobs
2025-09-04T02:11:19.042-03:00 DEBUG 12780 --- [ingJobExecutor]] o.s.jdbc.support.JdbcTransactionManager  : Creating new transaction with name [null]: PROPAGATION_REQUIRED,ISOLATION_DEFAULT
2025-09-04T02:11:19.042-03:00 DEBUG 12780 --- [ingJobExecutor]] o.s.jdbc.support.JdbcTransactionManager  : Acquired Connection [HikariProxyConnection@1294426133 wrapping conn10: url=jdbc:h2:mem:391fc002-9565-4714-95f1-8fe7b33d6bd6 user=SA] for JDBC transaction
2025-09-04T02:11:19.042-03:00 DEBUG 12780 --- [ingJobExecutor]] o.s.jdbc.support.JdbcTransactionManager  : Switching JDBC Connection [HikariProxyConnection@1294426133 wrapping conn10: url=jdbc:h2:mem:391fc002-9565-4714-95f1-8fe7b33d6bd6 user=SA] to manual commit
2025-09-04T02:11:19.045-03:00 DEBUG 12780 --- [ingJobExecutor]] o.s.jdbc.support.JdbcTransactionManager  : Initiating transaction commit
2025-09-04T02:11:19.045-03:00 DEBUG 12780 --- [ingJobExecutor]] o.s.jdbc.support.JdbcTransactionManager  : Committing JDBC transaction on Connection [HikariProxyConnection@1294426133 wrapping conn10: url=jdbc:h2:mem:391fc002-9565-4714-95f1-8fe7b33d6bd6 user=SA]
2025-09-04T02:11:19.045-03:00 DEBUG 12780 --- [ingJobExecutor]] o.s.jdbc.support.JdbcTransactionManager  : Releasing JDBC Connection [HikariProxyConnection@1294426133 wrapping conn10: url=jdbc:h2:mem:391fc002-9565-4714-95f1-8fe7b33d6bd6 user=SA] after transaction
2025-09-04T02:11:19.057-03:00  INFO 12780 --- [           main] o.s.b.t.m.w.SpringBootMockServletContext : Initializing Spring TestDispatcherServlet ''
2025-09-04T02:11:19.057-03:00  INFO 12780 --- [           main] o.s.t.web.servlet.TestDispatcherServlet  : Initializing Servlet ''
2025-09-04T02:11:19.059-03:00  INFO 12780 --- [           main] o.s.t.web.servlet.TestDispatcherServlet  : Completed initialization in 1 ms
]]></system-out>
  </testcase>
  <testcase name="testStartProcess_MissingIdForRead_ShouldReturn400" classname="com.mls.workflow.controller.ProcessControllerIntegrationTest" time="0.012">
    <error message="Request processing failed: java.lang.NullPointerException: Cannot invoke &quot;org.camunda.bpm.engine.runtime.ProcessInstance.getId()&quot; because &quot;processInstance&quot; is null" type="jakarta.servlet.ServletException"><![CDATA[jakarta.servlet.ServletException: Request processing failed: java.lang.NullPointerException: Cannot invoke "org.camunda.bpm.engine.runtime.ProcessInstance.getId()" because "processInstance" is null
	at org.springframework.web.servlet.FrameworkServlet.processRequest(FrameworkServlet.java:1022)
	at org.springframework.web.servlet.FrameworkServlet.doPost(FrameworkServlet.java:914)
	at jakarta.servlet.http.HttpServlet.service(HttpServlet.java:590)
	at org.springframework.web.servlet.FrameworkServlet.service(FrameworkServlet.java:885)
	at org.springframework.test.web.servlet.TestDispatcherServlet.service(TestDispatcherServlet.java:72)
	at jakarta.servlet.http.HttpServlet.service(HttpServlet.java:658)
	at org.springframework.mock.web.MockFilterChain$ServletFilterProxy.doFilter(MockFilterChain.java:165)
	at org.springframework.mock.web.MockFilterChain.doFilter(MockFilterChain.java:132)
	at org.springframework.test.web.servlet.MockMvc.perform(MockMvc.java:201)
	at com.mls.workflow.controller.ProcessControllerIntegrationTest.testStartProcess_MissingIdForRead_ShouldReturn400(ProcessControllerIntegrationTest.java:45)
	at java.base/java.lang.reflect.Method.invoke(Method.java:565)
	at java.base/java.util.ArrayList.forEach(ArrayList.java:1604)
	at java.base/java.util.ArrayList.forEach(ArrayList.java:1604)
Caused by: java.lang.NullPointerException: Cannot invoke "org.camunda.bpm.engine.runtime.ProcessInstance.getId()" because "processInstance" is null
	at com.mls.workflow.controller.ProcessController.startProcess(ProcessController.java:65)
	at java.base/jdk.internal.reflect.DirectMethodHandleAccessor.invoke(DirectMethodHandleAccessor.java:104)
	at java.base/java.lang.reflect.Method.invoke(Method.java:565)
	at org.springframework.web.method.support.InvocableHandlerMethod.doInvoke(InvocableHandlerMethod.java:255)
	at org.springframework.web.method.support.InvocableHandlerMethod.invokeForRequest(InvocableHandlerMethod.java:188)
	at org.springframework.web.servlet.mvc.method.annotation.ServletInvocableHandlerMethod.invokeAndHandle(ServletInvocableHandlerMethod.java:118)
	at org.springframework.web.servlet.mvc.method.annotation.RequestMappingHandlerAdapter.invokeHandlerMethod(RequestMappingHandlerAdapter.java:926)
	at org.springframework.web.servlet.mvc.method.annotation.RequestMappingHandlerAdapter.handleInternal(RequestMappingHandlerAdapter.java:831)
	at org.springframework.web.servlet.mvc.method.AbstractHandlerMethodAdapter.handle(AbstractHandlerMethodAdapter.java:87)
	at org.springframework.web.servlet.DispatcherServlet.doDispatch(DispatcherServlet.java:1089)
	at org.springframework.web.servlet.DispatcherServlet.doService(DispatcherServlet.java:979)
	at org.springframework.web.servlet.FrameworkServlet.processRequest(FrameworkServlet.java:1014)
	... 12 more
]]></error>
    <system-out><![CDATA[2025-09-04T02:11:19.190-03:00  INFO 12780 --- [           main] o.s.b.t.m.w.SpringBootMockServletContext : Initializing Spring TestDispatcherServlet ''
2025-09-04T02:11:19.190-03:00  INFO 12780 --- [           main] o.s.t.web.servlet.TestDispatcherServlet  : Initializing Servlet ''
2025-09-04T02:11:19.192-03:00  INFO 12780 --- [           main] o.s.t.web.servlet.TestDispatcherServlet  : Completed initialization in 1 ms
]]></system-out>
  </testcase>
</testsuite>